* installing *source* package ‘ACME’ ...
** using staged installation
** libs
gcc -I"/usr/local/lib/R/include" -DNDEBUG   -I/usr/local/include   -fpic  -g -O2 -fstack-protector-strong -Wformat -Werror=format-security -Wdate-time -D_FORTIFY_SOURCE=2 -g  -c windowChisq.c -o windowChisq.o
windowChisq.c:86:20: warning: initialization of ‘void * (*)()’ from incompatible pointer type ‘struct SEXPREC * (*)(struct SEXPREC *, struct SEXPREC *, struct SEXPREC *, struct SEXPREC *, struct SEXPREC *)’ [-Wincompatible-pointer-types]
   86 |     {"windowChisq",&windowChisq,5},
      |                    ^
windowChisq.c:86:20: note: (near initialization for ‘callMethods[0].fun’)
gcc -shared -L/usr/local/lib/R/lib -L/usr/local/lib -o ACME.so windowChisq.o -L/usr/local/lib/R/lib -lR
installing to /__w/gha-build/gha-build/built/00LOCK-ACME/00new/ACME/libs
** R
** data
** inst
** byte-compile and prepare package for lazy loading
** help
*** installing help indices
** building package indices
** installing vignettes
** testing if installed package can be loaded from temporary location
** checking absolute paths in shared objects and dynamic libraries
** testing if installed package can be loaded from final location
** testing if installed package keeps a record of temporary installation path
* creating tarball
packaged installation of ‘ACME’ as ‘ACME_2.52.0_R_x86_64-pc-linux-gnu.tar.gz’
* DONE (ACME)
