* installing *source* package ‘affyContam’ ...
** using staged installation
** R
** inst
** byte-compile and prepare package for lazy loading
     Package    LibPath                          Item      
[1,] "affydata" "/__w/gha-build/gha-build/built" "Dilution"
     Title                        
[1,] "AffyBatch instance Dilution"
** help
*** installing help indices
** building package indices
** installing vignettes
** testing if installed package can be loaded from temporary location
     Package    LibPath                          Item      
[1,] "affydata" "/__w/gha-build/gha-build/built" "Dilution"
     Title                        
[1,] "AffyBatch instance Dilution"
** testing if installed package can be loaded from final location
     Package    LibPath                          Item      
[1,] "affydata" "/__w/gha-build/gha-build/built" "Dilution"
     Title                        
[1,] "AffyBatch instance Dilution"
** testing if installed package keeps a record of temporary installation path
* creating tarball
packaged installation of ‘affyContam’ as ‘affyContam_1.54.0_R_x86_64-pc-linux-gnu.tar.gz’
* DONE (affyContam)
