* installing *source* package ‘affylmGUI’ ...
** using staged installation
** R
** inst
** byte-compile and prepare package for lazy loading
Warning: no DISPLAY variable so Tk is not available
Warning: loading Rplot failed
** help
*** installing help indices
** building package indices
** installing vignettes
** testing if installed package can be loaded from temporary location
Warning: no DISPLAY variable so Tk is not available
Warning: loading Rplot failed
** testing if installed package can be loaded from final location
Warning: no DISPLAY variable so Tk is not available
Warning: loading Rplot failed
** testing if installed package keeps a record of temporary installation path
* creating tarball
packaged installation of ‘affylmGUI’ as ‘affylmGUI_1.70.0_R_x86_64-pc-linux-gnu.tar.gz’
* DONE (affylmGUI)
