* installing *source* package ‘AneuFinder’ ...
** using staged installation
** libs
g++ -std=gnu++14 -I"/usr/local/lib/R/include" -DNDEBUG   -I/usr/local/include   -fpic  -g -O2 -fstack-protector-strong -Wformat -Werror=format-security -Wdate-time -D_FORTIFY_SOURCE=2 -g  -c R_interface.cpp -o R_interface.o
g++ -std=gnu++14 -I"/usr/local/lib/R/include" -DNDEBUG   -I/usr/local/include   -fpic  -g -O2 -fstack-protector-strong -Wformat -Werror=format-security -Wdate-time -D_FORTIFY_SOURCE=2 -g  -c densities.cpp -o densities.o
g++ -std=gnu++14 -I"/usr/local/lib/R/include" -DNDEBUG   -I/usr/local/include   -fpic  -g -O2 -fstack-protector-strong -Wformat -Werror=format-security -Wdate-time -D_FORTIFY_SOURCE=2 -g  -c init.cpp -o init.o
g++ -std=gnu++14 -I"/usr/local/lib/R/include" -DNDEBUG   -I/usr/local/include   -fpic  -g -O2 -fstack-protector-strong -Wformat -Werror=format-security -Wdate-time -D_FORTIFY_SOURCE=2 -g  -c loghmm.cpp -o loghmm.o
g++ -std=gnu++14 -I"/usr/local/lib/R/include" -DNDEBUG   -I/usr/local/include   -fpic  -g -O2 -fstack-protector-strong -Wformat -Werror=format-security -Wdate-time -D_FORTIFY_SOURCE=2 -g  -c scalehmm.cpp -o scalehmm.o
g++ -std=gnu++14 -I"/usr/local/lib/R/include" -DNDEBUG   -I/usr/local/include   -fpic  -g -O2 -fstack-protector-strong -Wformat -Werror=format-security -Wdate-time -D_FORTIFY_SOURCE=2 -g  -c utility.cpp -o utility.o
g++ -std=gnu++14 -shared -L/usr/local/lib/R/lib -L/usr/local/lib -o AneuFinder.so R_interface.o densities.o init.o loghmm.o scalehmm.o utility.o -L/usr/local/lib/R/lib -lR
installing to /__w/gha-build/gha-build/built/00LOCK-AneuFinder/00new/AneuFinder/libs
** R
** inst
** byte-compile and prepare package for lazy loading
** help
*** installing help indices
** building package indices
** installing vignettes
** testing if installed package can be loaded from temporary location
** checking absolute paths in shared objects and dynamic libraries
** testing if installed package can be loaded from final location
** testing if installed package keeps a record of temporary installation path
* creating tarball
packaged installation of ‘AneuFinder’ as ‘AneuFinder_1.24.0_R_x86_64-pc-linux-gnu.tar.gz’
* DONE (AneuFinder)
