* installing *source* package ‘ArrayExpressHTS’ ...
** using staged installation
** libs
gcc -I"/usr/local/lib/R/include" -DNDEBUG -D_FILE_OFFSET_BITS=64 -I'/__w/gha-build/gha-build/built/Rhtslib/include' -I/usr/local/include   -fpic  -g -O2 -fstack-protector-strong -Wformat -Werror=format-security -Wdate-time -D_FORTIFY_SOURCE=2 -g  -c addXS.c -o addXS.o
addXS.c: In function ‘addXS’:
addXS.c:42:5: warning: implicit declaration of function ‘Rprintf’; did you mean ‘dprintf’? [-Wimplicit-function-declaration]
   42 |     Rprintf("What?\n");
      |     ^~~~~~~
      |     dprintf
In file included from /usr/include/string.h:495,
                 from addXS.c:7:
In function ‘strncpy’,
    inlined from ‘pastefield’ at addXS.c:17:5:
/usr/include/x86_64-linux-gnu/bits/string_fortified.h:106:10: warning: ‘__builtin_strncpy’ specified bound depends on the length of the source argument [-Wstringop-overflow=]
  106 |   return __builtin___strncpy_chk (__dest, __src, __len, __bos (__dest));
      |          ^~~~~~~~~~~~~~~~~~~~~~~~~~~~~~~~~~~~~~~~~~~~~~~~~~~~~~~~~~~~~~
addXS.c: In function ‘pastefield’:
addXS.c:14:19: note: length computed here
   14 |     int length1 = strlen(text1);
      |                   ^~~~~~~~~~~~~
gcc -I"/usr/local/lib/R/include" -DNDEBUG -D_FILE_OFFSET_BITS=64 -I'/__w/gha-build/gha-build/built/Rhtslib/include' -I/usr/local/include   -fpic  -g -O2 -fstack-protector-strong -Wformat -Werror=format-security -Wdate-time -D_FORTIFY_SOURCE=2 -g  -c bam_plbuf.c -o bam_plbuf.o
gcc -I"/usr/local/lib/R/include" -DNDEBUG -D_FILE_OFFSET_BITS=64 -I'/__w/gha-build/gha-build/built/Rhtslib/include' -I/usr/local/include   -fpic  -g -O2 -fstack-protector-strong -Wformat -Werror=format-security -Wdate-time -D_FORTIFY_SOURCE=2 -g  -c fltbam.c -o fltbam.o
fltbam.c: In function ‘print_key’:
fltbam.c:45:5: warning: implicit declaration of function ‘Rprintf’; did you mean ‘dprintf’? [-Wimplicit-function-declaration]
   45 |     Rprintf("ID: %s, %d\n", k->str, k->length);
      |     ^~~~~~~
      |     dprintf
fltbam.c: In function ‘fltbam’:
fltbam.c:91:9: warning: implicit declaration of function ‘Rf_error’; did you mean ‘ferror’? [-Wimplicit-function-declaration]
   91 |         Rf_error("Fail to open BAM file %s\n", argv[1]);
      |         ^~~~~~~~
      |         ferror
In file included from fltbam.c:4:
fltbam.c: At top level:
hashtable_itr.h:46:1: warning: inline function ‘hashtable_iterator_value’ declared but never defined
   46 | hashtable_iterator_value(struct hashtable_itr *i);
      | ^~~~~~~~~~~~~~~~~~~~~~~~
hashtable_itr.h:32:1: warning: inline function ‘hashtable_iterator_key’ declared but never defined
   32 | hashtable_iterator_key(struct hashtable_itr *i);
      | ^~~~~~~~~~~~~~~~~~~~~~
gcc -I"/usr/local/lib/R/include" -DNDEBUG -D_FILE_OFFSET_BITS=64 -I'/__w/gha-build/gha-build/built/Rhtslib/include' -I/usr/local/include   -fpic  -g -O2 -fstack-protector-strong -Wformat -Werror=format-security -Wdate-time -D_FORTIFY_SOURCE=2 -g  -c functions.c -o functions.o
functions.c: In function ‘getReadLength’:
functions.c:29:9: warning: ignoring return value of ‘fgets’, declared with attribute warn_unused_result [-Wunused-result]
   29 |         fgets(line, sizeof(line), infile); // read first line and discard it
      |         ^~~~~~~~~~~~~~~~~~~~~~~~~~~~~~~~~
functions.c:30:9: warning: ignoring return value of ‘fgets’, declared with attribute warn_unused_result [-Wunused-result]
   30 |         fgets(line, sizeof(line), infile); // read second line and check its length
      |         ^~~~~~~~~~~~~~~~~~~~~~~~~~~~~~~~~
functions.c: In function ‘checkQuality’:
functions.c:68:13: warning: ignoring return value of ‘fgets’, declared with attribute warn_unused_result [-Wunused-result]
   68 |             fgets(line, sizeof(line), infile); // read first line and discard it
      |             ^~~~~~~~~~~~~~~~~~~~~~~~~~~~~~~~~
functions.c:69:13: warning: ignoring return value of ‘fgets’, declared with attribute warn_unused_result [-Wunused-result]
   69 |             fgets(line, sizeof(line), infile); // read second line
      |             ^~~~~~~~~~~~~~~~~~~~~~~~~~~~~~~~~
functions.c:70:13: warning: ignoring return value of ‘fgets’, declared with attribute warn_unused_result [-Wunused-result]
   70 |             fgets(line, sizeof(line), infile); // read third line
      |             ^~~~~~~~~~~~~~~~~~~~~~~~~~~~~~~~~
functions.c:71:13: warning: ignoring return value of ‘fgets’, declared with attribute warn_unused_result [-Wunused-result]
   71 |             fgets(line, sizeof(line), infile); // and forth line
      |             ^~~~~~~~~~~~~~~~~~~~~~~~~~~~~~~~~
gcc -I"/usr/local/lib/R/include" -DNDEBUG -D_FILE_OFFSET_BITS=64 -I'/__w/gha-build/gha-build/built/Rhtslib/include' -I/usr/local/include   -fpic  -g -O2 -fstack-protector-strong -Wformat -Werror=format-security -Wdate-time -D_FORTIFY_SOURCE=2 -g  -c hashtable.c -o hashtable.o
gcc -I"/usr/local/lib/R/include" -DNDEBUG -D_FILE_OFFSET_BITS=64 -I'/__w/gha-build/gha-build/built/Rhtslib/include' -I/usr/local/include   -fpic  -g -O2 -fstack-protector-strong -Wformat -Werror=format-security -Wdate-time -D_FORTIFY_SOURCE=2 -g  -c hashtable_itr.c -o hashtable_itr.o
gcc -I"/usr/local/lib/R/include" -DNDEBUG -D_FILE_OFFSET_BITS=64 -I'/__w/gha-build/gha-build/built/Rhtslib/include' -I/usr/local/include   -fpic  -g -O2 -fstack-protector-strong -Wformat -Werror=format-security -Wdate-time -D_FORTIFY_SOURCE=2 -g  -c hashtable_utility.c -o hashtable_utility.o
gcc -I"/usr/local/lib/R/include" -DNDEBUG -D_FILE_OFFSET_BITS=64 -I'/__w/gha-build/gha-build/built/Rhtslib/include' -I/usr/local/include   -fpic  -g -O2 -fstack-protector-strong -Wformat -Werror=format-security -Wdate-time -D_FORTIFY_SOURCE=2 -g  -c sam.c -o sam.o
gcc -shared -L/usr/local/lib/R/lib -L/usr/local/lib -o ArrayExpressHTS.so addXS.o bam_plbuf.o fltbam.o functions.o hashtable.o hashtable_itr.o hashtable_utility.o sam.o /__w/gha-build/gha-build/built/Rhtslib/usrlib/libhts.a -lcurl -L/usr/local/lib/R/lib -lR
installing to /__w/gha-build/gha-build/built/00LOCK-ArrayExpressHTS/00new/ArrayExpressHTS/libs
** R
** inst
** byte-compile and prepare package for lazy loading
No methods found in package ‘Biobase’ for request: ‘read.AnnotatedDataFrame’ when loading ‘ArrayExpressHTS’
No methods found in package ‘IRanges’ for requests: ‘Rle’, ‘subseq’ when loading ‘ArrayExpressHTS’
** help
*** installing help indices
** building package indices
** installing vignettes
** testing if installed package can be loaded from temporary location
No methods found in package ‘Biobase’ for request: ‘read.AnnotatedDataFrame’ when loading ‘ArrayExpressHTS’
No methods found in package ‘IRanges’ for requests: ‘Rle’, ‘subseq’ when loading ‘ArrayExpressHTS’
Mon Sep 12 19:47:10 2022 [AEHTS] Setting Options Step 1
Mon Sep 12 19:47:10 2022 [AEHTS] Setting Options Step 2
Mon Sep 12 19:47:10 2022 [AEHTS] Setting Options Step 3
Mon Sep 12 19:47:10 2022 [AEHTS] *** WARNING ***
Mon Sep 12 19:47:10 2022 [AEHTS] 
Mon Sep 12 19:47:10 2022 [AEHTS]     fasta_formatter not found
Mon Sep 12 19:47:10 2022 [AEHTS] 
Mon Sep 12 19:47:10 2022 [AEHTS] Use options('ArrayExpressHTS.fasta_formatter' = '/path/to/fasta_formatter') to define the location.
Mon Sep 12 19:47:10 2022 [AEHTS] Use .Rprofile to make options persistent.
Mon Sep 12 19:47:10 2022 [AEHTS] 
Mon Sep 12 19:47:10 2022 [AEHTS] *** WARNING ***
Mon Sep 12 19:47:10 2022 [AEHTS] 
Mon Sep 12 19:47:10 2022 [AEHTS]     cufflinks not found
Mon Sep 12 19:47:10 2022 [AEHTS] 
Mon Sep 12 19:47:10 2022 [AEHTS] Use options('ArrayExpressHTS.cufflinks' = '/path/to/cufflinks') to define the location.
Mon Sep 12 19:47:10 2022 [AEHTS] Use .Rprofile to make options persistent.
Mon Sep 12 19:47:10 2022 [AEHTS] 
Mon Sep 12 19:47:10 2022 [AEHTS] *** WARNING ***
Mon Sep 12 19:47:10 2022 [AEHTS] 
Mon Sep 12 19:47:10 2022 [AEHTS]     samtools not found
Mon Sep 12 19:47:10 2022 [AEHTS] 
Mon Sep 12 19:47:10 2022 [AEHTS] Use options('ArrayExpressHTS.samtools' = '/path/to/samtools') to define the location.
Mon Sep 12 19:47:10 2022 [AEHTS] Use .Rprofile to make options persistent.
Mon Sep 12 19:47:10 2022 [AEHTS] 
Mon Sep 12 19:47:10 2022 [AEHTS] *** WARNING ***
Mon Sep 12 19:47:10 2022 [AEHTS] 
Mon Sep 12 19:47:10 2022 [AEHTS]     bwa not found
Mon Sep 12 19:47:10 2022 [AEHTS] 
Mon Sep 12 19:47:10 2022 [AEHTS] Use options('ArrayExpressHTS.bwa' = '/path/to/bwa') to define the location.
Mon Sep 12 19:47:10 2022 [AEHTS] Use .Rprofile to make options persistent.
Mon Sep 12 19:47:10 2022 [AEHTS] 
Mon Sep 12 19:47:10 2022 [AEHTS] *** WARNING ***
Mon Sep 12 19:47:10 2022 [AEHTS] 
Mon Sep 12 19:47:10 2022 [AEHTS]     mmseq not found
Mon Sep 12 19:47:10 2022 [AEHTS] 
Mon Sep 12 19:47:10 2022 [AEHTS] Use options('ArrayExpressHTS.mmseq' = '/path/to/mmseq') to define the location.
Mon Sep 12 19:47:10 2022 [AEHTS] Use .Rprofile to make options persistent.
Mon Sep 12 19:47:10 2022 [AEHTS] 
Mon Sep 12 19:47:10 2022 [AEHTS] *** WARNING ***
Mon Sep 12 19:47:10 2022 [AEHTS] 
Mon Sep 12 19:47:10 2022 [AEHTS]     bam2hits not found
Mon Sep 12 19:47:10 2022 [AEHTS] 
Mon Sep 12 19:47:10 2022 [AEHTS] Use options('ArrayExpressHTS.bam2hits' = '/path/to/bam2hits') to define the location.
Mon Sep 12 19:47:10 2022 [AEHTS] Use .Rprofile to make options persistent.
Mon Sep 12 19:47:10 2022 [AEHTS] 
Mon Sep 12 19:47:10 2022 [AEHTS] *** WARNING ***
Mon Sep 12 19:47:10 2022 [AEHTS] 
Mon Sep 12 19:47:10 2022 [AEHTS]     bowtie not found
Mon Sep 12 19:47:10 2022 [AEHTS] 
Mon Sep 12 19:47:10 2022 [AEHTS] Use options('ArrayExpressHTS.bowtie' = '/path/to/bowtie') to define the location.
Mon Sep 12 19:47:10 2022 [AEHTS] Use .Rprofile to make options persistent.
Mon Sep 12 19:47:10 2022 [AEHTS] 
Mon Sep 12 19:47:10 2022 [AEHTS] *** WARNING ***
Mon Sep 12 19:47:10 2022 [AEHTS] 
Mon Sep 12 19:47:10 2022 [AEHTS]     tophat not found
Mon Sep 12 19:47:10 2022 [AEHTS] 
Mon Sep 12 19:47:10 2022 [AEHTS] Use options('ArrayExpressHTS.tophat' = '/path/to/tophat') to define the location.
Mon Sep 12 19:47:10 2022 [AEHTS] Use .Rprofile to make options persistent.
Mon Sep 12 19:47:10 2022 [AEHTS] 
** checking absolute paths in shared objects and dynamic libraries
** testing if installed package can be loaded from final location
No methods found in package ‘Biobase’ for request: ‘read.AnnotatedDataFrame’ when loading ‘ArrayExpressHTS’
No methods found in package ‘IRanges’ for requests: ‘Rle’, ‘subseq’ when loading ‘ArrayExpressHTS’
Mon Sep 12 19:47:21 2022 [AEHTS] Setting Options Step 1
Mon Sep 12 19:47:21 2022 [AEHTS] Setting Options Step 2
Mon Sep 12 19:47:21 2022 [AEHTS] Setting Options Step 3
Mon Sep 12 19:47:21 2022 [AEHTS] *** WARNING ***
Mon Sep 12 19:47:21 2022 [AEHTS] 
Mon Sep 12 19:47:21 2022 [AEHTS]     fasta_formatter not found
Mon Sep 12 19:47:21 2022 [AEHTS] 
Mon Sep 12 19:47:21 2022 [AEHTS] Use options('ArrayExpressHTS.fasta_formatter' = '/path/to/fasta_formatter') to define the location.
Mon Sep 12 19:47:21 2022 [AEHTS] Use .Rprofile to make options persistent.
Mon Sep 12 19:47:21 2022 [AEHTS] 
Mon Sep 12 19:47:21 2022 [AEHTS] *** WARNING ***
Mon Sep 12 19:47:21 2022 [AEHTS] 
Mon Sep 12 19:47:21 2022 [AEHTS]     cufflinks not found
Mon Sep 12 19:47:21 2022 [AEHTS] 
Mon Sep 12 19:47:21 2022 [AEHTS] Use options('ArrayExpressHTS.cufflinks' = '/path/to/cufflinks') to define the location.
Mon Sep 12 19:47:21 2022 [AEHTS] Use .Rprofile to make options persistent.
Mon Sep 12 19:47:21 2022 [AEHTS] 
Mon Sep 12 19:47:21 2022 [AEHTS] *** WARNING ***
Mon Sep 12 19:47:21 2022 [AEHTS] 
Mon Sep 12 19:47:21 2022 [AEHTS]     samtools not found
Mon Sep 12 19:47:21 2022 [AEHTS] 
Mon Sep 12 19:47:21 2022 [AEHTS] Use options('ArrayExpressHTS.samtools' = '/path/to/samtools') to define the location.
Mon Sep 12 19:47:21 2022 [AEHTS] Use .Rprofile to make options persistent.
Mon Sep 12 19:47:21 2022 [AEHTS] 
Mon Sep 12 19:47:21 2022 [AEHTS] *** WARNING ***
Mon Sep 12 19:47:21 2022 [AEHTS] 
Mon Sep 12 19:47:21 2022 [AEHTS]     bwa not found
Mon Sep 12 19:47:21 2022 [AEHTS] 
Mon Sep 12 19:47:21 2022 [AEHTS] Use options('ArrayExpressHTS.bwa' = '/path/to/bwa') to define the location.
Mon Sep 12 19:47:21 2022 [AEHTS] Use .Rprofile to make options persistent.
Mon Sep 12 19:47:21 2022 [AEHTS] 
Mon Sep 12 19:47:21 2022 [AEHTS] *** WARNING ***
Mon Sep 12 19:47:21 2022 [AEHTS] 
Mon Sep 12 19:47:21 2022 [AEHTS]     mmseq not found
Mon Sep 12 19:47:21 2022 [AEHTS] 
Mon Sep 12 19:47:21 2022 [AEHTS] Use options('ArrayExpressHTS.mmseq' = '/path/to/mmseq') to define the location.
Mon Sep 12 19:47:21 2022 [AEHTS] Use .Rprofile to make options persistent.
Mon Sep 12 19:47:21 2022 [AEHTS] 
Mon Sep 12 19:47:21 2022 [AEHTS] *** WARNING ***
Mon Sep 12 19:47:21 2022 [AEHTS] 
Mon Sep 12 19:47:21 2022 [AEHTS]     bam2hits not found
Mon Sep 12 19:47:21 2022 [AEHTS] 
Mon Sep 12 19:47:21 2022 [AEHTS] Use options('ArrayExpressHTS.bam2hits' = '/path/to/bam2hits') to define the location.
Mon Sep 12 19:47:21 2022 [AEHTS] Use .Rprofile to make options persistent.
Mon Sep 12 19:47:21 2022 [AEHTS] 
Mon Sep 12 19:47:21 2022 [AEHTS] *** WARNING ***
Mon Sep 12 19:47:21 2022 [AEHTS] 
Mon Sep 12 19:47:21 2022 [AEHTS]     bowtie not found
Mon Sep 12 19:47:21 2022 [AEHTS] 
Mon Sep 12 19:47:21 2022 [AEHTS] Use options('ArrayExpressHTS.bowtie' = '/path/to/bowtie') to define the location.
Mon Sep 12 19:47:21 2022 [AEHTS] Use .Rprofile to make options persistent.
Mon Sep 12 19:47:21 2022 [AEHTS] 
Mon Sep 12 19:47:21 2022 [AEHTS] *** WARNING ***
Mon Sep 12 19:47:21 2022 [AEHTS] 
Mon Sep 12 19:47:21 2022 [AEHTS]     tophat not found
Mon Sep 12 19:47:21 2022 [AEHTS] 
Mon Sep 12 19:47:21 2022 [AEHTS] Use options('ArrayExpressHTS.tophat' = '/path/to/tophat') to define the location.
Mon Sep 12 19:47:21 2022 [AEHTS] Use .Rprofile to make options persistent.
Mon Sep 12 19:47:21 2022 [AEHTS] 
** testing if installed package keeps a record of temporary installation path
* creating tarball
packaged installation of ‘ArrayExpressHTS’ as ‘ArrayExpressHTS_1.46.0_R_x86_64-pc-linux-gnu.tar.gz’
* DONE (ArrayExpressHTS)
