* installing *source* package ‘atSNP’ ...
** using staged installation
** libs
g++ -std=gnu++14 -I"/usr/local/lib/R/include" -DNDEBUG  -I'/__w/gha-build/gha-build/built/Rcpp/include' -I/usr/local/include   -fpic  -g -O2 -fstack-protector-strong -Wformat -Werror=format-security -Wdate-time -D_FORTIFY_SOURCE=2 -g  -c ImportanceSample.cpp -o ImportanceSample.o
g++ -std=gnu++14 -I"/usr/local/lib/R/include" -DNDEBUG  -I'/__w/gha-build/gha-build/built/Rcpp/include' -I/usr/local/include   -fpic  -g -O2 -fstack-protector-strong -Wformat -Werror=format-security -Wdate-time -D_FORTIFY_SOURCE=2 -g  -c ImportanceSampleChange.cpp -o ImportanceSampleChange.o
g++ -std=gnu++14 -I"/usr/local/lib/R/include" -DNDEBUG  -I'/__w/gha-build/gha-build/built/Rcpp/include' -I/usr/local/include   -fpic  -g -O2 -fstack-protector-strong -Wformat -Werror=format-security -Wdate-time -D_FORTIFY_SOURCE=2 -g  -c ImportanceSampleDiff.cpp -o ImportanceSampleDiff.o
g++ -std=gnu++14 -I"/usr/local/lib/R/include" -DNDEBUG  -I'/__w/gha-build/gha-build/built/Rcpp/include' -I/usr/local/include   -fpic  -g -O2 -fstack-protector-strong -Wformat -Werror=format-security -Wdate-time -D_FORTIFY_SOURCE=2 -g  -c MotifScore.cpp -o MotifScore.o
g++ -std=gnu++14 -shared -L/usr/local/lib/R/lib -L/usr/local/lib -o atSNP.so ImportanceSample.o ImportanceSampleChange.o ImportanceSampleDiff.o MotifScore.o -L/usr/local/lib/R/lib -lR
installing to /__w/gha-build/gha-build/built/00LOCK-atSNP/00new/atSNP/libs
** R
** data
** inst
** byte-compile and prepare package for lazy loading
** help
*** installing help indices
** building package indices
** installing vignettes
** testing if installed package can be loaded from temporary location
** checking absolute paths in shared objects and dynamic libraries
** testing if installed package can be loaded from final location
** testing if installed package keeps a record of temporary installation path
* creating tarball
packaged installation of ‘atSNP’ as ‘atSNP_1.12.0_R_x86_64-pc-linux-gnu.tar.gz’
* DONE (atSNP)
