* installing *source* package ‘bigmemory’ ...
** package ‘bigmemory’ successfully unpacked and MD5 sums checked
** using staged installation
  checking for Sun Studio compiler...
no
  checking for OS...
Linux
** libs
g++ -std=gnu++14 -I"/usr/local/lib/R/include" -DNDEBUG -I../inst/include -DLINUX -I'/__w/gha-build/gha-build/built/BH/include' -I'/__w/gha-build/gha-build/built/uuid/include' -I'/usr/local/lib/R/site-library/Rcpp/include' -I/usr/local/include   -fpic  -g -O2 -fstack-protector-strong -Wformat -Werror=format-security -Wdate-time -D_FORTIFY_SOURCE=2 -g  -c BigMatrix.cpp -o BigMatrix.o
In file included from /__w/gha-build/gha-build/built/BH/include/boost/smart_ptr/shared_ptr.hpp:17,
                 from /__w/gha-build/gha-build/built/BH/include/boost/shared_ptr.hpp:17,
                 from ../inst/include/bigmemory/BigMatrix.h:10,
                 from BigMatrix.cpp:22:
/__w/gha-build/gha-build/built/BH/include/boost/smart_ptr/detail/shared_count.hpp:361:33: warning: ‘template<class> class std::auto_ptr’ is deprecated [-Wdeprecated-declarations]
  361 |     explicit shared_count( std::auto_ptr<Y> & r ): pi_( new sp_counted_impl_p<Y>( r.get() ) )
      |                                 ^~~~~~~~
In file included from /usr/include/c++/9/bits/locale_conv.h:41,
                 from /usr/include/c++/9/locale:43,
                 from /usr/include/c++/9/iomanip:43,
                 from /usr/local/lib/R/site-library/Rcpp/include/RcppCommon.h:53,
                 from /usr/local/lib/R/site-library/Rcpp/include/Rcpp.h:27,
                 from BigMatrix.cpp:11:
/usr/include/c++/9/bits/unique_ptr.h:53:28: note: declared here
   53 |   template<typename> class auto_ptr;
      |                            ^~~~~~~~
In file included from /__w/gha-build/gha-build/built/BH/include/boost/shared_ptr.hpp:17,
                 from ../inst/include/bigmemory/BigMatrix.h:10,
                 from BigMatrix.cpp:22:
/__w/gha-build/gha-build/built/BH/include/boost/smart_ptr/shared_ptr.hpp:250:65: warning: ‘template<class> class std::auto_ptr’ is deprecated [-Wdeprecated-declarations]
  250 | template< class T, class R > struct sp_enable_if_auto_ptr< std::auto_ptr< T >, R >
      |                                                                 ^~~~~~~~
In file included from /usr/include/c++/9/bits/locale_conv.h:41,
                 from /usr/include/c++/9/locale:43,
                 from /usr/include/c++/9/iomanip:43,
                 from /usr/local/lib/R/site-library/Rcpp/include/RcppCommon.h:53,
                 from /usr/local/lib/R/site-library/Rcpp/include/Rcpp.h:27,
                 from BigMatrix.cpp:11:
/usr/include/c++/9/bits/unique_ptr.h:53:28: note: declared here
   53 |   template<typename> class auto_ptr;
      |                            ^~~~~~~~
In file included from /__w/gha-build/gha-build/built/BH/include/boost/shared_ptr.hpp:17,
                 from ../inst/include/bigmemory/BigMatrix.h:10,
                 from BigMatrix.cpp:22:
/__w/gha-build/gha-build/built/BH/include/boost/smart_ptr/shared_ptr.hpp:507:31: warning: ‘template<class> class std::auto_ptr’ is deprecated [-Wdeprecated-declarations]
  507 |     explicit shared_ptr( std::auto_ptr<Y> & r ): px(r.get()), pn()
      |                               ^~~~~~~~
In file included from /usr/include/c++/9/bits/locale_conv.h:41,
                 from /usr/include/c++/9/locale:43,
                 from /usr/include/c++/9/iomanip:43,
                 from /usr/local/lib/R/site-library/Rcpp/include/RcppCommon.h:53,
                 from /usr/local/lib/R/site-library/Rcpp/include/Rcpp.h:27,
                 from BigMatrix.cpp:11:
/usr/include/c++/9/bits/unique_ptr.h:53:28: note: declared here
   53 |   template<typename> class auto_ptr;
      |                            ^~~~~~~~
In file included from /__w/gha-build/gha-build/built/BH/include/boost/shared_ptr.hpp:17,
                 from ../inst/include/bigmemory/BigMatrix.h:10,
                 from BigMatrix.cpp:22:
/__w/gha-build/gha-build/built/BH/include/boost/smart_ptr/shared_ptr.hpp:520:22: warning: ‘template<class> class std::auto_ptr’ is deprecated [-Wdeprecated-declarations]
  520 |     shared_ptr( std::auto_ptr<Y> && r ): px(r.get()), pn()
      |                      ^~~~~~~~
In file included from /usr/include/c++/9/bits/locale_conv.h:41,
                 from /usr/include/c++/9/locale:43,
                 from /usr/include/c++/9/iomanip:43,
                 from /usr/local/lib/R/site-library/Rcpp/include/RcppCommon.h:53,
                 from /usr/local/lib/R/site-library/Rcpp/include/Rcpp.h:27,
                 from BigMatrix.cpp:11:
/usr/include/c++/9/bits/unique_ptr.h:53:28: note: declared here
   53 |   template<typename> class auto_ptr;
      |                            ^~~~~~~~
In file included from /__w/gha-build/gha-build/built/BH/include/boost/shared_ptr.hpp:17,
                 from ../inst/include/bigmemory/BigMatrix.h:10,
                 from BigMatrix.cpp:22:
/__w/gha-build/gha-build/built/BH/include/boost/smart_ptr/shared_ptr.hpp:603:34: warning: ‘template<class> class std::auto_ptr’ is deprecated [-Wdeprecated-declarations]
  603 |     shared_ptr & operator=( std::auto_ptr<Y> & r )
      |                                  ^~~~~~~~
In file included from /usr/include/c++/9/bits/locale_conv.h:41,
                 from /usr/include/c++/9/locale:43,
                 from /usr/include/c++/9/iomanip:43,
                 from /usr/local/lib/R/site-library/Rcpp/include/RcppCommon.h:53,
                 from /usr/local/lib/R/site-library/Rcpp/include/Rcpp.h:27,
                 from BigMatrix.cpp:11:
/usr/include/c++/9/bits/unique_ptr.h:53:28: note: declared here
   53 |   template<typename> class auto_ptr;
      |                            ^~~~~~~~
In file included from /__w/gha-build/gha-build/built/BH/include/boost/shared_ptr.hpp:17,
                 from ../inst/include/bigmemory/BigMatrix.h:10,
                 from BigMatrix.cpp:22:
/__w/gha-build/gha-build/built/BH/include/boost/smart_ptr/shared_ptr.hpp:612:34: warning: ‘template<class> class std::auto_ptr’ is deprecated [-Wdeprecated-declarations]
  612 |     shared_ptr & operator=( std::auto_ptr<Y> && r )
      |                                  ^~~~~~~~
In file included from /usr/include/c++/9/bits/locale_conv.h:41,
                 from /usr/include/c++/9/locale:43,
                 from /usr/include/c++/9/iomanip:43,
                 from /usr/local/lib/R/site-library/Rcpp/include/RcppCommon.h:53,
                 from /usr/local/lib/R/site-library/Rcpp/include/Rcpp.h:27,
                 from BigMatrix.cpp:11:
/usr/include/c++/9/bits/unique_ptr.h:53:28: note: declared here
   53 |   template<typename> class auto_ptr;
      |                            ^~~~~~~~
In file included from /__w/gha-build/gha-build/built/BH/include/boost/shared_ptr.hpp:17,
                 from ../inst/include/bigmemory/BigMatrix.h:10,
                 from BigMatrix.cpp:22:
/__w/gha-build/gha-build/built/BH/include/boost/smart_ptr/shared_ptr.hpp: In member function ‘boost::shared_ptr<T>& boost::shared_ptr<T>::operator=(std::auto_ptr<_Up>&&)’:
/__w/gha-build/gha-build/built/BH/include/boost/smart_ptr/shared_ptr.hpp:614:38: warning: ‘template<class> class std::auto_ptr’ is deprecated [-Wdeprecated-declarations]
  614 |         this_type( static_cast< std::auto_ptr<Y> && >( r ) ).swap( *this );
      |                                      ^~~~~~~~
In file included from /usr/include/c++/9/bits/locale_conv.h:41,
                 from /usr/include/c++/9/locale:43,
                 from /usr/include/c++/9/iomanip:43,
                 from /usr/local/lib/R/site-library/Rcpp/include/RcppCommon.h:53,
                 from /usr/local/lib/R/site-library/Rcpp/include/Rcpp.h:27,
                 from BigMatrix.cpp:11:
/usr/include/c++/9/bits/unique_ptr.h:53:28: note: declared here
   53 |   template<typename> class auto_ptr;
      |                            ^~~~~~~~
g++ -std=gnu++14 -I"/usr/local/lib/R/include" -DNDEBUG -I../inst/include -DLINUX -I'/__w/gha-build/gha-build/built/BH/include' -I'/__w/gha-build/gha-build/built/uuid/include' -I'/usr/local/lib/R/site-library/Rcpp/include' -I/usr/local/include   -fpic  -g -O2 -fstack-protector-strong -Wformat -Werror=format-security -Wdate-time -D_FORTIFY_SOURCE=2 -g  -c RcppExports.cpp -o RcppExports.o
g++ -std=gnu++14 -I"/usr/local/lib/R/include" -DNDEBUG -I../inst/include -DLINUX -I'/__w/gha-build/gha-build/built/BH/include' -I'/__w/gha-build/gha-build/built/uuid/include' -I'/usr/local/lib/R/site-library/Rcpp/include' -I/usr/local/include   -fpic  -g -O2 -fstack-protector-strong -Wformat -Werror=format-security -Wdate-time -D_FORTIFY_SOURCE=2 -g  -c SharedCounter.cpp -o SharedCounter.o
g++ -std=gnu++14 -I"/usr/local/lib/R/include" -DNDEBUG -I../inst/include -DLINUX -I'/__w/gha-build/gha-build/built/BH/include' -I'/__w/gha-build/gha-build/built/uuid/include' -I'/usr/local/lib/R/site-library/Rcpp/include' -I/usr/local/include   -fpic  -g -O2 -fstack-protector-strong -Wformat -Werror=format-security -Wdate-time -D_FORTIFY_SOURCE=2 -g  -c bigmemory.cpp -o bigmemory.o
In file included from /__w/gha-build/gha-build/built/BH/include/boost/smart_ptr/shared_ptr.hpp:17,
                 from /__w/gha-build/gha-build/built/BH/include/boost/shared_ptr.hpp:17,
                 from ../inst/include/bigmemory/BigMatrix.h:10,
                 from bigmemory.cpp:7:
/__w/gha-build/gha-build/built/BH/include/boost/smart_ptr/detail/shared_count.hpp:361:33: warning: ‘template<class> class std::auto_ptr’ is deprecated [-Wdeprecated-declarations]
  361 |     explicit shared_count( std::auto_ptr<Y> & r ): pi_( new sp_counted_impl_p<Y>( r.get() ) )
      |                                 ^~~~~~~~
In file included from /usr/include/c++/9/bits/locale_conv.h:41,
                 from /usr/include/c++/9/locale:43,
                 from /usr/include/c++/9/iomanip:43,
                 from /usr/local/lib/R/site-library/Rcpp/include/RcppCommon.h:53,
                 from /usr/local/lib/R/site-library/Rcpp/include/Rcpp.h:27,
                 from bigmemory.cpp:6:
/usr/include/c++/9/bits/unique_ptr.h:53:28: note: declared here
   53 |   template<typename> class auto_ptr;
      |                            ^~~~~~~~
In file included from /__w/gha-build/gha-build/built/BH/include/boost/shared_ptr.hpp:17,
                 from ../inst/include/bigmemory/BigMatrix.h:10,
                 from bigmemory.cpp:7:
/__w/gha-build/gha-build/built/BH/include/boost/smart_ptr/shared_ptr.hpp:250:65: warning: ‘template<class> class std::auto_ptr’ is deprecated [-Wdeprecated-declarations]
  250 | template< class T, class R > struct sp_enable_if_auto_ptr< std::auto_ptr< T >, R >
      |                                                                 ^~~~~~~~
In file included from /usr/include/c++/9/bits/locale_conv.h:41,
                 from /usr/include/c++/9/locale:43,
                 from /usr/include/c++/9/iomanip:43,
                 from /usr/local/lib/R/site-library/Rcpp/include/RcppCommon.h:53,
                 from /usr/local/lib/R/site-library/Rcpp/include/Rcpp.h:27,
                 from bigmemory.cpp:6:
/usr/include/c++/9/bits/unique_ptr.h:53:28: note: declared here
   53 |   template<typename> class auto_ptr;
      |                            ^~~~~~~~
In file included from /__w/gha-build/gha-build/built/BH/include/boost/shared_ptr.hpp:17,
                 from ../inst/include/bigmemory/BigMatrix.h:10,
                 from bigmemory.cpp:7:
/__w/gha-build/gha-build/built/BH/include/boost/smart_ptr/shared_ptr.hpp:507:31: warning: ‘template<class> class std::auto_ptr’ is deprecated [-Wdeprecated-declarations]
  507 |     explicit shared_ptr( std::auto_ptr<Y> & r ): px(r.get()), pn()
      |                               ^~~~~~~~
In file included from /usr/include/c++/9/bits/locale_conv.h:41,
                 from /usr/include/c++/9/locale:43,
                 from /usr/include/c++/9/iomanip:43,
                 from /usr/local/lib/R/site-library/Rcpp/include/RcppCommon.h:53,
                 from /usr/local/lib/R/site-library/Rcpp/include/Rcpp.h:27,
                 from bigmemory.cpp:6:
/usr/include/c++/9/bits/unique_ptr.h:53:28: note: declared here
   53 |   template<typename> class auto_ptr;
      |                            ^~~~~~~~
In file included from /__w/gha-build/gha-build/built/BH/include/boost/shared_ptr.hpp:17,
                 from ../inst/include/bigmemory/BigMatrix.h:10,
                 from bigmemory.cpp:7:
/__w/gha-build/gha-build/built/BH/include/boost/smart_ptr/shared_ptr.hpp:520:22: warning: ‘template<class> class std::auto_ptr’ is deprecated [-Wdeprecated-declarations]
  520 |     shared_ptr( std::auto_ptr<Y> && r ): px(r.get()), pn()
      |                      ^~~~~~~~
In file included from /usr/include/c++/9/bits/locale_conv.h:41,
                 from /usr/include/c++/9/locale:43,
                 from /usr/include/c++/9/iomanip:43,
                 from /usr/local/lib/R/site-library/Rcpp/include/RcppCommon.h:53,
                 from /usr/local/lib/R/site-library/Rcpp/include/Rcpp.h:27,
                 from bigmemory.cpp:6:
/usr/include/c++/9/bits/unique_ptr.h:53:28: note: declared here
   53 |   template<typename> class auto_ptr;
      |                            ^~~~~~~~
In file included from /__w/gha-build/gha-build/built/BH/include/boost/shared_ptr.hpp:17,
                 from ../inst/include/bigmemory/BigMatrix.h:10,
                 from bigmemory.cpp:7:
/__w/gha-build/gha-build/built/BH/include/boost/smart_ptr/shared_ptr.hpp:603:34: warning: ‘template<class> class std::auto_ptr’ is deprecated [-Wdeprecated-declarations]
  603 |     shared_ptr & operator=( std::auto_ptr<Y> & r )
      |                                  ^~~~~~~~
In file included from /usr/include/c++/9/bits/locale_conv.h:41,
                 from /usr/include/c++/9/locale:43,
                 from /usr/include/c++/9/iomanip:43,
                 from /usr/local/lib/R/site-library/Rcpp/include/RcppCommon.h:53,
                 from /usr/local/lib/R/site-library/Rcpp/include/Rcpp.h:27,
                 from bigmemory.cpp:6:
/usr/include/c++/9/bits/unique_ptr.h:53:28: note: declared here
   53 |   template<typename> class auto_ptr;
      |                            ^~~~~~~~
In file included from /__w/gha-build/gha-build/built/BH/include/boost/shared_ptr.hpp:17,
                 from ../inst/include/bigmemory/BigMatrix.h:10,
                 from bigmemory.cpp:7:
/__w/gha-build/gha-build/built/BH/include/boost/smart_ptr/shared_ptr.hpp:612:34: warning: ‘template<class> class std::auto_ptr’ is deprecated [-Wdeprecated-declarations]
  612 |     shared_ptr & operator=( std::auto_ptr<Y> && r )
      |                                  ^~~~~~~~
In file included from /usr/include/c++/9/bits/locale_conv.h:41,
                 from /usr/include/c++/9/locale:43,
                 from /usr/include/c++/9/iomanip:43,
                 from /usr/local/lib/R/site-library/Rcpp/include/RcppCommon.h:53,
                 from /usr/local/lib/R/site-library/Rcpp/include/Rcpp.h:27,
                 from bigmemory.cpp:6:
/usr/include/c++/9/bits/unique_ptr.h:53:28: note: declared here
   53 |   template<typename> class auto_ptr;
      |                            ^~~~~~~~
In file included from /__w/gha-build/gha-build/built/BH/include/boost/shared_ptr.hpp:17,
                 from ../inst/include/bigmemory/BigMatrix.h:10,
                 from bigmemory.cpp:7:
/__w/gha-build/gha-build/built/BH/include/boost/smart_ptr/shared_ptr.hpp: In member function ‘boost::shared_ptr<T>& boost::shared_ptr<T>::operator=(std::auto_ptr<_Up>&&)’:
/__w/gha-build/gha-build/built/BH/include/boost/smart_ptr/shared_ptr.hpp:614:38: warning: ‘template<class> class std::auto_ptr’ is deprecated [-Wdeprecated-declarations]
  614 |         this_type( static_cast< std::auto_ptr<Y> && >( r ) ).swap( *this );
      |                                      ^~~~~~~~
In file included from /usr/include/c++/9/bits/locale_conv.h:41,
                 from /usr/include/c++/9/locale:43,
                 from /usr/include/c++/9/iomanip:43,
                 from /usr/local/lib/R/site-library/Rcpp/include/RcppCommon.h:53,
                 from /usr/local/lib/R/site-library/Rcpp/include/Rcpp.h:27,
                 from bigmemory.cpp:6:
/usr/include/c++/9/bits/unique_ptr.h:53:28: note: declared here
   53 |   template<typename> class auto_ptr;
      |                            ^~~~~~~~
g++ -std=gnu++14 -I"/usr/local/lib/R/include" -DNDEBUG -I../inst/include -DLINUX -I'/__w/gha-build/gha-build/built/BH/include' -I'/__w/gha-build/gha-build/built/uuid/include' -I'/usr/local/lib/R/site-library/Rcpp/include' -I/usr/local/include   -fpic  -g -O2 -fstack-protector-strong -Wformat -Werror=format-security -Wdate-time -D_FORTIFY_SOURCE=2 -g  -c deepcopy.cpp -o deepcopy.o
In file included from /__w/gha-build/gha-build/built/BH/include/boost/smart_ptr/shared_ptr.hpp:17,
                 from /__w/gha-build/gha-build/built/BH/include/boost/shared_ptr.hpp:17,
                 from ../inst/include/bigmemory/BigMatrix.h:10,
                 from deepcopy.cpp:10:
/__w/gha-build/gha-build/built/BH/include/boost/smart_ptr/detail/shared_count.hpp:361:33: warning: ‘template<class> class std::auto_ptr’ is deprecated [-Wdeprecated-declarations]
  361 |     explicit shared_count( std::auto_ptr<Y> & r ): pi_( new sp_counted_impl_p<Y>( r.get() ) )
      |                                 ^~~~~~~~
In file included from /usr/include/c++/9/bits/locale_conv.h:41,
                 from /usr/include/c++/9/locale:43,
                 from /__w/gha-build/gha-build/built/BH/include/boost/lexical_cast/detail/converter_lexical_streams.hpp:43,
                 from /__w/gha-build/gha-build/built/BH/include/boost/lexical_cast/detail/converter_lexical.hpp:54,
                 from /__w/gha-build/gha-build/built/BH/include/boost/lexical_cast/try_lexical_convert.hpp:44,
                 from /__w/gha-build/gha-build/built/BH/include/boost/lexical_cast.hpp:32,
                 from deepcopy.cpp:6:
/usr/include/c++/9/bits/unique_ptr.h:53:28: note: declared here
   53 |   template<typename> class auto_ptr;
      |                            ^~~~~~~~
In file included from /__w/gha-build/gha-build/built/BH/include/boost/shared_ptr.hpp:17,
                 from ../inst/include/bigmemory/BigMatrix.h:10,
                 from deepcopy.cpp:10:
/__w/gha-build/gha-build/built/BH/include/boost/smart_ptr/shared_ptr.hpp:250:65: warning: ‘template<class> class std::auto_ptr’ is deprecated [-Wdeprecated-declarations]
  250 | template< class T, class R > struct sp_enable_if_auto_ptr< std::auto_ptr< T >, R >
      |                                                                 ^~~~~~~~
In file included from /usr/include/c++/9/bits/locale_conv.h:41,
                 from /usr/include/c++/9/locale:43,
                 from /__w/gha-build/gha-build/built/BH/include/boost/lexical_cast/detail/converter_lexical_streams.hpp:43,
                 from /__w/gha-build/gha-build/built/BH/include/boost/lexical_cast/detail/converter_lexical.hpp:54,
                 from /__w/gha-build/gha-build/built/BH/include/boost/lexical_cast/try_lexical_convert.hpp:44,
                 from /__w/gha-build/gha-build/built/BH/include/boost/lexical_cast.hpp:32,
                 from deepcopy.cpp:6:
/usr/include/c++/9/bits/unique_ptr.h:53:28: note: declared here
   53 |   template<typename> class auto_ptr;
      |                            ^~~~~~~~
In file included from /__w/gha-build/gha-build/built/BH/include/boost/shared_ptr.hpp:17,
                 from ../inst/include/bigmemory/BigMatrix.h:10,
                 from deepcopy.cpp:10:
/__w/gha-build/gha-build/built/BH/include/boost/smart_ptr/shared_ptr.hpp:507:31: warning: ‘template<class> class std::auto_ptr’ is deprecated [-Wdeprecated-declarations]
  507 |     explicit shared_ptr( std::auto_ptr<Y> & r ): px(r.get()), pn()
      |                               ^~~~~~~~
In file included from /usr/include/c++/9/bits/locale_conv.h:41,
                 from /usr/include/c++/9/locale:43,
                 from /__w/gha-build/gha-build/built/BH/include/boost/lexical_cast/detail/converter_lexical_streams.hpp:43,
                 from /__w/gha-build/gha-build/built/BH/include/boost/lexical_cast/detail/converter_lexical.hpp:54,
                 from /__w/gha-build/gha-build/built/BH/include/boost/lexical_cast/try_lexical_convert.hpp:44,
                 from /__w/gha-build/gha-build/built/BH/include/boost/lexical_cast.hpp:32,
                 from deepcopy.cpp:6:
/usr/include/c++/9/bits/unique_ptr.h:53:28: note: declared here
   53 |   template<typename> class auto_ptr;
      |                            ^~~~~~~~
In file included from /__w/gha-build/gha-build/built/BH/include/boost/shared_ptr.hpp:17,
                 from ../inst/include/bigmemory/BigMatrix.h:10,
                 from deepcopy.cpp:10:
/__w/gha-build/gha-build/built/BH/include/boost/smart_ptr/shared_ptr.hpp:520:22: warning: ‘template<class> class std::auto_ptr’ is deprecated [-Wdeprecated-declarations]
  520 |     shared_ptr( std::auto_ptr<Y> && r ): px(r.get()), pn()
      |                      ^~~~~~~~
In file included from /usr/include/c++/9/bits/locale_conv.h:41,
                 from /usr/include/c++/9/locale:43,
                 from /__w/gha-build/gha-build/built/BH/include/boost/lexical_cast/detail/converter_lexical_streams.hpp:43,
                 from /__w/gha-build/gha-build/built/BH/include/boost/lexical_cast/detail/converter_lexical.hpp:54,
                 from /__w/gha-build/gha-build/built/BH/include/boost/lexical_cast/try_lexical_convert.hpp:44,
                 from /__w/gha-build/gha-build/built/BH/include/boost/lexical_cast.hpp:32,
                 from deepcopy.cpp:6:
/usr/include/c++/9/bits/unique_ptr.h:53:28: note: declared here
   53 |   template<typename> class auto_ptr;
      |                            ^~~~~~~~
In file included from /__w/gha-build/gha-build/built/BH/include/boost/shared_ptr.hpp:17,
                 from ../inst/include/bigmemory/BigMatrix.h:10,
                 from deepcopy.cpp:10:
/__w/gha-build/gha-build/built/BH/include/boost/smart_ptr/shared_ptr.hpp:603:34: warning: ‘template<class> class std::auto_ptr’ is deprecated [-Wdeprecated-declarations]
  603 |     shared_ptr & operator=( std::auto_ptr<Y> & r )
      |                                  ^~~~~~~~
In file included from /usr/include/c++/9/bits/locale_conv.h:41,
                 from /usr/include/c++/9/locale:43,
                 from /__w/gha-build/gha-build/built/BH/include/boost/lexical_cast/detail/converter_lexical_streams.hpp:43,
                 from /__w/gha-build/gha-build/built/BH/include/boost/lexical_cast/detail/converter_lexical.hpp:54,
                 from /__w/gha-build/gha-build/built/BH/include/boost/lexical_cast/try_lexical_convert.hpp:44,
                 from /__w/gha-build/gha-build/built/BH/include/boost/lexical_cast.hpp:32,
                 from deepcopy.cpp:6:
/usr/include/c++/9/bits/unique_ptr.h:53:28: note: declared here
   53 |   template<typename> class auto_ptr;
      |                            ^~~~~~~~
In file included from /__w/gha-build/gha-build/built/BH/include/boost/shared_ptr.hpp:17,
                 from ../inst/include/bigmemory/BigMatrix.h:10,
                 from deepcopy.cpp:10:
/__w/gha-build/gha-build/built/BH/include/boost/smart_ptr/shared_ptr.hpp:612:34: warning: ‘template<class> class std::auto_ptr’ is deprecated [-Wdeprecated-declarations]
  612 |     shared_ptr & operator=( std::auto_ptr<Y> && r )
      |                                  ^~~~~~~~
In file included from /usr/include/c++/9/bits/locale_conv.h:41,
                 from /usr/include/c++/9/locale:43,
                 from /__w/gha-build/gha-build/built/BH/include/boost/lexical_cast/detail/converter_lexical_streams.hpp:43,
                 from /__w/gha-build/gha-build/built/BH/include/boost/lexical_cast/detail/converter_lexical.hpp:54,
                 from /__w/gha-build/gha-build/built/BH/include/boost/lexical_cast/try_lexical_convert.hpp:44,
                 from /__w/gha-build/gha-build/built/BH/include/boost/lexical_cast.hpp:32,
                 from deepcopy.cpp:6:
/usr/include/c++/9/bits/unique_ptr.h:53:28: note: declared here
   53 |   template<typename> class auto_ptr;
      |                            ^~~~~~~~
In file included from /__w/gha-build/gha-build/built/BH/include/boost/shared_ptr.hpp:17,
                 from ../inst/include/bigmemory/BigMatrix.h:10,
                 from deepcopy.cpp:10:
/__w/gha-build/gha-build/built/BH/include/boost/smart_ptr/shared_ptr.hpp: In member function ‘boost::shared_ptr<T>& boost::shared_ptr<T>::operator=(std::auto_ptr<_Up>&&)’:
/__w/gha-build/gha-build/built/BH/include/boost/smart_ptr/shared_ptr.hpp:614:38: warning: ‘template<class> class std::auto_ptr’ is deprecated [-Wdeprecated-declarations]
  614 |         this_type( static_cast< std::auto_ptr<Y> && >( r ) ).swap( *this );
      |                                      ^~~~~~~~
In file included from /usr/include/c++/9/bits/locale_conv.h:41,
                 from /usr/include/c++/9/locale:43,
                 from /__w/gha-build/gha-build/built/BH/include/boost/lexical_cast/detail/converter_lexical_streams.hpp:43,
                 from /__w/gha-build/gha-build/built/BH/include/boost/lexical_cast/detail/converter_lexical.hpp:54,
                 from /__w/gha-build/gha-build/built/BH/include/boost/lexical_cast/try_lexical_convert.hpp:44,
                 from /__w/gha-build/gha-build/built/BH/include/boost/lexical_cast.hpp:32,
                 from deepcopy.cpp:6:
/usr/include/c++/9/bits/unique_ptr.h:53:28: note: declared here
   53 |   template<typename> class auto_ptr;
      |                            ^~~~~~~~
g++ -std=gnu++14 -I"/usr/local/lib/R/include" -DNDEBUG -I../inst/include -DLINUX -I'/__w/gha-build/gha-build/built/BH/include' -I'/__w/gha-build/gha-build/built/uuid/include' -I'/usr/local/lib/R/site-library/Rcpp/include' -I/usr/local/include   -fpic  -g -O2 -fstack-protector-strong -Wformat -Werror=format-security -Wdate-time -D_FORTIFY_SOURCE=2 -g  -c util.cpp -o util.o
g++ -std=gnu++14 -shared -L/usr/local/lib/R/lib -L/usr/local/lib -o bigmemory.so BigMatrix.o RcppExports.o SharedCounter.o bigmemory.o deepcopy.o util.o -lrt -lm -luuid -L/usr/local/lib/R/lib -lR
installing to /__w/gha-build/gha-build/built/00LOCK-bigmemory/00new/bigmemory/libs
** R
** inst
** byte-compile and prepare package for lazy loading
Creating a generic function for ‘ncol’ from package ‘base’ in package ‘bigmemory’
Creating a generic function for ‘nrow’ from package ‘base’ in package ‘bigmemory’
Creating a generic function for ‘typeof’ from package ‘base’ in package ‘bigmemory’
** help
*** installing help indices
** building package indices
** testing if installed package can be loaded from temporary location
** checking absolute paths in shared objects and dynamic libraries
** testing if installed package can be loaded from final location
** testing if installed package keeps a record of temporary installation path
* creating tarball
packaged installation of ‘bigmemory’ as ‘bigmemory_4.6.1_R_x86_64-pc-linux-gnu.tar.gz’
* DONE (bigmemory)
