* installing *source* package ‘BioCor’ ...
** using staged installation
** R
** inst
** byte-compile and prepare package for lazy loading
Creating a generic function from function ‘clusterGeneSim’ in package ‘BioCor’
Creating a generic function from function ‘clusterSim’ in package ‘BioCor’
Creating a generic function from function ‘geneSim’ in package ‘BioCor’
Creating a generic function from function ‘mclusterGeneSim’ in package ‘BioCor’
Creating a generic function from function ‘mclusterSim’ in package ‘BioCor’
Creating a generic function from function ‘mgeneSim’ in package ‘BioCor’
Creating a generic function from function ‘mpathSim’ in package ‘BioCor’
Creating a generic function from function ‘pathSim’ in package ‘BioCor’
** help
*** installing help indices
*** copying figures
** building package indices
** installing vignettes
** testing if installed package can be loaded from temporary location
** testing if installed package can be loaded from final location
** testing if installed package keeps a record of temporary installation path
* creating tarball
packaged installation of ‘BioCor’ as ‘BioCor_1.20.0_R_x86_64-pc-linux-gnu.tar.gz’
* DONE (BioCor)
