* installing *source* package ‘bridge’ ...
** using staged installation
** libs
gcc -I"/usr/local/lib/R/include" -DNDEBUG   -I/usr/local/include   -fpic  -g -O2 -fstack-protector-strong -Wformat -Werror=format-security -Wdate-time -D_FORTIFY_SOURCE=2 -g  -c bridge2.affy.c -o bridge2.affy.o
bridge2.affy.c: In function ‘up_date_w2’:
bridge2.affy.c:302:3: warning: implicit declaration of function ‘dirichlet’; did you mean ‘dirichlet2’? [-Wimplicit-function-declaration]
  302 |   dirichlet(gamma, 2, w);
      |   ^~~~~~~~~
      |   dirichlet2
gcc -I"/usr/local/lib/R/include" -DNDEBUG   -I/usr/local/include   -fpic  -g -O2 -fstack-protector-strong -Wformat -Werror=format-security -Wdate-time -D_FORTIFY_SOURCE=2 -g  -c bridge2.c -o bridge2.o
gcc -I"/usr/local/lib/R/include" -DNDEBUG   -I/usr/local/include   -fpic  -g -O2 -fstack-protector-strong -Wformat -Werror=format-security -Wdate-time -D_FORTIFY_SOURCE=2 -g  -c bridge2_util.c -o bridge2_util.o
In file included from /usr/local/lib/R/include/R.h:80,
                 from bridge2_util.h:1,
                 from bridge2_util.c:1:
bridge2_util.c: In function ‘qr_solve’:
bridge2_util.c:570:14: warning: implicit declaration of function ‘dqrdc2_’ [-Wimplicit-function-declaration]
  570 |     F77_CALL(dqrdc2)(xt, &n, &n, &p, &tol, &rank,qraux, pivot, work);
      |              ^~~~~~
/usr/local/lib/R/include/R_ext/RS.h:77:22: note: in definition of macro ‘F77_CALL’
   77 | # define F77_CALL(x) x ## _
      |                      ^
bridge2_util.c:585:14: warning: implicit declaration of function ‘dqrcf_’ [-Wimplicit-function-declaration]
  585 |     F77_CALL(dqrcf)(xt, &n, &rank, qraux,yt, &n, coeft, &info);
      |              ^~~~~
/usr/local/lib/R/include/R_ext/RS.h:77:22: note: in definition of macro ‘F77_CALL’
   77 | # define F77_CALL(x) x ## _
      |                      ^
gcc -I"/usr/local/lib/R/include" -DNDEBUG   -I/usr/local/include   -fpic  -g -O2 -fstack-protector-strong -Wformat -Werror=format-security -Wdate-time -D_FORTIFY_SOURCE=2 -g  -c bridge3.c -o bridge3.o
gcc -shared -L/usr/local/lib/R/lib -L/usr/local/lib -o bridge.so bridge2.affy.o bridge2.o bridge2_util.o bridge3.o -L/usr/local/lib/R/lib -lR
installing to /__w/gha-build/gha-build/built/00LOCK-bridge/00new/bridge/libs
** R
** data
** inst
** byte-compile and prepare package for lazy loading
** help
*** installing help indices
** building package indices
** installing vignettes
** testing if installed package can be loaded from temporary location
** checking absolute paths in shared objects and dynamic libraries
** testing if installed package can be loaded from final location
** testing if installed package keeps a record of temporary installation path
* creating tarball
packaged installation of ‘bridge’ as ‘bridge_1.60.0_R_x86_64-pc-linux-gnu.tar.gz’
* DONE (bridge)
