* installing *source* package ‘CellNOptR’ ...
** using staged installation
** libs
gcc -I"/usr/local/lib/R/include" -DNDEBUG   -I/usr/local/include  -I./include  -fpic  -g -O2 -fstack-protector-strong -Wformat -Werror=format-security -Wdate-time -D_FORTIFY_SOURCE=2 -g  -c simulatorT1.c -o simulatorT1.o
gcc -I"/usr/local/lib/R/include" -DNDEBUG   -I/usr/local/include  -I./include  -fpic  -g -O2 -fstack-protector-strong -Wformat -Werror=format-security -Wdate-time -D_FORTIFY_SOURCE=2 -g  -c simulatorTN.c -o simulatorTN.o
gcc -shared -L/usr/local/lib/R/lib -L/usr/local/lib -o CellNOptR.so simulatorT1.o simulatorTN.o -L/usr/local/lib/R/lib -lR
installing to /__w/gha-build/gha-build/built/00LOCK-CellNOptR/00new/CellNOptR/libs
** R
** data
** inst
** byte-compile and prepare package for lazy loading
** help
*** installing help indices
** building package indices
** installing vignettes
** testing if installed package can be loaded from temporary location
** checking absolute paths in shared objects and dynamic libraries
** testing if installed package can be loaded from final location
** testing if installed package keeps a record of temporary installation path
* creating tarball
packaged installation of ‘CellNOptR’ as ‘CellNOptR_1.42.1_R_x86_64-pc-linux-gnu.tar.gz’
* DONE (CellNOptR)
