* installing *source* package ‘cellxgenedp’ ...
** using staged installation
** libs
g++ -std=gnu++14 -I"/usr/local/lib/R/include" -DNDEBUG -I../inst/include/ -I'/usr/local/lib/R/site-library/cpp11/include' -I/usr/local/include   -fpic  -g -O2 -fstack-protector-strong -Wformat -Werror=format-security -Wdate-time -D_FORTIFY_SOURCE=2 -g  -c cpp11.cpp -o cpp11.o
g++ -std=gnu++14 -I"/usr/local/lib/R/include" -DNDEBUG -I../inst/include/ -I'/usr/local/lib/R/site-library/cpp11/include' -I/usr/local/include   -fpic  -g -O2 -fstack-protector-strong -Wformat -Werror=format-security -Wdate-time -D_FORTIFY_SOURCE=2 -g  -c jsoncons_jmespath.cpp -o jsoncons_jmespath.o
g++ -std=gnu++14 -shared -L/usr/local/lib/R/lib -L/usr/local/lib -o cellxgenedp.so cpp11.o jsoncons_jmespath.o -L/usr/local/lib/R/lib -lR
installing to /__w/gha-build/gha-build/built/00LOCK-cellxgenedp/00new/cellxgenedp/libs
** R
** inst
** byte-compile and prepare package for lazy loading
** help
*** installing help indices
** building package indices
** installing vignettes
** testing if installed package can be loaded from temporary location
** checking absolute paths in shared objects and dynamic libraries
** testing if installed package can be loaded from final location
** testing if installed package keeps a record of temporary installation path
* creating tarball
packaged installation of ‘cellxgenedp’ as ‘cellxgenedp_1.0.1_R_x86_64-pc-linux-gnu.tar.gz’
* DONE (cellxgenedp)
