* installing *source* package ‘ChemmineOB’ ...
** using staged installation
checking for pkg-config... /usr/bin/pkg-config
checking pkg-config is at least version 0.9.0... yes
checking for OPENBABEL... no
checking for OPENBABEL... no
checking for gcc... gcc
checking whether the C compiler works... yes
checking for C compiler default output file name... a.out
checking for suffix of executables... 
checking whether we are cross compiling... no
checking for suffix of object files... o
checking whether we are using the GNU C compiler... yes
checking whether gcc accepts -g... yes
checking for gcc option to accept ISO C89... none needed
checking how to run the C preprocessor... gcc -E
configure: creating ./config.status
config.status: creating src/Makevars
** libs
g++ -std=gnu++14 -I"/usr/local/lib/R/include" -DNDEBUG -I/usr/include/openbabel3  -I/usr/include/eigen3  -DUSE_BOOST -DHAVE_EIGEN  -I/usr/local/include/eigen3 -I/usr/local/include/openbabel3    -I'/__w/gha-build/gha-build/built/BH/include' -I'/usr/local/lib/R/site-library/Rcpp/include' -I'/__w/gha-build/gha-build/built/zlibbioc/include' -I/usr/local/include   -fpic  -g -O2 -fstack-protector-strong -Wformat -Werror=format-security -Wdate-time -D_FORTIFY_SOURCE=2 -g  -c ChemmineOB.cpp -o ChemmineOB.o
g++ -std=gnu++14 -I"/usr/local/lib/R/include" -DNDEBUG -I/usr/include/openbabel3  -I/usr/include/eigen3  -DUSE_BOOST -DHAVE_EIGEN  -I/usr/local/include/eigen3 -I/usr/local/include/openbabel3    -I'/__w/gha-build/gha-build/built/BH/include' -I'/usr/local/lib/R/site-library/Rcpp/include' -I'/__w/gha-build/gha-build/built/zlibbioc/include' -I/usr/local/include   -fpic  -g -O2 -fstack-protector-strong -Wformat -Werror=format-security -Wdate-time -D_FORTIFY_SOURCE=2 -g  -c canonical.cpp -o canonical.o
g++ -std=gnu++14 -shared -L/usr/local/lib/R/lib -L/usr/local/lib -o ChemmineOB.so ChemmineOB.o canonical.o -L/usr/local/lib/openbabel3 -lopenbabel -L/usr/local/lib/R/lib -lR
installing to /__w/gha-build/gha-build/built/00LOCK-ChemmineOB/00new/ChemmineOB/libs
** R
** inst
** byte-compile and prepare package for lazy loading
in method for ‘copyToR’ with signature ‘"_p_std::char_traits<(char)>"’: no definition for class “_p_std::char_traits<(char)>”
in method for ‘copyToR’ with signature ‘"_p_std::pair<(unsigned int,unsigned int)>"’: no definition for class “_p_std::pair<(unsigned int,unsigned int)>”
in method for ‘copyToR’ with signature ‘"_p_OpenBabel::CharPtrLess"’: no definition for class “_p_OpenBabel::CharPtrLess”
in method for ‘copyToR’ with signature ‘"_p_OpenBabel::FptIndexHeader"’: no definition for class “_p_OpenBabel::FptIndexHeader”
in method for ‘copyToR’ with signature ‘"_p_OpenBabel::OBStereo"’: no definition for class “_p_OpenBabel::OBStereo”
in method for ‘copyToR’ with signature ‘"_p_OpenBabel::OBStereoUnit"’: no definition for class “_p_OpenBabel::OBStereoUnit”
in method for ‘copyToR’ with signature ‘"_p_OpenBabel::LineSearchType"’: no definition for class “_p_OpenBabel::LineSearchType”
in method for ‘copyToR’ with signature ‘"_p_OpenBabel::OBTetrahedralConfig"’: no definition for class “_p_OpenBabel::OBTetrahedralConfig”
in method for ‘copyToR’ with signature ‘"_p_OpenBabel::OBCisTransConfig"’: no definition for class “_p_OpenBabel::OBCisTransConfig”
in method for ‘copyToR’ with signature ‘"_p_OpenBabel::OBSquarePlanarConfig"’: no definition for class “_p_OpenBabel::OBSquarePlanarConfig”
** help
*** installing help indices
** building package indices
** installing vignettes
** testing if installed package can be loaded from temporary location
** checking absolute paths in shared objects and dynamic libraries
** testing if installed package can be loaded from final location
** testing if installed package keeps a record of temporary installation path
* creating tarball
packaged installation of ‘ChemmineOB’ as ‘ChemmineOB_1.34.0_R_x86_64-pc-linux-gnu.tar.gz’
* DONE (ChemmineOB)
