* installing *source* package ‘ChemmineR’ ...
** using staged installation
** libs
g++ -std=gnu++14 -I"/usr/local/lib/R/include" -DNDEBUG  -I'/usr/local/lib/R/site-library/Rcpp/include' -I'/__w/gha-build/gha-build/built/BH/include' -I/usr/local/include  -DNO_MAIN -DNO_DEBUG -fpic  -g -O2 -fstack-protector-strong -Wformat -Werror=format-security -Wdate-time -D_FORTIFY_SOURCE=2 -g  -c DisjointSets.cpp -o DisjointSets.o
g++ -std=gnu++14 -I"/usr/local/lib/R/include" -DNDEBUG  -I'/usr/local/lib/R/site-library/Rcpp/include' -I'/__w/gha-build/gha-build/built/BH/include' -I/usr/local/include  -DNO_MAIN -DNO_DEBUG -fpic  -g -O2 -fstack-protector-strong -Wformat -Werror=format-security -Wdate-time -D_FORTIFY_SOURCE=2 -g  -c cluster.cc -o cluster.o
g++ -std=gnu++14 -I"/usr/local/lib/R/include" -DNDEBUG  -I'/usr/local/lib/R/site-library/Rcpp/include' -I'/__w/gha-build/gha-build/built/BH/include' -I/usr/local/include  -DNO_MAIN -DNO_DEBUG -fpic  -g -O2 -fstack-protector-strong -Wformat -Werror=format-security -Wdate-time -D_FORTIFY_SOURCE=2 -g  -c cstrsplit.cc -o cstrsplit.o
In file included from /__w/gha-build/gha-build/built/BH/include/boost/bind/mem_fn.hpp:25,
                 from /__w/gha-build/gha-build/built/BH/include/boost/mem_fn.hpp:22,
                 from /__w/gha-build/gha-build/built/BH/include/boost/function/detail/prologue.hpp:18,
                 from /__w/gha-build/gha-build/built/BH/include/boost/function.hpp:30,
                 from /__w/gha-build/gha-build/built/BH/include/boost/algorithm/string/detail/find_iterator.hpp:18,
                 from /__w/gha-build/gha-build/built/BH/include/boost/algorithm/string/find_iterator.hpp:24,
                 from /__w/gha-build/gha-build/built/BH/include/boost/algorithm/string/iter_find.hpp:27,
                 from /__w/gha-build/gha-build/built/BH/include/boost/algorithm/string/split.hpp:16,
                 from /__w/gha-build/gha-build/built/BH/include/boost/algorithm/string.hpp:23,
                 from cstrsplit.cc:7:
/__w/gha-build/gha-build/built/BH/include/boost/get_pointer.hpp:48:40: warning: ‘template<class> class std::auto_ptr’ is deprecated [-Wdeprecated-declarations]
   48 | template<class T> T * get_pointer(std::auto_ptr<T> const& p)
      |                                        ^~~~~~~~
In file included from /usr/include/c++/9/bits/locale_conv.h:41,
                 from /usr/include/c++/9/locale:43,
                 from /usr/include/c++/9/iomanip:43,
                 from /usr/local/lib/R/site-library/Rcpp/include/RcppCommon.h:53,
                 from /usr/local/lib/R/site-library/Rcpp/include/Rcpp.h:27,
                 from cstrsplit.cc:2:
/usr/include/c++/9/bits/unique_ptr.h:53:28: note: declared here
   53 |   template<typename> class auto_ptr;
      |                            ^~~~~~~~
g++ -std=gnu++14 -I"/usr/local/lib/R/include" -DNDEBUG  -I'/usr/local/lib/R/site-library/Rcpp/include' -I'/__w/gha-build/gha-build/built/BH/include' -I/usr/local/include  -DNO_MAIN -DNO_DEBUG -fpic  -g -O2 -fstack-protector-strong -Wformat -Werror=format-security -Wdate-time -D_FORTIFY_SOURCE=2 -g  -c desc.cc -o desc.o
g++ -std=gnu++14 -I"/usr/local/lib/R/include" -DNDEBUG  -I'/usr/local/lib/R/site-library/Rcpp/include' -I'/__w/gha-build/gha-build/built/BH/include' -I/usr/local/include  -DNO_MAIN -DNO_DEBUG -fpic  -g -O2 -fstack-protector-strong -Wformat -Werror=format-security -Wdate-time -D_FORTIFY_SOURCE=2 -g  -c fingerprints.cc -o fingerprints.o
g++ -std=gnu++14 -I"/usr/local/lib/R/include" -DNDEBUG  -I'/usr/local/lib/R/site-library/Rcpp/include' -I'/__w/gha-build/gha-build/built/BH/include' -I/usr/local/include  -DNO_MAIN -DNO_DEBUG -fpic  -g -O2 -fstack-protector-strong -Wformat -Werror=format-security -Wdate-time -D_FORTIFY_SOURCE=2 -g  -c formats.cc -o formats.o
g++ -std=gnu++14 -I"/usr/local/lib/R/include" -DNDEBUG  -I'/usr/local/lib/R/site-library/Rcpp/include' -I'/__w/gha-build/gha-build/built/BH/include' -I/usr/local/include  -DNO_MAIN -DNO_DEBUG -fpic  -g -O2 -fstack-protector-strong -Wformat -Werror=format-security -Wdate-time -D_FORTIFY_SOURCE=2 -g  -c molecule.cc -o molecule.o
g++ -std=gnu++14 -I"/usr/local/lib/R/include" -DNDEBUG  -I'/usr/local/lib/R/site-library/Rcpp/include' -I'/__w/gha-build/gha-build/built/BH/include' -I/usr/local/include  -DNO_MAIN -DNO_DEBUG -fpic  -g -O2 -fstack-protector-strong -Wformat -Werror=format-security -Wdate-time -D_FORTIFY_SOURCE=2 -g  -c r_wrap.cc -o r_wrap.o
g++ -std=gnu++14 -I"/usr/local/lib/R/include" -DNDEBUG  -I'/usr/local/lib/R/site-library/Rcpp/include' -I'/__w/gha-build/gha-build/built/BH/include' -I/usr/local/include  -DNO_MAIN -DNO_DEBUG -fpic  -g -O2 -fstack-protector-strong -Wformat -Werror=format-security -Wdate-time -D_FORTIFY_SOURCE=2 -g  -c script.cc -o script.o
g++ -std=gnu++14 -I"/usr/local/lib/R/include" -DNDEBUG  -I'/usr/local/lib/R/site-library/Rcpp/include' -I'/__w/gha-build/gha-build/built/BH/include' -I/usr/local/include  -DNO_MAIN -DNO_DEBUG -fpic  -g -O2 -fstack-protector-strong -Wformat -Werror=format-security -Wdate-time -D_FORTIFY_SOURCE=2 -g  -c similarity.cc -o similarity.o
g++ -std=gnu++14 -shared -L/usr/local/lib/R/lib -L/usr/local/lib -o ChemmineR.so DisjointSets.o cluster.o cstrsplit.o desc.o fingerprints.o formats.o molecule.o r_wrap.o script.o similarity.o -L/usr/local/lib/R/lib -lR
installing to /__w/gha-build/gha-build/built/00LOCK-ChemmineR/00new/ChemmineR/libs
** R
** data
** inst
** byte-compile and prepare package for lazy loading
** help
*** installing help indices
** building package indices
** installing vignettes
** testing if installed package can be loaded from temporary location
** checking absolute paths in shared objects and dynamic libraries
** testing if installed package can be loaded from final location
** testing if installed package keeps a record of temporary installation path
* creating tarball
packaged installation of ‘ChemmineR’ as ‘ChemmineR_3.48.0_R_x86_64-pc-linux-gnu.tar.gz’
* DONE (ChemmineR)
