* installing *source* package ‘ChIPseqR’ ...
** using staged installation
** libs
gcc -I"/usr/local/lib/R/include" -DNDEBUG   -I/usr/local/include   -fpic  -g -O2 -fstack-protector-strong -Wformat -Werror=format-security -Wdate-time -D_FORTIFY_SOURCE=2 -g  -c startScore.c -o startScore.o
gcc -shared -L/usr/local/lib/R/lib -L/usr/local/lib -o ChIPseqR.so startScore.o -L/usr/local/lib/R/lib -lR
installing to /__w/gha-build/gha-build/built/00LOCK-ChIPseqR/00new/ChIPseqR/libs
** R
** inst
** byte-compile and prepare package for lazy loading
** help
*** installing help indices
** building package indices
** installing vignettes
** testing if installed package can be loaded from temporary location
** checking absolute paths in shared objects and dynamic libraries
** testing if installed package can be loaded from final location
** testing if installed package keeps a record of temporary installation path
* creating tarball
packaged installation of ‘ChIPseqR’ as ‘ChIPseqR_1.50.0_R_x86_64-pc-linux-gnu.tar.gz’
* DONE (ChIPseqR)
