* installing *source* package ‘clippda’ ...
** using staged installation
** R
** data
** inst
** byte-compile and prepare package for lazy loading
Warning messages:
1: In rgl.init(initValue, onlyNULL) : RGL: unable to open X11 display
2: 'rgl.init' failed, running with 'rgl.useNULL = TRUE'. 
** help
*** installing help indices
** building package indices
** installing vignettes
** testing if installed package can be loaded from temporary location
Warning: 'rgl.init' failed, running with 'rgl.useNULL = TRUE'.
** testing if installed package can be loaded from final location
Warning: 'rgl.init' failed, running with 'rgl.useNULL = TRUE'.
** testing if installed package keeps a record of temporary installation path
* creating tarball
packaged installation of ‘clippda’ as ‘clippda_1.46.0_R_x86_64-pc-linux-gnu.tar.gz’
* DONE (clippda)
