* installing *source* package ‘CNTools’ ...
** using staged installation
** libs
gcc -I"/usr/local/lib/R/include" -DNDEBUG   -I/usr/local/include   -fpic  -g -O2 -fstack-protector-strong -Wformat -Werror=format-security -Wdate-time -D_FORTIFY_SOURCE=2 -g  -c getratios.c -o getratios.o
gcc -shared -L/usr/local/lib/R/lib -L/usr/local/lib -o CNTools.so getratios.o -L/usr/local/lib/R/lib -lR
installing to /__w/gha-build/gha-build/built/00LOCK-CNTools/00new/CNTools/libs
** R
** data
** inst
** byte-compile and prepare package for lazy loading
Creating a new generic function for ‘start’ in package ‘CNTools’
Creating a new generic function for ‘end’ in package ‘CNTools’
Creating a generic function for ‘genefilter’ from package ‘genefilter’ in package ‘CNTools’
** help
*** installing help indices
** building package indices
** installing vignettes
** testing if installed package can be loaded from temporary location
** checking absolute paths in shared objects and dynamic libraries
** testing if installed package can be loaded from final location
** testing if installed package keeps a record of temporary installation path
* creating tarball
packaged installation of ‘CNTools’ as ‘CNTools_1.52.0_R_x86_64-pc-linux-gnu.tar.gz’
* DONE (CNTools)
