* installing *source* package ‘CoGAPS’ ...
** using staged installation
checking whether the C++ compiler works... yes
checking for C++ compiler default output file name... a.out
checking for suffix of executables... 
checking whether we are cross compiling... no
checking for suffix of object files... o
checking whether we are using the GNU C++ compiler... yes
checking whether g++ -std=gnu++14 accepts -g... yes
checking how to run the C++ preprocessor... g++ -std=gnu++14 -E
checking whether we are using the GNU C++ compiler... (cached) yes
checking whether g++ -std=gnu++14 accepts -g... (cached) yes
./configure: line 2721: AX_COMPILER_VENDOR: command not found
./configure: line 2722: AX_COMPILER_VERSION: command not found
./configure: line 2733: AX_OPENMP: command not found
building on  compiler version 
Using AVX instructions if available
configure: creating ./config.status
config.status: creating src/Makevars
** libs
g++ -std=gnu++14 -I"/usr/local/lib/R/include" -DNDEBUG -DBOOST_MATH_PROMOTE_DOUBLE_POLICY=0 -DGAPS_DISABLE_CHECKPOINTS -D__GAPS_R_BUILD__ -Iinclude -I'/usr/local/lib/R/site-library/Rcpp/include' -I'/__w/gha-build/gha-build/built/BH/include' -I/usr/local/include  -march=native  -fpic  -g -O2 -fstack-protector-strong -Wformat -Werror=format-security -Wdate-time -D_FORTIFY_SOURCE=2 -g  -c Cogaps.cpp -o Cogaps.o
g++ -std=gnu++14 -I"/usr/local/lib/R/include" -DNDEBUG -DBOOST_MATH_PROMOTE_DOUBLE_POLICY=0 -DGAPS_DISABLE_CHECKPOINTS -D__GAPS_R_BUILD__ -Iinclude -I'/usr/local/lib/R/site-library/Rcpp/include' -I'/__w/gha-build/gha-build/built/BH/include' -I/usr/local/include  -march=native  -fpic  -g -O2 -fstack-protector-strong -Wformat -Werror=format-security -Wdate-time -D_FORTIFY_SOURCE=2 -g  -c GapsParameters.cpp -o GapsParameters.o
g++ -std=gnu++14 -I"/usr/local/lib/R/include" -DNDEBUG -DBOOST_MATH_PROMOTE_DOUBLE_POLICY=0 -DGAPS_DISABLE_CHECKPOINTS -D__GAPS_R_BUILD__ -Iinclude -I'/usr/local/lib/R/site-library/Rcpp/include' -I'/__w/gha-build/gha-build/built/BH/include' -I/usr/local/include  -march=native  -fpic  -g -O2 -fstack-protector-strong -Wformat -Werror=format-security -Wdate-time -D_FORTIFY_SOURCE=2 -g  -c GapsResult.cpp -o GapsResult.o
g++ -std=gnu++14 -I"/usr/local/lib/R/include" -DNDEBUG -DBOOST_MATH_PROMOTE_DOUBLE_POLICY=0 -DGAPS_DISABLE_CHECKPOINTS -D__GAPS_R_BUILD__ -Iinclude -I'/usr/local/lib/R/site-library/Rcpp/include' -I'/__w/gha-build/gha-build/built/BH/include' -I/usr/local/include  -march=native  -fpic  -g -O2 -fstack-protector-strong -Wformat -Werror=format-security -Wdate-time -D_FORTIFY_SOURCE=2 -g  -c GapsRunner.cpp -o GapsRunner.o
g++ -std=gnu++14 -I"/usr/local/lib/R/include" -DNDEBUG -DBOOST_MATH_PROMOTE_DOUBLE_POLICY=0 -DGAPS_DISABLE_CHECKPOINTS -D__GAPS_R_BUILD__ -Iinclude -I'/usr/local/lib/R/site-library/Rcpp/include' -I'/__w/gha-build/gha-build/built/BH/include' -I/usr/local/include  -march=native  -fpic  -g -O2 -fstack-protector-strong -Wformat -Werror=format-security -Wdate-time -D_FORTIFY_SOURCE=2 -g  -c GapsStatistics.cpp -o GapsStatistics.o
g++ -std=gnu++14 -I"/usr/local/lib/R/include" -DNDEBUG -DBOOST_MATH_PROMOTE_DOUBLE_POLICY=0 -DGAPS_DISABLE_CHECKPOINTS -D__GAPS_R_BUILD__ -Iinclude -I'/usr/local/lib/R/site-library/Rcpp/include' -I'/__w/gha-build/gha-build/built/BH/include' -I/usr/local/include  -march=native  -fpic  -g -O2 -fstack-protector-strong -Wformat -Werror=format-security -Wdate-time -D_FORTIFY_SOURCE=2 -g  -c RcppExports.cpp -o RcppExports.o
g++ -std=gnu++14 -I"/usr/local/lib/R/include" -DNDEBUG -DBOOST_MATH_PROMOTE_DOUBLE_POLICY=0 -DGAPS_DISABLE_CHECKPOINTS -D__GAPS_R_BUILD__ -Iinclude -I'/usr/local/lib/R/site-library/Rcpp/include' -I'/__w/gha-build/gha-build/built/BH/include' -I/usr/local/include  -march=native  -fpic  -g -O2 -fstack-protector-strong -Wformat -Werror=format-security -Wdate-time -D_FORTIFY_SOURCE=2 -g  -c test-runner.cpp -o test-runner.o
g++ -std=gnu++14 -I"/usr/local/lib/R/include" -DNDEBUG -DBOOST_MATH_PROMOTE_DOUBLE_POLICY=0 -DGAPS_DISABLE_CHECKPOINTS -D__GAPS_R_BUILD__ -Iinclude -I'/usr/local/lib/R/site-library/Rcpp/include' -I'/__w/gha-build/gha-build/built/BH/include' -I/usr/local/include  -march=native  -fpic  -g -O2 -fstack-protector-strong -Wformat -Werror=format-security -Wdate-time -D_FORTIFY_SOURCE=2 -g  -c atomic/Atom.cpp -o atomic/Atom.o
g++ -std=gnu++14 -I"/usr/local/lib/R/include" -DNDEBUG -DBOOST_MATH_PROMOTE_DOUBLE_POLICY=0 -DGAPS_DISABLE_CHECKPOINTS -D__GAPS_R_BUILD__ -Iinclude -I'/usr/local/lib/R/site-library/Rcpp/include' -I'/__w/gha-build/gha-build/built/BH/include' -I/usr/local/include  -march=native  -fpic  -g -O2 -fstack-protector-strong -Wformat -Werror=format-security -Wdate-time -D_FORTIFY_SOURCE=2 -g  -c atomic/ConcurrentAtom.cpp -o atomic/ConcurrentAtom.o
g++ -std=gnu++14 -I"/usr/local/lib/R/include" -DNDEBUG -DBOOST_MATH_PROMOTE_DOUBLE_POLICY=0 -DGAPS_DISABLE_CHECKPOINTS -D__GAPS_R_BUILD__ -Iinclude -I'/usr/local/lib/R/site-library/Rcpp/include' -I'/__w/gha-build/gha-build/built/BH/include' -I/usr/local/include  -march=native  -fpic  -g -O2 -fstack-protector-strong -Wformat -Werror=format-security -Wdate-time -D_FORTIFY_SOURCE=2 -g  -c atomic/AtomicDomain.cpp -o atomic/AtomicDomain.o
g++ -std=gnu++14 -I"/usr/local/lib/R/include" -DNDEBUG -DBOOST_MATH_PROMOTE_DOUBLE_POLICY=0 -DGAPS_DISABLE_CHECKPOINTS -D__GAPS_R_BUILD__ -Iinclude -I'/usr/local/lib/R/site-library/Rcpp/include' -I'/__w/gha-build/gha-build/built/BH/include' -I/usr/local/include  -march=native  -fpic  -g -O2 -fstack-protector-strong -Wformat -Werror=format-security -Wdate-time -D_FORTIFY_SOURCE=2 -g  -c atomic/ConcurrentAtomicDomain.cpp -o atomic/ConcurrentAtomicDomain.o
g++ -std=gnu++14 -I"/usr/local/lib/R/include" -DNDEBUG -DBOOST_MATH_PROMOTE_DOUBLE_POLICY=0 -DGAPS_DISABLE_CHECKPOINTS -D__GAPS_R_BUILD__ -Iinclude -I'/usr/local/lib/R/site-library/Rcpp/include' -I'/__w/gha-build/gha-build/built/BH/include' -I/usr/local/include  -march=native  -fpic  -g -O2 -fstack-protector-strong -Wformat -Werror=format-security -Wdate-time -D_FORTIFY_SOURCE=2 -g  -c atomic/ProposalQueue.cpp -o atomic/ProposalQueue.o
g++ -std=gnu++14 -I"/usr/local/lib/R/include" -DNDEBUG -DBOOST_MATH_PROMOTE_DOUBLE_POLICY=0 -DGAPS_DISABLE_CHECKPOINTS -D__GAPS_R_BUILD__ -Iinclude -I'/usr/local/lib/R/site-library/Rcpp/include' -I'/__w/gha-build/gha-build/built/BH/include' -I/usr/local/include  -march=native  -fpic  -g -O2 -fstack-protector-strong -Wformat -Werror=format-security -Wdate-time -D_FORTIFY_SOURCE=2 -g  -c data_structures/HashSets.cpp -o data_structures/HashSets.o
g++ -std=gnu++14 -I"/usr/local/lib/R/include" -DNDEBUG -DBOOST_MATH_PROMOTE_DOUBLE_POLICY=0 -DGAPS_DISABLE_CHECKPOINTS -D__GAPS_R_BUILD__ -Iinclude -I'/usr/local/lib/R/site-library/Rcpp/include' -I'/__w/gha-build/gha-build/built/BH/include' -I/usr/local/include  -march=native  -fpic  -g -O2 -fstack-protector-strong -Wformat -Werror=format-security -Wdate-time -D_FORTIFY_SOURCE=2 -g  -c data_structures/HybridMatrix.cpp -o data_structures/HybridMatrix.o
g++ -std=gnu++14 -I"/usr/local/lib/R/include" -DNDEBUG -DBOOST_MATH_PROMOTE_DOUBLE_POLICY=0 -DGAPS_DISABLE_CHECKPOINTS -D__GAPS_R_BUILD__ -Iinclude -I'/usr/local/lib/R/site-library/Rcpp/include' -I'/__w/gha-build/gha-build/built/BH/include' -I/usr/local/include  -march=native  -fpic  -g -O2 -fstack-protector-strong -Wformat -Werror=format-security -Wdate-time -D_FORTIFY_SOURCE=2 -g  -c data_structures/HybridVector.cpp -o data_structures/HybridVector.o
g++ -std=gnu++14 -I"/usr/local/lib/R/include" -DNDEBUG -DBOOST_MATH_PROMOTE_DOUBLE_POLICY=0 -DGAPS_DISABLE_CHECKPOINTS -D__GAPS_R_BUILD__ -Iinclude -I'/usr/local/lib/R/site-library/Rcpp/include' -I'/__w/gha-build/gha-build/built/BH/include' -I/usr/local/include  -march=native  -fpic  -g -O2 -fstack-protector-strong -Wformat -Werror=format-security -Wdate-time -D_FORTIFY_SOURCE=2 -g  -c data_structures/Matrix.cpp -o data_structures/Matrix.o
g++ -std=gnu++14 -I"/usr/local/lib/R/include" -DNDEBUG -DBOOST_MATH_PROMOTE_DOUBLE_POLICY=0 -DGAPS_DISABLE_CHECKPOINTS -D__GAPS_R_BUILD__ -Iinclude -I'/usr/local/lib/R/site-library/Rcpp/include' -I'/__w/gha-build/gha-build/built/BH/include' -I/usr/local/include  -march=native  -fpic  -g -O2 -fstack-protector-strong -Wformat -Werror=format-security -Wdate-time -D_FORTIFY_SOURCE=2 -g  -c data_structures/SparseIterator.cpp -o data_structures/SparseIterator.o
g++ -std=gnu++14 -I"/usr/local/lib/R/include" -DNDEBUG -DBOOST_MATH_PROMOTE_DOUBLE_POLICY=0 -DGAPS_DISABLE_CHECKPOINTS -D__GAPS_R_BUILD__ -Iinclude -I'/usr/local/lib/R/site-library/Rcpp/include' -I'/__w/gha-build/gha-build/built/BH/include' -I/usr/local/include  -march=native  -fpic  -g -O2 -fstack-protector-strong -Wformat -Werror=format-security -Wdate-time -D_FORTIFY_SOURCE=2 -g  -c data_structures/SparseMatrix.cpp -o data_structures/SparseMatrix.o
g++ -std=gnu++14 -I"/usr/local/lib/R/include" -DNDEBUG -DBOOST_MATH_PROMOTE_DOUBLE_POLICY=0 -DGAPS_DISABLE_CHECKPOINTS -D__GAPS_R_BUILD__ -Iinclude -I'/usr/local/lib/R/site-library/Rcpp/include' -I'/__w/gha-build/gha-build/built/BH/include' -I/usr/local/include  -march=native  -fpic  -g -O2 -fstack-protector-strong -Wformat -Werror=format-security -Wdate-time -D_FORTIFY_SOURCE=2 -g  -c data_structures/SparseVector.cpp -o data_structures/SparseVector.o
g++ -std=gnu++14 -I"/usr/local/lib/R/include" -DNDEBUG -DBOOST_MATH_PROMOTE_DOUBLE_POLICY=0 -DGAPS_DISABLE_CHECKPOINTS -D__GAPS_R_BUILD__ -Iinclude -I'/usr/local/lib/R/site-library/Rcpp/include' -I'/__w/gha-build/gha-build/built/BH/include' -I/usr/local/include  -march=native  -fpic  -g -O2 -fstack-protector-strong -Wformat -Werror=format-security -Wdate-time -D_FORTIFY_SOURCE=2 -g  -c data_structures/Vector.cpp -o data_structures/Vector.o
g++ -std=gnu++14 -I"/usr/local/lib/R/include" -DNDEBUG -DBOOST_MATH_PROMOTE_DOUBLE_POLICY=0 -DGAPS_DISABLE_CHECKPOINTS -D__GAPS_R_BUILD__ -Iinclude -I'/usr/local/lib/R/site-library/Rcpp/include' -I'/__w/gha-build/gha-build/built/BH/include' -I/usr/local/include  -march=native  -fpic  -g -O2 -fstack-protector-strong -Wformat -Werror=format-security -Wdate-time -D_FORTIFY_SOURCE=2 -g  -c file_parser/CharacterDelimitedParser.cpp -o file_parser/CharacterDelimitedParser.o
g++ -std=gnu++14 -I"/usr/local/lib/R/include" -DNDEBUG -DBOOST_MATH_PROMOTE_DOUBLE_POLICY=0 -DGAPS_DISABLE_CHECKPOINTS -D__GAPS_R_BUILD__ -Iinclude -I'/usr/local/lib/R/site-library/Rcpp/include' -I'/__w/gha-build/gha-build/built/BH/include' -I/usr/local/include  -march=native  -fpic  -g -O2 -fstack-protector-strong -Wformat -Werror=format-security -Wdate-time -D_FORTIFY_SOURCE=2 -g  -c file_parser/FileParser.cpp -o file_parser/FileParser.o
g++ -std=gnu++14 -I"/usr/local/lib/R/include" -DNDEBUG -DBOOST_MATH_PROMOTE_DOUBLE_POLICY=0 -DGAPS_DISABLE_CHECKPOINTS -D__GAPS_R_BUILD__ -Iinclude -I'/usr/local/lib/R/site-library/Rcpp/include' -I'/__w/gha-build/gha-build/built/BH/include' -I/usr/local/include  -march=native  -fpic  -g -O2 -fstack-protector-strong -Wformat -Werror=format-security -Wdate-time -D_FORTIFY_SOURCE=2 -g  -c file_parser/MatrixElement.cpp -o file_parser/MatrixElement.o
g++ -std=gnu++14 -I"/usr/local/lib/R/include" -DNDEBUG -DBOOST_MATH_PROMOTE_DOUBLE_POLICY=0 -DGAPS_DISABLE_CHECKPOINTS -D__GAPS_R_BUILD__ -Iinclude -I'/usr/local/lib/R/site-library/Rcpp/include' -I'/__w/gha-build/gha-build/built/BH/include' -I/usr/local/include  -march=native  -fpic  -g -O2 -fstack-protector-strong -Wformat -Werror=format-security -Wdate-time -D_FORTIFY_SOURCE=2 -g  -c file_parser/MtxParser.cpp -o file_parser/MtxParser.o
g++ -std=gnu++14 -I"/usr/local/lib/R/include" -DNDEBUG -DBOOST_MATH_PROMOTE_DOUBLE_POLICY=0 -DGAPS_DISABLE_CHECKPOINTS -D__GAPS_R_BUILD__ -Iinclude -I'/usr/local/lib/R/site-library/Rcpp/include' -I'/__w/gha-build/gha-build/built/BH/include' -I/usr/local/include  -march=native  -fpic  -g -O2 -fstack-protector-strong -Wformat -Werror=format-security -Wdate-time -D_FORTIFY_SOURCE=2 -g  -c gibbs_sampler/AlphaParameters.cpp -o gibbs_sampler/AlphaParameters.o
g++ -std=gnu++14 -I"/usr/local/lib/R/include" -DNDEBUG -DBOOST_MATH_PROMOTE_DOUBLE_POLICY=0 -DGAPS_DISABLE_CHECKPOINTS -D__GAPS_R_BUILD__ -Iinclude -I'/usr/local/lib/R/site-library/Rcpp/include' -I'/__w/gha-build/gha-build/built/BH/include' -I/usr/local/include  -march=native  -fpic  -g -O2 -fstack-protector-strong -Wformat -Werror=format-security -Wdate-time -D_FORTIFY_SOURCE=2 -g  -c gibbs_sampler/DenseNormalModel.cpp -o gibbs_sampler/DenseNormalModel.o
g++ -std=gnu++14 -I"/usr/local/lib/R/include" -DNDEBUG -DBOOST_MATH_PROMOTE_DOUBLE_POLICY=0 -DGAPS_DISABLE_CHECKPOINTS -D__GAPS_R_BUILD__ -Iinclude -I'/usr/local/lib/R/site-library/Rcpp/include' -I'/__w/gha-build/gha-build/built/BH/include' -I/usr/local/include  -march=native  -fpic  -g -O2 -fstack-protector-strong -Wformat -Werror=format-security -Wdate-time -D_FORTIFY_SOURCE=2 -g  -c gibbs_sampler/SparseNormalModel.cpp -o gibbs_sampler/SparseNormalModel.o
g++ -std=gnu++14 -I"/usr/local/lib/R/include" -DNDEBUG -DBOOST_MATH_PROMOTE_DOUBLE_POLICY=0 -DGAPS_DISABLE_CHECKPOINTS -D__GAPS_R_BUILD__ -Iinclude -I'/usr/local/lib/R/site-library/Rcpp/include' -I'/__w/gha-build/gha-build/built/BH/include' -I/usr/local/include  -march=native  -fpic  -g -O2 -fstack-protector-strong -Wformat -Werror=format-security -Wdate-time -D_FORTIFY_SOURCE=2 -g  -c math/Math.cpp -o math/Math.o
g++ -std=gnu++14 -I"/usr/local/lib/R/include" -DNDEBUG -DBOOST_MATH_PROMOTE_DOUBLE_POLICY=0 -DGAPS_DISABLE_CHECKPOINTS -D__GAPS_R_BUILD__ -Iinclude -I'/usr/local/lib/R/site-library/Rcpp/include' -I'/__w/gha-build/gha-build/built/BH/include' -I/usr/local/include  -march=native  -fpic  -g -O2 -fstack-protector-strong -Wformat -Werror=format-security -Wdate-time -D_FORTIFY_SOURCE=2 -g  -c math/MatrixMath.cpp -o math/MatrixMath.o
g++ -std=gnu++14 -I"/usr/local/lib/R/include" -DNDEBUG -DBOOST_MATH_PROMOTE_DOUBLE_POLICY=0 -DGAPS_DISABLE_CHECKPOINTS -D__GAPS_R_BUILD__ -Iinclude -I'/usr/local/lib/R/site-library/Rcpp/include' -I'/__w/gha-build/gha-build/built/BH/include' -I/usr/local/include  -march=native  -fpic  -g -O2 -fstack-protector-strong -Wformat -Werror=format-security -Wdate-time -D_FORTIFY_SOURCE=2 -g  -c math/Random.cpp -o math/Random.o
g++ -std=gnu++14 -I"/usr/local/lib/R/include" -DNDEBUG -DBOOST_MATH_PROMOTE_DOUBLE_POLICY=0 -DGAPS_DISABLE_CHECKPOINTS -D__GAPS_R_BUILD__ -Iinclude -I'/usr/local/lib/R/site-library/Rcpp/include' -I'/__w/gha-build/gha-build/built/BH/include' -I/usr/local/include  -march=native  -fpic  -g -O2 -fstack-protector-strong -Wformat -Werror=format-security -Wdate-time -D_FORTIFY_SOURCE=2 -g  -c math/VectorMath.cpp -o math/VectorMath.o
g++ -std=gnu++14 -shared -L/usr/local/lib/R/lib -L/usr/local/lib -o CoGAPS.so Cogaps.o GapsParameters.o GapsResult.o GapsRunner.o GapsStatistics.o RcppExports.o test-runner.o atomic/Atom.o atomic/ConcurrentAtom.o atomic/AtomicDomain.o atomic/ConcurrentAtomicDomain.o atomic/ProposalQueue.o data_structures/HashSets.o data_structures/HybridMatrix.o data_structures/HybridVector.o data_structures/Matrix.o data_structures/SparseIterator.o data_structures/SparseMatrix.o data_structures/SparseVector.o data_structures/Vector.o file_parser/CharacterDelimitedParser.o file_parser/FileParser.o file_parser/MatrixElement.o file_parser/MtxParser.o gibbs_sampler/AlphaParameters.o gibbs_sampler/DenseNormalModel.o gibbs_sampler/SparseNormalModel.o math/Math.o math/MatrixMath.o math/Random.o math/VectorMath.o -L/usr/local/lib/R/lib -lR
installing to /__w/gha-build/gha-build/built/00LOCK-CoGAPS/00new/CoGAPS/libs
** R
** data
** inst
** byte-compile and prepare package for lazy loading
** help
*** installing help indices
** building package indices
** installing vignettes
** testing if installed package can be loaded from temporary location
** checking absolute paths in shared objects and dynamic libraries
** testing if installed package can be loaded from final location
** testing if installed package keeps a record of temporary installation path
* creating tarball
packaged installation of ‘CoGAPS’ as ‘CoGAPS_3.16.0_R_x86_64-pc-linux-gnu.tar.gz’
* DONE (CoGAPS)
