* installing *source* package ‘cogena’ ...
** using staged installation
** R
** data
*** moving datasets to lazyload DB
** inst
** byte-compile and prepare package for lazy loading
Warning: replacing previous import ‘class::somgrid’ by ‘kohonen::somgrid’ when loading ‘cogena’
** help
*** installing help indices
** building package indices
** installing vignettes
** testing if installed package can be loaded from temporary location
Warning: replacing previous import ‘class::somgrid’ by ‘kohonen::somgrid’ when loading ‘cogena’
** testing if installed package can be loaded from final location
Warning: replacing previous import ‘class::somgrid’ by ‘kohonen::somgrid’ when loading ‘cogena’
** testing if installed package keeps a record of temporary installation path
* creating tarball
packaged installation of ‘cogena’ as ‘cogena_1.30.0_R_x86_64-pc-linux-gnu.tar.gz’
* DONE (cogena)
