* installing *source* package ‘CONFESS’ ...
** using staged installation
** R
** data
*** moving datasets to lazyload DB
** inst
** byte-compile and prepare package for lazy loading
Warning: no DISPLAY variable so Tk is not available
Warning: replacing previous import ‘stats::BIC’ by ‘flowMerge::BIC’ when loading ‘CONFESS’
** help
*** installing help indices
** building package indices
** installing vignettes
** testing if installed package can be loaded from temporary location
Warning: no DISPLAY variable so Tk is not available
Warning: replacing previous import ‘stats::BIC’ by ‘flowMerge::BIC’ when loading ‘CONFESS’
** testing if installed package can be loaded from final location
Warning: no DISPLAY variable so Tk is not available
Warning: replacing previous import ‘stats::BIC’ by ‘flowMerge::BIC’ when loading ‘CONFESS’
** testing if installed package keeps a record of temporary installation path
* creating tarball
packaged installation of ‘CONFESS’ as ‘CONFESS_1.24.0_R_x86_64-pc-linux-gnu.tar.gz’
* DONE (CONFESS)
