* installing *source* package ‘CoRegNet’ ...
** using staged installation
** libs
gcc -I"/usr/local/lib/R/include" -DNDEBUG   -I/usr/local/include   -fpic  -g -O2 -fstack-protector-strong -Wformat -Werror=format-security -Wdate-time -D_FORTIFY_SOURCE=2 -g  -c comblicorn.c -o comblicorn.o
gcc -shared -L/usr/local/lib/R/lib -L/usr/local/lib -o CoRegNet.so comblicorn.o -L/usr/local/lib/R/lib -lR
installing to /__w/gha-build/gha-build/built/00LOCK-CoRegNet/00new/CoRegNet/libs
** R
** data
** inst
** byte-compile and prepare package for lazy loading
** help
*** installing help indices
** building package indices
** installing vignettes
** testing if installed package can be loaded from temporary location
** checking absolute paths in shared objects and dynamic libraries
** testing if installed package can be loaded from final location
** testing if installed package keeps a record of temporary installation path
* creating tarball
packaged installation of ‘CoRegNet’ as ‘CoRegNet_1.34.0_R_x86_64-pc-linux-gnu.tar.gz’
* DONE (CoRegNet)
