* installing *source* package ‘COSNet’ ...
** using staged installation
** libs
gcc -I"/usr/local/lib/R/include" -DNDEBUG   -I/usr/local/include   -fpic  -g -O2 -fstack-protector-strong -Wformat -Werror=format-security -Wdate-time -D_FORTIFY_SOURCE=2 -g  -c COSNet.c -o COSNet.o
gcc -shared -L/usr/local/lib/R/lib -L/usr/local/lib -o COSNet.so COSNet.o -L/usr/local/lib/R/lib -lR
installing to /__w/gha-build/gha-build/built/00LOCK-COSNet/00new/COSNet/libs
** R
** inst
** byte-compile and prepare package for lazy loading
** help
*** installing help indices
** building package indices
** installing vignettes
** testing if installed package can be loaded from temporary location
COSNet: Cost-Sensitive algorithm for binary classification in graphs.
** checking absolute paths in shared objects and dynamic libraries
** testing if installed package can be loaded from final location
COSNet: Cost-Sensitive algorithm for binary classification in graphs.
** testing if installed package keeps a record of temporary installation path
* creating tarball
packaged installation of ‘COSNet’ as ‘COSNet_1.30.0_R_x86_64-pc-linux-gnu.tar.gz’
* DONE (COSNet)
