* installing *source* package ‘dada2’ ...
** using staged installation
** libs
g++ -std=gnu++11 -I"/usr/local/lib/R/include" -DNDEBUG  -I'/usr/local/lib/R/site-library/Rcpp/include' -I'/__w/gha-build/gha-build/built/RcppParallel/include' -I/usr/local/include   -fpic  -g -O2 -fstack-protector-strong -Wformat -Werror=format-security -Wdate-time -D_FORTIFY_SOURCE=2 -g  -c RcppExports.cpp -o RcppExports.o
g++ -std=gnu++11 -I"/usr/local/lib/R/include" -DNDEBUG  -I'/usr/local/lib/R/site-library/Rcpp/include' -I'/__w/gha-build/gha-build/built/RcppParallel/include' -I/usr/local/include   -fpic  -g -O2 -fstack-protector-strong -Wformat -Werror=format-security -Wdate-time -D_FORTIFY_SOURCE=2 -g  -c Rmain.cpp -o Rmain.o
g++ -std=gnu++11 -I"/usr/local/lib/R/include" -DNDEBUG  -I'/usr/local/lib/R/site-library/Rcpp/include' -I'/__w/gha-build/gha-build/built/RcppParallel/include' -I/usr/local/include   -fpic  -g -O2 -fstack-protector-strong -Wformat -Werror=format-security -Wdate-time -D_FORTIFY_SOURCE=2 -g  -c chimera.cpp -o chimera.o
g++ -std=gnu++11 -I"/usr/local/lib/R/include" -DNDEBUG  -I'/usr/local/lib/R/site-library/Rcpp/include' -I'/__w/gha-build/gha-build/built/RcppParallel/include' -I/usr/local/include   -fpic  -g -O2 -fstack-protector-strong -Wformat -Werror=format-security -Wdate-time -D_FORTIFY_SOURCE=2 -g  -c cluster.cpp -o cluster.o
g++ -std=gnu++11 -I"/usr/local/lib/R/include" -DNDEBUG  -I'/usr/local/lib/R/site-library/Rcpp/include' -I'/__w/gha-build/gha-build/built/RcppParallel/include' -I/usr/local/include   -fpic  -g -O2 -fstack-protector-strong -Wformat -Werror=format-security -Wdate-time -D_FORTIFY_SOURCE=2 -g  -c containers.cpp -o containers.o
g++ -std=gnu++11 -I"/usr/local/lib/R/include" -DNDEBUG  -I'/usr/local/lib/R/site-library/Rcpp/include' -I'/__w/gha-build/gha-build/built/RcppParallel/include' -I/usr/local/include   -fpic  -g -O2 -fstack-protector-strong -Wformat -Werror=format-security -Wdate-time -D_FORTIFY_SOURCE=2 -g  -c error.cpp -o error.o
g++ -std=gnu++11 -I"/usr/local/lib/R/include" -DNDEBUG  -I'/usr/local/lib/R/site-library/Rcpp/include' -I'/__w/gha-build/gha-build/built/RcppParallel/include' -I/usr/local/include   -fpic  -g -O2 -fstack-protector-strong -Wformat -Werror=format-security -Wdate-time -D_FORTIFY_SOURCE=2 -g  -c evaluate.cpp -o evaluate.o
g++ -std=gnu++11 -I"/usr/local/lib/R/include" -DNDEBUG  -I'/usr/local/lib/R/site-library/Rcpp/include' -I'/__w/gha-build/gha-build/built/RcppParallel/include' -I/usr/local/include   -fpic  -g -O2 -fstack-protector-strong -Wformat -Werror=format-security -Wdate-time -D_FORTIFY_SOURCE=2 -g  -c filter.cpp -o filter.o
g++ -std=gnu++11 -I"/usr/local/lib/R/include" -DNDEBUG  -I'/usr/local/lib/R/site-library/Rcpp/include' -I'/__w/gha-build/gha-build/built/RcppParallel/include' -I/usr/local/include   -fpic  -g -O2 -fstack-protector-strong -Wformat -Werror=format-security -Wdate-time -D_FORTIFY_SOURCE=2 -g  -c kmers.cpp -o kmers.o
g++ -std=gnu++11 -I"/usr/local/lib/R/include" -DNDEBUG  -I'/usr/local/lib/R/site-library/Rcpp/include' -I'/__w/gha-build/gha-build/built/RcppParallel/include' -I/usr/local/include   -fpic  -g -O2 -fstack-protector-strong -Wformat -Werror=format-security -Wdate-time -D_FORTIFY_SOURCE=2 -g  -c misc.cpp -o misc.o
g++ -std=gnu++11 -I"/usr/local/lib/R/include" -DNDEBUG  -I'/usr/local/lib/R/site-library/Rcpp/include' -I'/__w/gha-build/gha-build/built/RcppParallel/include' -I/usr/local/include   -fpic  -g -O2 -fstack-protector-strong -Wformat -Werror=format-security -Wdate-time -D_FORTIFY_SOURCE=2 -g  -c nwalign_endsfree.cpp -o nwalign_endsfree.o
g++ -std=gnu++11 -I"/usr/local/lib/R/include" -DNDEBUG  -I'/usr/local/lib/R/site-library/Rcpp/include' -I'/__w/gha-build/gha-build/built/RcppParallel/include' -I/usr/local/include   -fpic  -g -O2 -fstack-protector-strong -Wformat -Werror=format-security -Wdate-time -D_FORTIFY_SOURCE=2 -g  -c nwalign_vectorized.cpp -o nwalign_vectorized.o
g++ -std=gnu++11 -I"/usr/local/lib/R/include" -DNDEBUG  -I'/usr/local/lib/R/site-library/Rcpp/include' -I'/__w/gha-build/gha-build/built/RcppParallel/include' -I/usr/local/include   -fpic  -g -O2 -fstack-protector-strong -Wformat -Werror=format-security -Wdate-time -D_FORTIFY_SOURCE=2 -g  -c pval.cpp -o pval.o
g++ -std=gnu++11 -I"/usr/local/lib/R/include" -DNDEBUG  -I'/usr/local/lib/R/site-library/Rcpp/include' -I'/__w/gha-build/gha-build/built/RcppParallel/include' -I/usr/local/include   -fpic  -g -O2 -fstack-protector-strong -Wformat -Werror=format-security -Wdate-time -D_FORTIFY_SOURCE=2 -g  -c taxonomy.cpp -o taxonomy.o
g++ -std=gnu++11 -shared -L/usr/local/lib/R/lib -L/usr/local/lib -o dada2.so RcppExports.o Rmain.o chimera.o cluster.o containers.o error.o evaluate.o filter.o kmers.o misc.o nwalign_endsfree.o nwalign_vectorized.o pval.o taxonomy.o -L/usr/local/lib/R/lib -lR
installing to /__w/gha-build/gha-build/built/00LOCK-dada2/00new/dada2/libs
** R
** data
*** moving datasets to lazyload DB
** inst
** byte-compile and prepare package for lazy loading
** help
*** installing help indices
** building package indices
** installing vignettes
** testing if installed package can be loaded from temporary location
** checking absolute paths in shared objects and dynamic libraries
** testing if installed package can be loaded from final location
** testing if installed package keeps a record of temporary installation path
* creating tarball
packaged installation of ‘dada2’ as ‘dada2_1.24.0_R_x86_64-pc-linux-gnu.tar.gz’
* DONE (dada2)
