* installing *source* package ‘DeepBlueR’ ...
** using staged installation
** R
** demo
** inst
** byte-compile and prepare package for lazy loading
Called method: deepblue_list_column_types
Reported status was: okay
Called method: deepblue_info
Reported status was: okay
** help
*** installing help indices
** building package indices
** installing vignettes
** testing if installed package can be loaded from temporary location
** testing if installed package can be loaded from final location
** testing if installed package keeps a record of temporary installation path
* creating tarball
packaged installation of ‘DeepBlueR’ as ‘DeepBlueR_1.22.0_R_x86_64-pc-linux-gnu.tar.gz’
* DONE (DeepBlueR)
