* installing *source* package ‘DelayedTensor’ ...
** using staged installation
** R
** data
*** moving datasets to lazyload DB
** inst
** byte-compile and prepare package for lazy loading
Creating a new generic function for ‘kronecker’ in package ‘DelayedTensor’
Creating a new generic function for ‘diag’ in package ‘DelayedTensor’
Creating a new generic function for ‘diag<-’ in package ‘DelayedTensor’
** help
*** installing help indices
** building package indices
** installing vignettes
** testing if installed package can be loaded from temporary location
** testing if installed package can be loaded from final location
** testing if installed package keeps a record of temporary installation path
* creating tarball
packaged installation of ‘DelayedTensor’ as ‘DelayedTensor_1.2.0_R_x86_64-pc-linux-gnu.tar.gz’
* DONE (DelayedTensor)
