* installing *source* package ‘DropletUtils’ ...
** using staged installation
** libs
g++ -std=gnu++11 -I"/usr/local/lib/R/include" -DNDEBUG  -I'/usr/local/lib/R/site-library/Rcpp/include' -I'/__w/gha-build/gha-build/built/beachmat/include' -I'/__w/gha-build/gha-build/built/Rhdf5lib/include' -I'/__w/gha-build/gha-build/built/BH/include' -I'/__w/gha-build/gha-build/built/dqrng/include' -I'/__w/gha-build/gha-build/built/scuttle/include' -I/usr/local/include   -fpic  -g -O2 -fstack-protector-strong -Wformat -Werror=format-security -Wdate-time -D_FORTIFY_SOURCE=2 -g  -c RcppExports.cpp -o RcppExports.o
g++ -std=gnu++11 -I"/usr/local/lib/R/include" -DNDEBUG  -I'/usr/local/lib/R/site-library/Rcpp/include' -I'/__w/gha-build/gha-build/built/beachmat/include' -I'/__w/gha-build/gha-build/built/Rhdf5lib/include' -I'/__w/gha-build/gha-build/built/BH/include' -I'/__w/gha-build/gha-build/built/dqrng/include' -I'/__w/gha-build/gha-build/built/scuttle/include' -I/usr/local/include   -fpic  -g -O2 -fstack-protector-strong -Wformat -Werror=format-security -Wdate-time -D_FORTIFY_SOURCE=2 -g  -c downsample_run.cpp -o downsample_run.o
g++ -std=gnu++11 -I"/usr/local/lib/R/include" -DNDEBUG  -I'/usr/local/lib/R/site-library/Rcpp/include' -I'/__w/gha-build/gha-build/built/beachmat/include' -I'/__w/gha-build/gha-build/built/Rhdf5lib/include' -I'/__w/gha-build/gha-build/built/BH/include' -I'/__w/gha-build/gha-build/built/dqrng/include' -I'/__w/gha-build/gha-build/built/scuttle/include' -I/usr/local/include   -fpic  -g -O2 -fstack-protector-strong -Wformat -Werror=format-security -Wdate-time -D_FORTIFY_SOURCE=2 -g  -c encode_sequences.cpp -o encode_sequences.o
g++ -std=gnu++11 -I"/usr/local/lib/R/include" -DNDEBUG  -I'/usr/local/lib/R/site-library/Rcpp/include' -I'/__w/gha-build/gha-build/built/beachmat/include' -I'/__w/gha-build/gha-build/built/Rhdf5lib/include' -I'/__w/gha-build/gha-build/built/BH/include' -I'/__w/gha-build/gha-build/built/dqrng/include' -I'/__w/gha-build/gha-build/built/scuttle/include' -I/usr/local/include   -fpic  -g -O2 -fstack-protector-strong -Wformat -Werror=format-security -Wdate-time -D_FORTIFY_SOURCE=2 -g  -c find_chimeric.cpp -o find_chimeric.o
g++ -std=gnu++11 -I"/usr/local/lib/R/include" -DNDEBUG  -I'/usr/local/lib/R/site-library/Rcpp/include' -I'/__w/gha-build/gha-build/built/beachmat/include' -I'/__w/gha-build/gha-build/built/Rhdf5lib/include' -I'/__w/gha-build/gha-build/built/BH/include' -I'/__w/gha-build/gha-build/built/dqrng/include' -I'/__w/gha-build/gha-build/built/scuttle/include' -I/usr/local/include   -fpic  -g -O2 -fstack-protector-strong -Wformat -Werror=format-security -Wdate-time -D_FORTIFY_SOURCE=2 -g  -c find_swapped.cpp -o find_swapped.o
g++ -std=gnu++11 -I"/usr/local/lib/R/include" -DNDEBUG  -I'/usr/local/lib/R/site-library/Rcpp/include' -I'/__w/gha-build/gha-build/built/beachmat/include' -I'/__w/gha-build/gha-build/built/Rhdf5lib/include' -I'/__w/gha-build/gha-build/built/BH/include' -I'/__w/gha-build/gha-build/built/dqrng/include' -I'/__w/gha-build/gha-build/built/scuttle/include' -I/usr/local/include   -fpic  -g -O2 -fstack-protector-strong -Wformat -Werror=format-security -Wdate-time -D_FORTIFY_SOURCE=2 -g  -c get_cell_barcodes.cpp -o get_cell_barcodes.o
g++ -std=gnu++11 -I"/usr/local/lib/R/include" -DNDEBUG  -I'/usr/local/lib/R/site-library/Rcpp/include' -I'/__w/gha-build/gha-build/built/beachmat/include' -I'/__w/gha-build/gha-build/built/Rhdf5lib/include' -I'/__w/gha-build/gha-build/built/BH/include' -I'/__w/gha-build/gha-build/built/dqrng/include' -I'/__w/gha-build/gha-build/built/scuttle/include' -I/usr/local/include   -fpic  -g -O2 -fstack-protector-strong -Wformat -Werror=format-security -Wdate-time -D_FORTIFY_SOURCE=2 -g  -c group_cells.cpp -o group_cells.o
g++ -std=gnu++11 -I"/usr/local/lib/R/include" -DNDEBUG  -I'/usr/local/lib/R/site-library/Rcpp/include' -I'/__w/gha-build/gha-build/built/beachmat/include' -I'/__w/gha-build/gha-build/built/Rhdf5lib/include' -I'/__w/gha-build/gha-build/built/BH/include' -I'/__w/gha-build/gha-build/built/dqrng/include' -I'/__w/gha-build/gha-build/built/scuttle/include' -I/usr/local/include   -fpic  -g -O2 -fstack-protector-strong -Wformat -Werror=format-security -Wdate-time -D_FORTIFY_SOURCE=2 -g  -c hashed_deltas.cpp -o hashed_deltas.o
g++ -std=gnu++11 -I"/usr/local/lib/R/include" -DNDEBUG  -I'/usr/local/lib/R/site-library/Rcpp/include' -I'/__w/gha-build/gha-build/built/beachmat/include' -I'/__w/gha-build/gha-build/built/Rhdf5lib/include' -I'/__w/gha-build/gha-build/built/BH/include' -I'/__w/gha-build/gha-build/built/dqrng/include' -I'/__w/gha-build/gha-build/built/scuttle/include' -I/usr/local/include   -fpic  -g -O2 -fstack-protector-strong -Wformat -Werror=format-security -Wdate-time -D_FORTIFY_SOURCE=2 -g  -c montecarlo_pval.cpp -o montecarlo_pval.o
g++ -std=gnu++11 -I"/usr/local/lib/R/include" -DNDEBUG  -I'/usr/local/lib/R/site-library/Rcpp/include' -I'/__w/gha-build/gha-build/built/beachmat/include' -I'/__w/gha-build/gha-build/built/Rhdf5lib/include' -I'/__w/gha-build/gha-build/built/BH/include' -I'/__w/gha-build/gha-build/built/dqrng/include' -I'/__w/gha-build/gha-build/built/scuttle/include' -I/usr/local/include   -fpic  -g -O2 -fstack-protector-strong -Wformat -Werror=format-security -Wdate-time -D_FORTIFY_SOURCE=2 -g  -c rand_custom.cpp -o rand_custom.o
g++ -std=gnu++11 -I"/usr/local/lib/R/include" -DNDEBUG  -I'/usr/local/lib/R/site-library/Rcpp/include' -I'/__w/gha-build/gha-build/built/beachmat/include' -I'/__w/gha-build/gha-build/built/Rhdf5lib/include' -I'/__w/gha-build/gha-build/built/BH/include' -I'/__w/gha-build/gha-build/built/dqrng/include' -I'/__w/gha-build/gha-build/built/scuttle/include' -I/usr/local/include   -fpic  -g -O2 -fstack-protector-strong -Wformat -Werror=format-security -Wdate-time -D_FORTIFY_SOURCE=2 -g  -c utils.cpp -o utils.o
g++ -std=gnu++11 -shared -L/usr/local/lib/R/lib -L/usr/local/lib -o DropletUtils.so RcppExports.o downsample_run.o encode_sequences.o find_chimeric.o find_swapped.o get_cell_barcodes.o group_cells.o hashed_deltas.o montecarlo_pval.o rand_custom.o utils.o /__w/gha-build/gha-build/built/Rhdf5lib/lib/libhdf5_cpp.a /__w/gha-build/gha-build/built/Rhdf5lib/lib/libhdf5.a -lcrypto -lcurl -lsz -laec -lz -ldl -lm -L/usr/local/lib/R/lib -lR
installing to /__w/gha-build/gha-build/built/00LOCK-DropletUtils/00new/DropletUtils/libs
** R
** inst
** byte-compile and prepare package for lazy loading
** help
*** installing help indices
** building package indices
** installing vignettes
** testing if installed package can be loaded from temporary location
** checking absolute paths in shared objects and dynamic libraries
** testing if installed package can be loaded from final location
** testing if installed package keeps a record of temporary installation path
* creating tarball
packaged installation of ‘DropletUtils’ as ‘DropletUtils_1.16.0_R_x86_64-pc-linux-gnu.tar.gz’
* DONE (DropletUtils)
