* installing *source* package ‘easyRNASeq’ ...
** using staged installation
** R
** data
** inst
** byte-compile and prepare package for lazy loading
No methods found in package ‘BiocGenerics’ for request: ‘clusterApply’ when loading ‘easyRNASeq’
Creating a generic function for ‘basename’ from package ‘base’ in package ‘easyRNASeq’
Creating a generic function for ‘file.exists’ from package ‘base’ in package ‘easyRNASeq’
** help
*** installing help indices
** building package indices
** installing vignettes
** testing if installed package can be loaded from temporary location
No methods found in package ‘BiocGenerics’ for request: ‘clusterApply’ when loading ‘easyRNASeq’
** testing if installed package can be loaded from final location
No methods found in package ‘BiocGenerics’ for request: ‘clusterApply’ when loading ‘easyRNASeq’
** testing if installed package keeps a record of temporary installation path
* creating tarball
packaged installation of ‘easyRNASeq’ as ‘easyRNASeq_2.32.0_R_x86_64-pc-linux-gnu.tar.gz’
* DONE (easyRNASeq)
