* installing *source* package ‘flowFP’ ...
** using staged installation
configure: creating ./config.status
config.status: creating src/Makevars
** libs
gcc -I"/usr/local/lib/R/include" -DNDEBUG   -I/usr/local/include   -fpic  -g -O2 -fstack-protector-strong -Wformat -Werror=format-security -Wdate-time -D_FORTIFY_SOURCE=2 -g  -c flowFP.c -o flowFP.o
gcc -I"/usr/local/lib/R/include" -DNDEBUG   -I/usr/local/include   -fpic  -g -O2 -fstack-protector-strong -Wformat -Werror=format-security -Wdate-time -D_FORTIFY_SOURCE=2 -g  -c init.c -o init.o
gcc -I"/usr/local/lib/R/include" -DNDEBUG   -I/usr/local/include   -fpic  -g -O2 -fstack-protector-strong -Wformat -Werror=format-security -Wdate-time -D_FORTIFY_SOURCE=2 -g  -c split_utils.c -o split_utils.o
gcc -shared -L/usr/local/lib/R/lib -L/usr/local/lib -o flowFP.so flowFP.o init.o split_utils.o -L/usr/local/lib/R/lib -lR
installing to /__w/gha-build/gha-build/built/00LOCK-flowFP/00new/flowFP/libs
** R
** data
** inst
** byte-compile and prepare package for lazy loading
Creating a generic function for ‘append’ from package ‘base’ in package ‘flowFP’
** help
*** installing help indices
** building package indices
** installing vignettes
** testing if installed package can be loaded from temporary location
** checking absolute paths in shared objects and dynamic libraries
** testing if installed package can be loaded from final location
** testing if installed package keeps a record of temporary installation path
* creating tarball
packaged installation of ‘flowFP’ as ‘flowFP_1.54.0_R_x86_64-pc-linux-gnu.tar.gz’
* DONE (flowFP)
