* installing *source* package ‘flowWorkspace’ ...
** using staged installation
** libs
g++ -std=gnu++11 -I"/usr/local/lib/R/include" -DNDEBUG -DROUT -I../inst/include -DBOOST_NO_AUTO_PTR  -I'/usr/local/lib/R/site-library/Rcpp/include' -I'/__w/gha-build/gha-build/built/BH/include' -I'/__w/gha-build/gha-build/built/RProtoBufLib/include' -I'/__w/gha-build/gha-build/built/cytolib/include' -I'/__w/gha-build/gha-build/built/Rhdf5lib/include' -I'/__w/gha-build/gha-build/built/RcppArmadillo/include' -I'/__w/gha-build/gha-build/built/RcppParallel/include' -I/usr/local/include   -fpic  -g -O2 -fstack-protector-strong -Wformat -Werror=format-security -Wdate-time -D_FORTIFY_SOURCE=2 -g  -c R_API.cpp -o R_API.o
g++ -std=gnu++11 -I"/usr/local/lib/R/include" -DNDEBUG -DROUT -I../inst/include -DBOOST_NO_AUTO_PTR  -I'/usr/local/lib/R/site-library/Rcpp/include' -I'/__w/gha-build/gha-build/built/BH/include' -I'/__w/gha-build/gha-build/built/RProtoBufLib/include' -I'/__w/gha-build/gha-build/built/cytolib/include' -I'/__w/gha-build/gha-build/built/Rhdf5lib/include' -I'/__w/gha-build/gha-build/built/RcppArmadillo/include' -I'/__w/gha-build/gha-build/built/RcppParallel/include' -I/usr/local/include   -fpic  -g -O2 -fstack-protector-strong -Wformat -Werror=format-security -Wdate-time -D_FORTIFY_SOURCE=2 -g  -c R_GatingHierarchy.cpp -o R_GatingHierarchy.o
g++ -std=gnu++11 -I"/usr/local/lib/R/include" -DNDEBUG -DROUT -I../inst/include -DBOOST_NO_AUTO_PTR  -I'/usr/local/lib/R/site-library/Rcpp/include' -I'/__w/gha-build/gha-build/built/BH/include' -I'/__w/gha-build/gha-build/built/RProtoBufLib/include' -I'/__w/gha-build/gha-build/built/cytolib/include' -I'/__w/gha-build/gha-build/built/Rhdf5lib/include' -I'/__w/gha-build/gha-build/built/RcppArmadillo/include' -I'/__w/gha-build/gha-build/built/RcppParallel/include' -I/usr/local/include   -fpic  -g -O2 -fstack-protector-strong -Wformat -Werror=format-security -Wdate-time -D_FORTIFY_SOURCE=2 -g  -c R_GatingSet.cpp -o R_GatingSet.o
g++ -std=gnu++11 -I"/usr/local/lib/R/include" -DNDEBUG -DROUT -I../inst/include -DBOOST_NO_AUTO_PTR  -I'/usr/local/lib/R/site-library/Rcpp/include' -I'/__w/gha-build/gha-build/built/BH/include' -I'/__w/gha-build/gha-build/built/RProtoBufLib/include' -I'/__w/gha-build/gha-build/built/cytolib/include' -I'/__w/gha-build/gha-build/built/Rhdf5lib/include' -I'/__w/gha-build/gha-build/built/RcppArmadillo/include' -I'/__w/gha-build/gha-build/built/RcppParallel/include' -I/usr/local/include   -fpic  -g -O2 -fstack-protector-strong -Wformat -Werror=format-security -Wdate-time -D_FORTIFY_SOURCE=2 -g  -c RcppExports.cpp -o RcppExports.o
g++ -std=gnu++11 -I"/usr/local/lib/R/include" -DNDEBUG -DROUT -I../inst/include -DBOOST_NO_AUTO_PTR  -I'/usr/local/lib/R/site-library/Rcpp/include' -I'/__w/gha-build/gha-build/built/BH/include' -I'/__w/gha-build/gha-build/built/RProtoBufLib/include' -I'/__w/gha-build/gha-build/built/cytolib/include' -I'/__w/gha-build/gha-build/built/Rhdf5lib/include' -I'/__w/gha-build/gha-build/built/RcppArmadillo/include' -I'/__w/gha-build/gha-build/built/RcppParallel/include' -I/usr/local/include   -fpic  -g -O2 -fstack-protector-strong -Wformat -Werror=format-security -Wdate-time -D_FORTIFY_SOURCE=2 -g  -c cytoctxAPI.cpp -o cytoctxAPI.o
g++ -std=gnu++11 -I"/usr/local/lib/R/include" -DNDEBUG -DROUT -I../inst/include -DBOOST_NO_AUTO_PTR  -I'/usr/local/lib/R/site-library/Rcpp/include' -I'/__w/gha-build/gha-build/built/BH/include' -I'/__w/gha-build/gha-build/built/RProtoBufLib/include' -I'/__w/gha-build/gha-build/built/cytolib/include' -I'/__w/gha-build/gha-build/built/Rhdf5lib/include' -I'/__w/gha-build/gha-build/built/RcppArmadillo/include' -I'/__w/gha-build/gha-build/built/RcppParallel/include' -I/usr/local/include   -fpic  -g -O2 -fstack-protector-strong -Wformat -Werror=format-security -Wdate-time -D_FORTIFY_SOURCE=2 -g  -c cytoframeAPI.cpp -o cytoframeAPI.o
g++ -std=gnu++11 -I"/usr/local/lib/R/include" -DNDEBUG -DROUT -I../inst/include -DBOOST_NO_AUTO_PTR  -I'/usr/local/lib/R/site-library/Rcpp/include' -I'/__w/gha-build/gha-build/built/BH/include' -I'/__w/gha-build/gha-build/built/RProtoBufLib/include' -I'/__w/gha-build/gha-build/built/cytolib/include' -I'/__w/gha-build/gha-build/built/Rhdf5lib/include' -I'/__w/gha-build/gha-build/built/RcppArmadillo/include' -I'/__w/gha-build/gha-build/built/RcppParallel/include' -I/usr/local/include   -fpic  -g -O2 -fstack-protector-strong -Wformat -Werror=format-security -Wdate-time -D_FORTIFY_SOURCE=2 -g  -c cytosetAPI.cpp -o cytosetAPI.o
g++ -std=gnu++11 -I"/usr/local/lib/R/include" -DNDEBUG -DROUT -I../inst/include -DBOOST_NO_AUTO_PTR  -I'/usr/local/lib/R/site-library/Rcpp/include' -I'/__w/gha-build/gha-build/built/BH/include' -I'/__w/gha-build/gha-build/built/RProtoBufLib/include' -I'/__w/gha-build/gha-build/built/cytolib/include' -I'/__w/gha-build/gha-build/built/Rhdf5lib/include' -I'/__w/gha-build/gha-build/built/RcppArmadillo/include' -I'/__w/gha-build/gha-build/built/RcppParallel/include' -I/usr/local/include   -fpic  -g -O2 -fstack-protector-strong -Wformat -Werror=format-security -Wdate-time -D_FORTIFY_SOURCE=2 -g  -c getDescendants.cpp -o getDescendants.o
g++ -std=gnu++11 -I"/usr/local/lib/R/include" -DNDEBUG -DROUT -I../inst/include -DBOOST_NO_AUTO_PTR  -I'/usr/local/lib/R/site-library/Rcpp/include' -I'/__w/gha-build/gha-build/built/BH/include' -I'/__w/gha-build/gha-build/built/RProtoBufLib/include' -I'/__w/gha-build/gha-build/built/cytolib/include' -I'/__w/gha-build/gha-build/built/Rhdf5lib/include' -I'/__w/gha-build/gha-build/built/RcppArmadillo/include' -I'/__w/gha-build/gha-build/built/RcppParallel/include' -I/usr/local/include   -fpic  -g -O2 -fstack-protector-strong -Wformat -Werror=format-security -Wdate-time -D_FORTIFY_SOURCE=2 -g  -c getPopStats.cpp -o getPopStats.o
g++ -std=gnu++11 -I"/usr/local/lib/R/include" -DNDEBUG -DROUT -I../inst/include -DBOOST_NO_AUTO_PTR  -I'/usr/local/lib/R/site-library/Rcpp/include' -I'/__w/gha-build/gha-build/built/BH/include' -I'/__w/gha-build/gha-build/built/RProtoBufLib/include' -I'/__w/gha-build/gha-build/built/cytolib/include' -I'/__w/gha-build/gha-build/built/Rhdf5lib/include' -I'/__w/gha-build/gha-build/built/RcppArmadillo/include' -I'/__w/gha-build/gha-build/built/RcppParallel/include' -I/usr/local/include   -fpic  -g -O2 -fstack-protector-strong -Wformat -Werror=format-security -Wdate-time -D_FORTIFY_SOURCE=2 -g  -c getSingleCellExpression.cpp -o getSingleCellExpression.o
g++ -std=gnu++11 -I"/usr/local/lib/R/include" -DNDEBUG -DROUT -I../inst/include -DBOOST_NO_AUTO_PTR  -I'/usr/local/lib/R/site-library/Rcpp/include' -I'/__w/gha-build/gha-build/built/BH/include' -I'/__w/gha-build/gha-build/built/RProtoBufLib/include' -I'/__w/gha-build/gha-build/built/cytolib/include' -I'/__w/gha-build/gha-build/built/Rhdf5lib/include' -I'/__w/gha-build/gha-build/built/RcppArmadillo/include' -I'/__w/gha-build/gha-build/built/RcppParallel/include' -I/usr/local/include   -fpic  -g -O2 -fstack-protector-strong -Wformat -Werror=format-security -Wdate-time -D_FORTIFY_SOURCE=2 -g  -c h5_error_r_handler.cpp -o h5_error_r_handler.o
g++ -std=gnu++11 -I"/usr/local/lib/R/include" -DNDEBUG -DROUT -I../inst/include -DBOOST_NO_AUTO_PTR  -I'/usr/local/lib/R/site-library/Rcpp/include' -I'/__w/gha-build/gha-build/built/BH/include' -I'/__w/gha-build/gha-build/built/RProtoBufLib/include' -I'/__w/gha-build/gha-build/built/cytolib/include' -I'/__w/gha-build/gha-build/built/Rhdf5lib/include' -I'/__w/gha-build/gha-build/built/RcppArmadillo/include' -I'/__w/gha-build/gha-build/built/RcppParallel/include' -I/usr/local/include   -fpic  -g -O2 -fstack-protector-strong -Wformat -Werror=format-security -Wdate-time -D_FORTIFY_SOURCE=2 -g  -c setCounts.cpp -o setCounts.o
g++ -std=gnu++11 -shared -L/usr/local/lib/R/lib -L/usr/local/lib -o flowWorkspace.so R_API.o R_GatingHierarchy.o R_GatingSet.o RcppExports.o cytoctxAPI.o cytoframeAPI.o cytosetAPI.o getDescendants.o getPopStats.o getSingleCellExpression.o h5_error_r_handler.o setCounts.o /__w/gha-build/gha-build/built/cytolib/lib/libcytolib.a /__w/gha-build/gha-build/built/Rhdf5lib/lib/libhdf5_cpp.a /__w/gha-build/gha-build/built/Rhdf5lib/lib/libhdf5.a -lcrypto -lcurl -lsz -laec -lz -ldl -lm -llapack -lblas -L/usr/local/lib/R/lib -lR
installing to /__w/gha-build/gha-build/built/00LOCK-flowWorkspace/00new/flowWorkspace/libs
** R
** inst
** byte-compile and prepare package for lazy loading
** help
*** installing help indices
** building package indices
** installing vignettes
** testing if installed package can be loaded from temporary location
** checking absolute paths in shared objects and dynamic libraries
** testing if installed package can be loaded from final location
** testing if installed package keeps a record of temporary installation path
* creating tarball
packaged installation of ‘flowWorkspace’ as ‘flowWorkspace_4.8.0_R_x86_64-pc-linux-gnu.tar.gz’
* DONE (flowWorkspace)
