* installing *source* package ‘genArise’ ...
** using staged installation
** R
** data
** inst
** byte-compile and prepare package for lazy loading
Warning messages:
1: no DISPLAY variable so Tk is not available 
2: loading Rplot failed 
Note: possible error in 'pdf(paste(name, ".pdf", ': unused argument (horiz = FALSE) 
Note: possible error in 'pdf(paste(name, ".pdf", ': unused argument (horiz = FALSE) 
Note: possible error in 'pdf(paste(name, "OriginalCy3vsCy5.pdf", ': unused argument (horiz = F) 
Note: possible error in 'pdf(paste(name, "OriginalRvsI.pdf", ': unused argument (horiz = F) 
Note: possible error in 'pdf(paste(name, "OriginalMvsA.pdf", ': unused argument (horiz = F) 
Note: possible error in 'pdf(paste(name, "CorrectedCy3vsCy5.pdf", ': unused argument (horiz = F) 
Note: possible error in 'pdf(paste(name, "CorrectedRvsI.pdf", ': unused argument (horiz = F) 
Note: possible error in 'pdf(paste(name, "CorrectedMvsA.pdf", ': unused argument (horiz = F) 
Note: possible error in 'pdf(paste(name, "NormalCy3vsCy5.pdf", ': unused argument (horiz = F) 
Note: possible error in 'pdf(paste(name, "NormalRvsI.pdf", ': unused argument (horiz = F) 
Note: possible error in 'pdf(paste(name, "NormalMvsA.pdf", ': unused argument (horiz = F) 
Note: possible error in 'pdf(paste(name, "FilterCy3vsCy5.pdf", ': unused argument (horiz = F) 
Note: possible error in 'pdf(paste(name, "FilterRvsI.pdf", ': unused argument (horiz = F) 
Note: possible error in 'pdf(paste(name, "FilterMvsA.pdf", ': unused argument (horiz = F) 
Note: possible error in 'pdf(paste(name, "NoDuplicatesCy3vsCy5.pdf", ': unused argument (horiz = F) 
Note: possible error in 'pdf(paste(name, "NoDuplicatesRvsI.pdf", ': unused argument (horiz = F) 
Note: possible error in 'pdf(paste(name, "NoDuplicatesMvsA.pdf", ': unused argument (horiz = F) 
Note: possible error in 'pdf(paste(name, "OriginalCy3vsCy5.pdf", ': unused argument (horiz = F) 
Note: possible error in 'pdf(paste(name, "OriginalRvsI.pdf", ': unused argument (horiz = F) 
Note: possible error in 'pdf(paste(name, "OriginalMvsA.pdf", ': unused argument (horiz = F) 
Note: possible error in 'pdf(paste(name, "CorrectedCy3vsCy5.pdf", ': unused argument (horiz = F) 
Note: possible error in 'pdf(paste(name, "CorrectedRvsI.pdf", ': unused argument (horiz = F) 
Note: possible error in 'pdf(paste(name, "CorrectedMvsA.pdf", ': unused argument (horiz = F) 
Note: possible error in 'pdf(paste(name, "NormalCy3vsCy5.pdf", ': unused argument (horiz = F) 
Note: possible error in 'pdf(paste(name, "NormalRvsI.pdf", ': unused argument (horiz = F) 
Note: possible error in 'pdf(paste(name, "NormalMvsA.pdf", ': unused argument (horiz = F) 
Note: possible error in 'pdf(paste(name, "FilterCy3vsCy5.pdf", ': unused argument (horiz = F) 
Note: possible error in 'pdf(paste(name, "FilterRvsI.pdf", ': unused argument (horiz = F) 
Note: possible error in 'pdf(paste(name, "FilterMvsA.pdf", ': unused argument (horiz = F) 
Note: possible error in 'pdf(paste(name, "NoDuplicatesCy3vsCy5.pdf", ': unused argument (horiz = F) 
Note: possible error in 'pdf(paste(name, "NoDuplicatesRvsI.pdf", ': unused argument (horiz = F) 
Note: possible error in 'pdf(paste(name, "NoDuplicatesMvsA.pdf", ': unused argument (horiz = F) 
Note: possible error in 'pdf(name, horiz = F, ': unused argument (horiz = F) 
Note: possible error in 'pdf(paste(name, ".pdf", ': unused argument (horiz = FALSE) 
Note: possible error in 'pdf(paste(name, "R&G.pdf", ': unused argument (horiz = F) 
Note: possible error in 'pdf(paste(name, "BgCy5.pdf", ': unused argument (horiz = F) 
Note: possible error in 'pdf(paste(name, "BgCy3.pdf", ': unused argument (horiz = F) 
Note: possible error in 'pdf(paste(name, "Swap.pdf", ': unused argument (horiz = F) 
** help
*** installing help indices
** building package indices
** installing vignettes
** testing if installed package can be loaded from temporary location
Warning: no DISPLAY variable so Tk is not available
Warning: loading Rplot failed
** testing if installed package can be loaded from final location
Warning: no DISPLAY variable so Tk is not available
Warning: loading Rplot failed
** testing if installed package keeps a record of temporary installation path
* creating tarball
packaged installation of ‘genArise’ as ‘genArise_1.72.0_R_x86_64-pc-linux-gnu.tar.gz’
* DONE (genArise)
