* installing *source* package ‘geneXtendeR’ ...
** using staged installation
** libs
gcc -I"/usr/local/lib/R/include" -DNDEBUG   -I/usr/local/include   -fpic  -g -O2 -fstack-protector-strong -Wformat -Werror=format-security -Wdate-time -D_FORTIFY_SOURCE=2 -g  -c annotate.c -o annotate.o
annotate.c: In function ‘annotate’:
annotate.c:106:5: warning: ignoring return value of ‘fgets’, declared with attribute warn_unused_result [-Wunused-result]
  106 |     fgets(varstr, 50000, varfp);
      |     ^~~~~~~~~~~~~~~~~~~~~~~~~~~
annotate.c:116:5: warning: ignoring return value of ‘fgets’, declared with attribute warn_unused_result [-Wunused-result]
  116 |     fgets(vcfstr, 10000, vcffp);
      |     ^~~~~~~~~~~~~~~~~~~~~~~~~~~
gcc -I"/usr/local/lib/R/include" -DNDEBUG   -I/usr/local/include   -fpic  -g -O2 -fstack-protector-strong -Wformat -Werror=format-security -Wdate-time -D_FORTIFY_SOURCE=2 -g  -c extract_number.c -o extract_number.o
extract_number.c: In function ‘extractnumber’:
extract_number.c:98:5: warning: ignoring return value of ‘fgets’, declared with attribute warn_unused_result [-Wunused-result]
   98 |     fgets(varstr, 50000, varfp);
      |     ^~~~~~~~~~~~~~~~~~~~~~~~~~~
extract_number.c:108:5: warning: ignoring return value of ‘fgets’, declared with attribute warn_unused_result [-Wunused-result]
  108 |     fgets(vcfstr, 10000, vcffp);
      |     ^~~~~~~~~~~~~~~~~~~~~~~~~~~
gcc -I"/usr/local/lib/R/include" -DNDEBUG   -I/usr/local/include   -fpic  -g -O2 -fstack-protector-strong -Wformat -Werror=format-security -Wdate-time -D_FORTIFY_SOURCE=2 -g  -c extract_peaks.c -o extract_peaks.o
extract_peaks.c: In function ‘extractpeaks’:
extract_peaks.c:107:5: warning: ignoring return value of ‘fgets’, declared with attribute warn_unused_result [-Wunused-result]
  107 |     fgets(varstr, 50000, varfp);
      |     ^~~~~~~~~~~~~~~~~~~~~~~~~~~
extract_peaks.c:117:5: warning: ignoring return value of ‘fgets’, declared with attribute warn_unused_result [-Wunused-result]
  117 |     fgets(vcfstr, 10000, vcffp);
      |     ^~~~~~~~~~~~~~~~~~~~~~~~~~~
gcc -shared -L/usr/local/lib/R/lib -L/usr/local/lib -o geneXtendeR.so annotate.o extract_number.o extract_peaks.o -L/usr/local/lib/R/lib -lR
installing to /__w/gha-build/gha-build/built/00LOCK-geneXtendeR/00new/geneXtendeR/libs
** R
** data
*** moving datasets to lazyload DB
** inst
** byte-compile and prepare package for lazy loading
** help
*** installing help indices
** building package indices
** installing vignettes
** testing if installed package can be loaded from temporary location
** checking absolute paths in shared objects and dynamic libraries
** testing if installed package can be loaded from final location
** testing if installed package keeps a record of temporary installation path
* creating tarball
packaged installation of ‘geneXtendeR’ as ‘geneXtendeR_1.22.0_R_x86_64-pc-linux-gnu.tar.gz’
* DONE (geneXtendeR)
