* installing *source* package ‘GeneSelectMMD’ ...
** using staged installation
** libs
gcc -I"/usr/local/lib/R/include" -DNDEBUG   -I/usr/local/include   -fpic  -g -O2 -fstack-protector-strong -Wformat -Werror=format-security -Wdate-time -D_FORTIFY_SOURCE=2 -g  -c GeneSelectMMD_init.c -o GeneSelectMMD_init.o
gfortran -fno-optimize-sibling-calls  -fpic  -g -O2  -c Qfunc.f -o Qfunc.o
gfortran -fno-optimize-sibling-calls  -fpic  -g -O2  -c blas.f -o blas.o
gcc -I"/usr/local/lib/R/include" -DNDEBUG   -I/usr/local/include   -fpic  -g -O2 -fstack-protector-strong -Wformat -Werror=format-security -Wdate-time -D_FORTIFY_SOURCE=2 -g  -c isnan.c -o isnan.o
gfortran -fno-optimize-sibling-calls  -fpic  -g -O2  -c lbfgsb.f -o lbfgsb.o
gfortran -fno-optimize-sibling-calls  -fpic  -g -O2  -c lbfgsbDriver.f -o lbfgsbDriver.o
gfortran -fno-optimize-sibling-calls  -fpic  -g -O2  -c linpack.f -o linpack.o
gfortran -fno-optimize-sibling-calls  -fpic  -g -O2  -c llkhFun.f -o llkhFun.o
gfortran -fno-optimize-sibling-calls  -fpic  -g -O2  -c myTtest.f -o myTtest.o
gfortran -fno-optimize-sibling-calls  -fpic  -g -O2  -c paraEstLoop.f -o paraEstLoop.o
gcc -I"/usr/local/lib/R/include" -DNDEBUG   -I/usr/local/include   -fpic  -g -O2 -fstack-protector-strong -Wformat -Werror=format-security -Wdate-time -D_FORTIFY_SOURCE=2 -g  -c pt.c -o pt.o
gfortran -fno-optimize-sibling-calls  -fpic  -g -O2  -c timer.f -o timer.o
gfortran -fno-optimize-sibling-calls  -fpic  -g -O2  -c wiFun.f -o wiFun.o
gcc -shared -L/usr/local/lib/R/lib -L/usr/local/lib -o GeneSelectMMD.so GeneSelectMMD_init.o Qfunc.o blas.o isnan.o lbfgsb.o lbfgsbDriver.o linpack.o llkhFun.o myTtest.o paraEstLoop.o pt.o timer.o wiFun.o -lgfortran -lm -lquadmath -L/usr/local/lib/R/lib -lR
installing to /__w/gha-build/gha-build/built/00LOCK-GeneSelectMMD/00new/GeneSelectMMD/libs
** R
** inst
** byte-compile and prepare package for lazy loading
** help
*** installing help indices
** building package indices
** installing vignettes
** testing if installed package can be loaded from temporary location
** checking absolute paths in shared objects and dynamic libraries
** testing if installed package can be loaded from final location
** testing if installed package keeps a record of temporary installation path
* creating tarball
packaged installation of ‘GeneSelectMMD’ as ‘GeneSelectMMD_2.40.0_R_x86_64-pc-linux-gnu.tar.gz’
* DONE (GeneSelectMMD)
