* installing *source* package ‘genomation’ ...
** using staged installation
** libs
g++ -std=gnu++14 -I"/usr/local/lib/R/include" -DNDEBUG  -I'/usr/local/lib/R/site-library/Rcpp/include' -I/usr/local/include   -fpic  -g -O2 -fstack-protector-strong -Wformat -Werror=format-security -Wdate-time -D_FORTIFY_SOURCE=2 -g  -c RcppExports.cpp -o RcppExports.o
g++ -std=gnu++14 -I"/usr/local/lib/R/include" -DNDEBUG  -I'/usr/local/lib/R/site-library/Rcpp/include' -I/usr/local/include   -fpic  -g -O2 -fstack-protector-strong -Wformat -Werror=format-security -Wdate-time -D_FORTIFY_SOURCE=2 -g  -c binSum.cpp -o binSum.o
g++ -std=gnu++14 -shared -L/usr/local/lib/R/lib -L/usr/local/lib -o genomation.so RcppExports.o binSum.o -L/usr/local/lib/R/lib -lR
installing to /__w/gha-build/gha-build/built/00LOCK-genomation/00new/genomation/libs
** R
** data
** inst
** byte-compile and prepare package for lazy loading
Warning: replacing previous import ‘Biostrings::pattern’ by ‘grid::pattern’ when loading ‘genomation’
** help
*** installing help indices
** building package indices
** installing vignettes
** testing if installed package can be loaded from temporary location
Warning: replacing previous import ‘Biostrings::pattern’ by ‘grid::pattern’ when loading ‘genomation’
** checking absolute paths in shared objects and dynamic libraries
** testing if installed package can be loaded from final location
Warning: replacing previous import ‘Biostrings::pattern’ by ‘grid::pattern’ when loading ‘genomation’
** testing if installed package keeps a record of temporary installation path
* creating tarball
packaged installation of ‘genomation’ as ‘genomation_1.28.0_R_x86_64-pc-linux-gnu.tar.gz’
* DONE (genomation)
