* installing *source* package ‘genoCN’ ...
** using staged installation
** libs
gcc -I"/usr/local/lib/R/include" -DNDEBUG   -I/usr/local/include   -fpic  -g -O2 -fstack-protector-strong -Wformat -Werror=format-security -Wdate-time -D_FORTIFY_SOURCE=2 -g  -c tnorm_mle.c -o tnorm_mle.o
gcc -I"/usr/local/lib/R/include" -DNDEBUG   -I/usr/local/include   -fpic  -g -O2 -fstack-protector-strong -Wformat -Werror=format-security -Wdate-time -D_FORTIFY_SOURCE=2 -g  -c utility.c -o utility.o
utility.c: In function ‘readfile’:
utility.c:155:13: warning: ignoring return value of ‘fscanf’, declared with attribute warn_unused_result [-Wunused-result]
  155 |             fscanf(file,"%s",temp);
      |             ^~~~~~~~~~~~~~~~~~~~~~
gcc -I"/usr/local/lib/R/include" -DNDEBUG   -I/usr/local/include   -fpic  -g -O2 -fstack-protector-strong -Wformat -Werror=format-security -Wdate-time -D_FORTIFY_SOURCE=2 -g  -c xCNV.c -o xCNV.o
gcc -shared -L/usr/local/lib/R/lib -L/usr/local/lib -o genoCN.so tnorm_mle.o utility.o xCNV.o -L/usr/local/lib/R/lib -lR
installing to /__w/gha-build/gha-build/built/00LOCK-genoCN/00new/genoCN/libs
** R
** data
** inst
** byte-compile and prepare package for lazy loading
** help
*** installing help indices
** building package indices
** installing vignettes
** testing if installed package can be loaded from temporary location
** checking absolute paths in shared objects and dynamic libraries
** testing if installed package can be loaded from final location
** testing if installed package keeps a record of temporary installation path
* creating tarball
packaged installation of ‘genoCN’ as ‘genoCN_1.48.0_R_x86_64-pc-linux-gnu.tar.gz’
* DONE (genoCN)
