* installing *source* package ‘gpuMagic’ ...
** using staged installation
** libs
g++ -std=gnu++11 -I"/usr/local/lib/R/include" -DNDEBUG -I/usr/local/lib/R/include -I../inst/include/OpenCL_header -DCL_TARGET_OPENCL_VERSION=220 -DCL_USE_DEPRECATED_OPENCL_1_2_APIS  -DCL_SILENCE_DEPRECATION -I'/__w/gha-build/gha-build/built/Rcpp/include' -I/usr/local/include   -fpic  -g -O2 -fstack-protector-strong -Wformat -Werror=format-security -Wdate-time -D_FORTIFY_SOURCE=2 -g  -c C_Interface.cpp -o C_Interface.o
g++ -std=gnu++11 -I"/usr/local/lib/R/include" -DNDEBUG -I/usr/local/lib/R/include -I../inst/include/OpenCL_header -DCL_TARGET_OPENCL_VERSION=220 -DCL_USE_DEPRECATED_OPENCL_1_2_APIS  -DCL_SILENCE_DEPRECATION -I'/__w/gha-build/gha-build/built/Rcpp/include' -I/usr/local/include   -fpic  -g -O2 -fstack-protector-strong -Wformat -Werror=format-security -Wdate-time -D_FORTIFY_SOURCE=2 -g  -c R_functionRegistration.cpp -o R_functionRegistration.o
g++ -std=gnu++11 -I"/usr/local/lib/R/include" -DNDEBUG -I/usr/local/lib/R/include -I../inst/include/OpenCL_header -DCL_TARGET_OPENCL_VERSION=220 -DCL_USE_DEPRECATED_OPENCL_1_2_APIS  -DCL_SILENCE_DEPRECATION -I'/__w/gha-build/gha-build/built/Rcpp/include' -I/usr/local/include   -fpic  -g -O2 -fstack-protector-strong -Wformat -Werror=format-security -Wdate-time -D_FORTIFY_SOURCE=2 -g  -c Tools.cpp -o Tools.o
g++ -std=gnu++11 -I"/usr/local/lib/R/include" -DNDEBUG -I/usr/local/lib/R/include -I../inst/include/OpenCL_header -DCL_TARGET_OPENCL_VERSION=220 -DCL_USE_DEPRECATED_OPENCL_1_2_APIS  -DCL_SILENCE_DEPRECATION -I'/__w/gha-build/gha-build/built/Rcpp/include' -I/usr/local/include   -fpic  -g -O2 -fstack-protector-strong -Wformat -Werror=format-security -Wdate-time -D_FORTIFY_SOURCE=2 -g  -c kernelManager.cpp -o kernelManager.o
g++ -std=gnu++11 -I"/usr/local/lib/R/include" -DNDEBUG -I/usr/local/lib/R/include -I../inst/include/OpenCL_header -DCL_TARGET_OPENCL_VERSION=220 -DCL_USE_DEPRECATED_OPENCL_1_2_APIS  -DCL_SILENCE_DEPRECATION -I'/__w/gha-build/gha-build/built/Rcpp/include' -I/usr/local/include   -fpic  -g -O2 -fstack-protector-strong -Wformat -Werror=format-security -Wdate-time -D_FORTIFY_SOURCE=2 -g  -c openArray.cpp -o openArray.o
g++ -std=gnu++11 -shared -L/usr/local/lib/R/lib -L/usr/local/lib -o gpuMagic.so C_Interface.o R_functionRegistration.o Tools.o kernelManager.o openArray.o -lOpenCL -L/usr/local/lib/R/lib -lR
installing to /__w/gha-build/gha-build/built/00LOCK-gpuMagic/00new/gpuMagic/libs
** R
** inst
** byte-compile and prepare package for lazy loading
** help
*** installing help indices
** building package indices
** installing vignettes
** testing if installed package can be loaded from temporary location
No device has been found, please make sure the computer has a graphic card or the driver has been properly installed.
Hint:
For CPU, you can install the intel's / ATI's graphic driver for the intel's / AMD's CPU respectively.
For GPU, you need to download the graphic driver from your vendor's website.
** checking absolute paths in shared objects and dynamic libraries
** testing if installed package can be loaded from final location
No device has been found, please make sure the computer has a graphic card or the driver has been properly installed.
Hint:
For CPU, you can install the intel's / ATI's graphic driver for the intel's / AMD's CPU respectively.
For GPU, you need to download the graphic driver from your vendor's website.
** testing if installed package keeps a record of temporary installation path
* creating tarball
packaged installation of ‘gpuMagic’ as ‘gpuMagic_1.12.0_R_x86_64-pc-linux-gnu.tar.gz’
* DONE (gpuMagic)
