* installing *source* package ‘hapFabia’ ...
** using staged installation
** libs
gcc -I"/usr/local/lib/R/include" -DNDEBUG   -I/usr/local/include   -fpic  -g -O2 -fstack-protector-strong -Wformat -Werror=format-security -Wdate-time -D_FORTIFY_SOURCE=2 -g  -c interfaceR.c -o interfaceR.o
gcc -I"/usr/local/lib/R/include" -DNDEBUG   -I/usr/local/include   -fpic  -g -O2 -fstack-protector-strong -Wformat -Werror=format-security -Wdate-time -D_FORTIFY_SOURCE=2 -g  -c split_sparse_matrixB.c -o split_sparse_matrixB.o
gcc -I"/usr/local/lib/R/include" -DNDEBUG   -I/usr/local/include   -fpic  -g -O2 -fstack-protector-strong -Wformat -Werror=format-security -Wdate-time -D_FORTIFY_SOURCE=2 -g  -c vcftoFABIAB.c -o vcftoFABIAB.o
gcc -shared -L/usr/local/lib/R/lib -L/usr/local/lib -o hapFabia.so interfaceR.o split_sparse_matrixB.o vcftoFABIAB.o -L/usr/local/lib/R/lib -lR
gcc -c ./commandLine/split_sparse_matrix.c -o ./commandLine/split_sparse_matrix.o -g -O2 -fstack-protector-strong -Wformat -Werror=format-security -Wdate-time -D_FORTIFY_SOURCE=2 -g 
gcc -c split_sparse_matrixB.c -o ./commandLine/split_sparse_matrixB.o -g -O2 -fstack-protector-strong -Wformat -Werror=format-security -Wdate-time -D_FORTIFY_SOURCE=2 -g 
gcc ./commandLine/split_sparse_matrix.o ./commandLine/split_sparse_matrixB.o -o ./commandLine/split_sparse_matrix
mv ./commandLine/split_sparse_matrix ../inst/commandLine/
gcc -c ./commandLine/vcftoFABIA.c -o ./commandLine/vcftoFABIA.o -g -O2 -fstack-protector-strong -Wformat -Werror=format-security -Wdate-time -D_FORTIFY_SOURCE=2 -g 
gcc -c vcftoFABIAB.c -o ./commandLine/vcftoFABIAB.o -g -O2 -fstack-protector-strong -Wformat -Werror=format-security -Wdate-time -D_FORTIFY_SOURCE=2 -g 
gcc ./commandLine/vcftoFABIA.o ./commandLine/vcftoFABIAB.o -o ./commandLine/vcftoFABIA
mv ./commandLine/vcftoFABIA ../inst/commandLine/
installing to /__w/gha-build/gha-build/built/00LOCK-hapFabia/00new/hapFabia/libs
** R
** data
** inst
** byte-compile and prepare package for lazy loading
** help
*** installing help indices
** building package indices
** installing vignettes
** testing if installed package can be loaded from temporary location
** checking absolute paths in shared objects and dynamic libraries
** testing if installed package can be loaded from final location
** testing if installed package keeps a record of temporary installation path
* creating tarball
packaged installation of ‘hapFabia’ as ‘hapFabia_1.38.0_R_x86_64-pc-linux-gnu.tar.gz’
* DONE (hapFabia)
