* installing *source* package ‘HDF5Array’ ...
** using staged installation
** libs
gcc -I"/usr/local/lib/R/include" -DNDEBUG  -I'/__w/gha-build/gha-build/built/S4Vectors/include' -I'/__w/gha-build/gha-build/built/Rhdf5lib/include' -I/usr/local/include   -fpic  -g -O2 -fstack-protector-strong -Wformat -Werror=format-security -Wdate-time -D_FORTIFY_SOURCE=2 -g  -c S4Vectors_stubs.c -o S4Vectors_stubs.o
gcc -I"/usr/local/lib/R/include" -DNDEBUG  -I'/__w/gha-build/gha-build/built/S4Vectors/include' -I'/__w/gha-build/gha-build/built/Rhdf5lib/include' -I/usr/local/include   -fpic  -g -O2 -fstack-protector-strong -Wformat -Werror=format-security -Wdate-time -D_FORTIFY_SOURCE=2 -g  -c H5File.c -o H5File.o
gcc -I"/usr/local/lib/R/include" -DNDEBUG  -I'/__w/gha-build/gha-build/built/S4Vectors/include' -I'/__w/gha-build/gha-build/built/Rhdf5lib/include' -I/usr/local/include   -fpic  -g -O2 -fstack-protector-strong -Wformat -Werror=format-security -Wdate-time -D_FORTIFY_SOURCE=2 -g  -c global_errmsg_buf.c -o global_errmsg_buf.o
gcc -I"/usr/local/lib/R/include" -DNDEBUG  -I'/__w/gha-build/gha-build/built/S4Vectors/include' -I'/__w/gha-build/gha-build/built/Rhdf5lib/include' -I/usr/local/include   -fpic  -g -O2 -fstack-protector-strong -Wformat -Werror=format-security -Wdate-time -D_FORTIFY_SOURCE=2 -g  -c H5DSetDescriptor.c -o H5DSetDescriptor.o
gcc -I"/usr/local/lib/R/include" -DNDEBUG  -I'/__w/gha-build/gha-build/built/S4Vectors/include' -I'/__w/gha-build/gha-build/built/Rhdf5lib/include' -I/usr/local/include   -fpic  -g -O2 -fstack-protector-strong -Wformat -Werror=format-security -Wdate-time -D_FORTIFY_SOURCE=2 -g  -c h5dimscales.c -o h5dimscales.o
gcc -I"/usr/local/lib/R/include" -DNDEBUG  -I'/__w/gha-build/gha-build/built/S4Vectors/include' -I'/__w/gha-build/gha-build/built/Rhdf5lib/include' -I/usr/local/include   -fpic  -g -O2 -fstack-protector-strong -Wformat -Werror=format-security -Wdate-time -D_FORTIFY_SOURCE=2 -g  -c uaselection.c -o uaselection.o
gcc -I"/usr/local/lib/R/include" -DNDEBUG  -I'/__w/gha-build/gha-build/built/S4Vectors/include' -I'/__w/gha-build/gha-build/built/Rhdf5lib/include' -I/usr/local/include   -fpic  -g -O2 -fstack-protector-strong -Wformat -Werror=format-security -Wdate-time -D_FORTIFY_SOURCE=2 -g  -c h5mread_helpers.c -o h5mread_helpers.o
gcc -I"/usr/local/lib/R/include" -DNDEBUG  -I'/__w/gha-build/gha-build/built/S4Vectors/include' -I'/__w/gha-build/gha-build/built/Rhdf5lib/include' -I/usr/local/include   -fpic  -g -O2 -fstack-protector-strong -Wformat -Werror=format-security -Wdate-time -D_FORTIFY_SOURCE=2 -g  -c h5mread_startscounts.c -o h5mread_startscounts.o
gcc -I"/usr/local/lib/R/include" -DNDEBUG  -I'/__w/gha-build/gha-build/built/S4Vectors/include' -I'/__w/gha-build/gha-build/built/Rhdf5lib/include' -I/usr/local/include   -fpic  -g -O2 -fstack-protector-strong -Wformat -Werror=format-security -Wdate-time -D_FORTIFY_SOURCE=2 -g  -c ChunkIterator.c -o ChunkIterator.o
gcc -I"/usr/local/lib/R/include" -DNDEBUG  -I'/__w/gha-build/gha-build/built/S4Vectors/include' -I'/__w/gha-build/gha-build/built/Rhdf5lib/include' -I/usr/local/include   -fpic  -g -O2 -fstack-protector-strong -Wformat -Werror=format-security -Wdate-time -D_FORTIFY_SOURCE=2 -g  -c h5mread_index.c -o h5mread_index.o
gcc -I"/usr/local/lib/R/include" -DNDEBUG  -I'/__w/gha-build/gha-build/built/S4Vectors/include' -I'/__w/gha-build/gha-build/built/Rhdf5lib/include' -I/usr/local/include   -fpic  -g -O2 -fstack-protector-strong -Wformat -Werror=format-security -Wdate-time -D_FORTIFY_SOURCE=2 -g  -c h5mread_sparse.c -o h5mread_sparse.o
gcc -I"/usr/local/lib/R/include" -DNDEBUG  -I'/__w/gha-build/gha-build/built/S4Vectors/include' -I'/__w/gha-build/gha-build/built/Rhdf5lib/include' -I/usr/local/include   -fpic  -g -O2 -fstack-protector-strong -Wformat -Werror=format-security -Wdate-time -D_FORTIFY_SOURCE=2 -g  -c h5mread.c -o h5mread.o
gcc -I"/usr/local/lib/R/include" -DNDEBUG  -I'/__w/gha-build/gha-build/built/S4Vectors/include' -I'/__w/gha-build/gha-build/built/Rhdf5lib/include' -I/usr/local/include   -fpic  -g -O2 -fstack-protector-strong -Wformat -Werror=format-security -Wdate-time -D_FORTIFY_SOURCE=2 -g  -c h5summarize.c -o h5summarize.o
gcc -I"/usr/local/lib/R/include" -DNDEBUG  -I'/__w/gha-build/gha-build/built/S4Vectors/include' -I'/__w/gha-build/gha-build/built/Rhdf5lib/include' -I/usr/local/include   -fpic  -g -O2 -fstack-protector-strong -Wformat -Werror=format-security -Wdate-time -D_FORTIFY_SOURCE=2 -g  -c R_init_HDF5Array.c -o R_init_HDF5Array.o
gcc -shared -L/usr/local/lib/R/lib -L/usr/local/lib -o HDF5Array.so S4Vectors_stubs.o H5File.o global_errmsg_buf.o H5DSetDescriptor.o h5dimscales.o uaselection.o h5mread_helpers.o h5mread_startscounts.o ChunkIterator.o h5mread_index.o h5mread_sparse.o h5mread.o h5summarize.o R_init_HDF5Array.o /__w/gha-build/gha-build/built/Rhdf5lib/lib/libhdf5_hl.a /__w/gha-build/gha-build/built/Rhdf5lib/lib/libhdf5.a -lcrypto -lcurl -lsz -laec -lz -ldl -lm -L/usr/local/lib/R/lib -lR
installing to /__w/gha-build/gha-build/built/00LOCK-HDF5Array/00new/HDF5Array/libs
** R
** inst
** byte-compile and prepare package for lazy loading
** help
*** installing help indices
** building package indices
** testing if installed package can be loaded from temporary location
** checking absolute paths in shared objects and dynamic libraries
** testing if installed package can be loaded from final location
** testing if installed package keeps a record of temporary installation path
* creating tarball
packaged installation of ‘HDF5Array’ as ‘HDF5Array_1.24.2_R_x86_64-pc-linux-gnu.tar.gz’
* DONE (HDF5Array)
