* installing *source* package ‘HDTD’ ...
** using staged installation
** libs
g++ -std=gnu++14 -I"/usr/local/lib/R/include" -DNDEBUG  -I'/usr/local/lib/R/site-library/Rcpp/include' -I'/__w/gha-build/gha-build/built/RcppArmadillo/include' -I/usr/local/include  -fopenmp  -fpic  -g -O2 -fstack-protector-strong -Wformat -Werror=format-security -Wdate-time -D_FORTIFY_SOURCE=2 -g  -c HDTDcpp.cpp -o HDTDcpp.o
g++ -std=gnu++14 -I"/usr/local/lib/R/include" -DNDEBUG  -I'/usr/local/lib/R/site-library/Rcpp/include' -I'/__w/gha-build/gha-build/built/RcppArmadillo/include' -I/usr/local/include  -fopenmp  -fpic  -g -O2 -fstack-protector-strong -Wformat -Werror=format-security -Wdate-time -D_FORTIFY_SOURCE=2 -g  -c RcppExports.cpp -o RcppExports.o
g++ -std=gnu++14 -shared -L/usr/local/lib/R/lib -L/usr/local/lib -o HDTD.so HDTDcpp.o RcppExports.o -fopenmp -llapack -lblas -lgfortran -lm -lquadmath -L/usr/local/lib/R/lib -lR
installing to /__w/gha-build/gha-build/built/00LOCK-HDTD/00new/HDTD/libs
** R
** data
** inst
** byte-compile and prepare package for lazy loading
** help
*** installing help indices
** building package indices
** installing vignettes
** testing if installed package can be loaded from temporary location
** checking absolute paths in shared objects and dynamic libraries
** testing if installed package can be loaded from final location
** testing if installed package keeps a record of temporary installation path
* creating tarball
packaged installation of ‘HDTD’ as ‘HDTD_1.30.0_R_x86_64-pc-linux-gnu.tar.gz’
* DONE (HDTD)
