* installing *source* package ‘HMMcopy’ ...
** using staged installation
** libs
gcc -I"/usr/local/lib/R/include" -DNDEBUG   -I/usr/local/include   -fpic  -g -O2 -fstack-protector-strong -Wformat -Werror=format-security -Wdate-time -D_FORTIFY_SOURCE=2 -g  -c forward_backward.c -o forward_backward.o
gcc -I"/usr/local/lib/R/include" -DNDEBUG   -I/usr/local/include   -fpic  -g -O2 -fstack-protector-strong -Wformat -Werror=format-security -Wdate-time -D_FORTIFY_SOURCE=2 -g  -c register.c -o register.o
gcc -I"/usr/local/lib/R/include" -DNDEBUG   -I/usr/local/include   -fpic  -g -O2 -fstack-protector-strong -Wformat -Werror=format-security -Wdate-time -D_FORTIFY_SOURCE=2 -g  -c viterbi.c -o viterbi.o
gcc -shared -L/usr/local/lib/R/lib -L/usr/local/lib -o HMMcopy.so forward_backward.o register.o viterbi.o -L/usr/local/lib/R/lib -lR
installing to /__w/gha-build/gha-build/built/00LOCK-HMMcopy/00new/HMMcopy/libs
** R
** data
** inst
** byte-compile and prepare package for lazy loading
** help
*** installing help indices
** building package indices
** installing vignettes
** testing if installed package can be loaded from temporary location
** checking absolute paths in shared objects and dynamic libraries
** testing if installed package can be loaded from final location
** testing if installed package keeps a record of temporary installation path
* creating tarball
packaged installation of ‘HMMcopy’ as ‘HMMcopy_1.38.0_R_x86_64-pc-linux-gnu.tar.gz’
* DONE (HMMcopy)
