* installing *source* package ‘hopach’ ...
** using staged installation
** libs
gcc -I"/usr/local/lib/R/include" -DNDEBUG   -I/usr/local/include   -fpic  -g -O2 -fstack-protector-strong -Wformat -Werror=format-security -Wdate-time -D_FORTIFY_SOURCE=2 -g  -c Rdistances.c -o Rdistances.o
gcc -I"/usr/local/lib/R/include" -DNDEBUG   -I/usr/local/include   -fpic  -g -O2 -fstack-protector-strong -Wformat -Werror=format-security -Wdate-time -D_FORTIFY_SOURCE=2 -g  -c hdist.c -o hdist.o
gcc -shared -L/usr/local/lib/R/lib -L/usr/local/lib -o hopach.so Rdistances.o hdist.o -L/usr/local/lib/R/lib -lR
installing to /__w/gha-build/gha-build/built/00LOCK-hopach/00new/hopach/libs
** R
** data
** inst
** byte-compile and prepare package for lazy loading
Creating a generic function from function ‘as.hdist’ in package ‘hopach’
** help
*** installing help indices
** building package indices
** installing vignettes
** testing if installed package can be loaded from temporary location
** checking absolute paths in shared objects and dynamic libraries
** testing if installed package can be loaded from final location
** testing if installed package keeps a record of temporary installation path
* creating tarball
packaged installation of ‘hopach’ as ‘hopach_2.56.0_R_x86_64-pc-linux-gnu.tar.gz’
* DONE (hopach)
