* installing *source* package ‘iBMQ’ ...
** using staged installation
checking for gcc... gcc
checking whether the C compiler works... yes
checking for C compiler default output file name... a.out
checking for suffix of executables... 
checking whether we are cross compiling... no
checking for suffix of object files... o
checking whether we are using the GNU C compiler... yes
checking whether gcc accepts -g... yes
checking for gcc option to accept ISO C89... none needed
checking how to run the C preprocessor... gcc -E
checking for pkg-config... /usr/bin/pkg-config
checking pkg-config is at least version 0.9.0... yes
checking for GSL... yes
checking for grep that handles long lines and -e... /usr/bin/grep
checking for egrep... /usr/bin/grep -E
checking for ANSI C header files... yes
checking for sys/types.h... yes
checking for sys/stat.h... yes
checking for stdlib.h... yes
checking for string.h... yes
checking for memory.h... yes
checking for strings.h... yes
checking for inttypes.h... yes
checking for stdint.h... yes
checking for unistd.h... yes
checking omp.h usability... yes
checking omp.h presence... yes
checking for omp.h... yes
configure: creating ./config.status
config.status: creating src/Makevars
** libs
gcc -I"/usr/local/lib/R/include" -DNDEBUG   -I/usr/local/include  -fopenmp -fpic  -g -O2 -fstack-protector-strong -Wformat -Werror=format-security -Wdate-time -D_FORTIFY_SOURCE=2 -g  -c ARS.c -o ARS.o
gcc -I"/usr/local/lib/R/include" -DNDEBUG   -I/usr/local/include  -fopenmp -fpic  -g -O2 -fstack-protector-strong -Wformat -Werror=format-security -Wdate-time -D_FORTIFY_SOURCE=2 -g  -c RngStream.c -o RngStream.o
In file included from /usr/include/string.h:495,
                 from RngStream.c:17:
In function ‘strncpy’,
    inlined from ‘RngStream_CreateStream’ at RngStream.c:321:7:
/usr/include/x86_64-linux-gnu/bits/string_fortified.h:106:10: warning: ‘__builtin_strncpy’ specified bound depends on the length of the source argument [-Wstringop-overflow=]
  106 |   return __builtin___strncpy_chk (__dest, __src, __len, __bos (__dest));
      |          ^~~~~~~~~~~~~~~~~~~~~~~~~~~~~~~~~~~~~~~~~~~~~~~~~~~~~~~~~~~~~~
RngStream.c: In function ‘RngStream_CreateStream’:
RngStream.c:319:13: note: length computed here
  319 |       len = strlen (name);
      |             ^~~~~~~~~~~~~
gcc -I"/usr/local/lib/R/include" -DNDEBUG   -I/usr/local/include  -fopenmp -fpic  -g -O2 -fstack-protector-strong -Wformat -Werror=format-security -Wdate-time -D_FORTIFY_SOURCE=2 -g  -c iBMQ_common.c -o iBMQ_common.o
gcc -I"/usr/local/lib/R/include" -DNDEBUG   -I/usr/local/include  -fopenmp -fpic  -g -O2 -fstack-protector-strong -Wformat -Werror=format-security -Wdate-time -D_FORTIFY_SOURCE=2 -g  -c main_parallel_sparse.c -o main_parallel_sparse.o
gcc -I"/usr/local/lib/R/include" -DNDEBUG   -I/usr/local/include  -fopenmp -fpic  -g -O2 -fstack-protector-strong -Wformat -Werror=format-security -Wdate-time -D_FORTIFY_SOURCE=2 -g  -c main_parallel_sparse_constC.c -o main_parallel_sparse_constC.o
gcc -I"/usr/local/lib/R/include" -DNDEBUG   -I/usr/local/include  -fopenmp -fpic  -g -O2 -fstack-protector-strong -Wformat -Werror=format-security -Wdate-time -D_FORTIFY_SOURCE=2 -g  -c norm_gamma_generation.c -o norm_gamma_generation.o
gcc -I"/usr/local/lib/R/include" -DNDEBUG   -I/usr/local/include  -fopenmp -fpic  -g -O2 -fstack-protector-strong -Wformat -Werror=format-security -Wdate-time -D_FORTIFY_SOURCE=2 -g  -c sparse.c -o sparse.o
gcc -shared -L/usr/local/lib/R/lib -L/usr/local/lib -o iBMQ.so ARS.o RngStream.o iBMQ_common.o main_parallel_sparse.o main_parallel_sparse_constC.o norm_gamma_generation.o sparse.o -lgsl -lgslcblas -lm -lgomp -L/usr/local/lib/R/lib -lR
installing to /__w/gha-build/gha-build/built/00LOCK-iBMQ/00new/iBMQ/libs
** R
** data
** inst
** byte-compile and prepare package for lazy loading
** help
*** installing help indices
** building package indices
** installing vignettes
** testing if installed package can be loaded from temporary location
** checking absolute paths in shared objects and dynamic libraries
** testing if installed package can be loaded from final location
** testing if installed package keeps a record of temporary installation path
* creating tarball
packaged installation of ‘iBMQ’ as ‘iBMQ_1.36.0_R_x86_64-pc-linux-gnu.tar.gz’
* DONE (iBMQ)
