* installing *source* package ‘ISoLDE’ ...
** using staged installation
** libs
gcc -I"/usr/local/lib/R/include" -DNDEBUG   -I/usr/local/include  -fopenmp -fpic  -g -O2 -fstack-protector-strong -Wformat -Werror=format-security -Wdate-time -D_FORTIFY_SOURCE=2 -g  -c Isolde.c -o Isolde.o
gcc -shared -L/usr/local/lib/R/lib -L/usr/local/lib -o ISoLDE.so Isolde.o -fopenmp -L/usr/local/lib/R/lib -lR
installing to /__w/gha-build/gha-build/built/00LOCK-ISoLDE/00new/ISoLDE/libs
** R
** data
** inst
** byte-compile and prepare package for lazy loading
** help
*** installing help indices
** building package indices
** installing vignettes
** testing if installed package can be loaded from temporary location
** checking absolute paths in shared objects and dynamic libraries
** testing if installed package can be loaded from final location
** testing if installed package keeps a record of temporary installation path
* creating tarball
packaged installation of ‘ISoLDE’ as ‘ISoLDE_1.24.0_R_x86_64-pc-linux-gnu.tar.gz’
* DONE (ISoLDE)
