* installing *source* package ‘kebabs’ ...
** using staged installation
** libs
gcc -I"/usr/local/lib/R/include" -DNDEBUG -DSTRICT_R_HEADERS -I'/__w/gha-build/gha-build/built/IRanges/include' -I'/__w/gha-build/gha-build/built/XVector/include' -I'/__w/gha-build/gha-build/built/Biostrings/include' -I'/__w/gha-build/gha-build/built/Rcpp/include' -I'/__w/gha-build/gha-build/built/S4Vectors/include' -I/usr/local/include   -fpic  -g -O2 -fstack-protector-strong -Wformat -Werror=format-security -Wdate-time -D_FORTIFY_SOURCE=2 -g  -c Biostrings_stubs.c -o Biostrings_stubs.o
gcc -I"/usr/local/lib/R/include" -DNDEBUG -DSTRICT_R_HEADERS -I'/__w/gha-build/gha-build/built/IRanges/include' -I'/__w/gha-build/gha-build/built/XVector/include' -I'/__w/gha-build/gha-build/built/Biostrings/include' -I'/__w/gha-build/gha-build/built/Rcpp/include' -I'/__w/gha-build/gha-build/built/S4Vectors/include' -I/usr/local/include   -fpic  -g -O2 -fstack-protector-strong -Wformat -Werror=format-security -Wdate-time -D_FORTIFY_SOURCE=2 -g  -c ByteStringVector.c -o ByteStringVector.o
g++ -std=gnu++14 -I"/usr/local/lib/R/include" -DNDEBUG -DSTRICT_R_HEADERS -I'/__w/gha-build/gha-build/built/IRanges/include' -I'/__w/gha-build/gha-build/built/XVector/include' -I'/__w/gha-build/gha-build/built/Biostrings/include' -I'/__w/gha-build/gha-build/built/Rcpp/include' -I'/__w/gha-build/gha-build/built/S4Vectors/include' -I/usr/local/include   -fpic  -g -O2 -fstack-protector-strong -Wformat -Werror=format-security -Wdate-time -D_FORTIFY_SOURCE=2 -g  -c ExplicitRepC.cpp -o ExplicitRepC.o
g++ -std=gnu++14 -I"/usr/local/lib/R/include" -DNDEBUG -DSTRICT_R_HEADERS -I'/__w/gha-build/gha-build/built/IRanges/include' -I'/__w/gha-build/gha-build/built/XVector/include' -I'/__w/gha-build/gha-build/built/Biostrings/include' -I'/__w/gha-build/gha-build/built/Rcpp/include' -I'/__w/gha-build/gha-build/built/S4Vectors/include' -I/usr/local/include   -fpic  -g -O2 -fstack-protector-strong -Wformat -Werror=format-security -Wdate-time -D_FORTIFY_SOURCE=2 -g  -c FeatureWeightsPosDepC.cpp -o FeatureWeightsPosDepC.o
g++ -std=gnu++14 -I"/usr/local/lib/R/include" -DNDEBUG -DSTRICT_R_HEADERS -I'/__w/gha-build/gha-build/built/IRanges/include' -I'/__w/gha-build/gha-build/built/XVector/include' -I'/__w/gha-build/gha-build/built/Biostrings/include' -I'/__w/gha-build/gha-build/built/Rcpp/include' -I'/__w/gha-build/gha-build/built/S4Vectors/include' -I/usr/local/include   -fpic  -g -O2 -fstack-protector-strong -Wformat -Werror=format-security -Wdate-time -D_FORTIFY_SOURCE=2 -g  -c GappyPairC.cpp -o GappyPairC.o
gcc -I"/usr/local/lib/R/include" -DNDEBUG -DSTRICT_R_HEADERS -I'/__w/gha-build/gha-build/built/IRanges/include' -I'/__w/gha-build/gha-build/built/XVector/include' -I'/__w/gha-build/gha-build/built/Biostrings/include' -I'/__w/gha-build/gha-build/built/Rcpp/include' -I'/__w/gha-build/gha-build/built/S4Vectors/include' -I/usr/local/include   -fpic  -g -O2 -fstack-protector-strong -Wformat -Werror=format-security -Wdate-time -D_FORTIFY_SOURCE=2 -g  -c IRanges_stubs.c -o IRanges_stubs.o
g++ -std=gnu++14 -I"/usr/local/lib/R/include" -DNDEBUG -DSTRICT_R_HEADERS -I'/__w/gha-build/gha-build/built/IRanges/include' -I'/__w/gha-build/gha-build/built/XVector/include' -I'/__w/gha-build/gha-build/built/Biostrings/include' -I'/__w/gha-build/gha-build/built/Rcpp/include' -I'/__w/gha-build/gha-build/built/S4Vectors/include' -I/usr/local/include   -fpic  -g -O2 -fstack-protector-strong -Wformat -Werror=format-security -Wdate-time -D_FORTIFY_SOURCE=2 -g  -c KernelUtils.cpp -o KernelUtils.o
g++ -std=gnu++14 -I"/usr/local/lib/R/include" -DNDEBUG -DSTRICT_R_HEADERS -I'/__w/gha-build/gha-build/built/IRanges/include' -I'/__w/gha-build/gha-build/built/XVector/include' -I'/__w/gha-build/gha-build/built/Biostrings/include' -I'/__w/gha-build/gha-build/built/Rcpp/include' -I'/__w/gha-build/gha-build/built/S4Vectors/include' -I/usr/local/include   -fpic  -g -O2 -fstack-protector-strong -Wformat -Werror=format-security -Wdate-time -D_FORTIFY_SOURCE=2 -g  -c MismatchC.cpp -o MismatchC.o
g++ -std=gnu++14 -I"/usr/local/lib/R/include" -DNDEBUG -DSTRICT_R_HEADERS -I'/__w/gha-build/gha-build/built/IRanges/include' -I'/__w/gha-build/gha-build/built/XVector/include' -I'/__w/gha-build/gha-build/built/Biostrings/include' -I'/__w/gha-build/gha-build/built/Rcpp/include' -I'/__w/gha-build/gha-build/built/S4Vectors/include' -I/usr/local/include   -fpic  -g -O2 -fstack-protector-strong -Wformat -Werror=format-security -Wdate-time -D_FORTIFY_SOURCE=2 -g  -c MotifC.cpp -o MotifC.o
g++ -std=gnu++14 -I"/usr/local/lib/R/include" -DNDEBUG -DSTRICT_R_HEADERS -I'/__w/gha-build/gha-build/built/IRanges/include' -I'/__w/gha-build/gha-build/built/XVector/include' -I'/__w/gha-build/gha-build/built/Biostrings/include' -I'/__w/gha-build/gha-build/built/Rcpp/include' -I'/__w/gha-build/gha-build/built/S4Vectors/include' -I/usr/local/include   -fpic  -g -O2 -fstack-protector-strong -Wformat -Werror=format-security -Wdate-time -D_FORTIFY_SOURCE=2 -g  -c PredictionC.cpp -o PredictionC.o
g++ -std=gnu++14 -I"/usr/local/lib/R/include" -DNDEBUG -DSTRICT_R_HEADERS -I'/__w/gha-build/gha-build/built/IRanges/include' -I'/__w/gha-build/gha-build/built/XVector/include' -I'/__w/gha-build/gha-build/built/Biostrings/include' -I'/__w/gha-build/gha-build/built/Rcpp/include' -I'/__w/gha-build/gha-build/built/S4Vectors/include' -I/usr/local/include   -fpic  -g -O2 -fstack-protector-strong -Wformat -Werror=format-security -Wdate-time -D_FORTIFY_SOURCE=2 -g  -c PredictionProfileC.cpp -o PredictionProfileC.o
g++ -std=gnu++14 -I"/usr/local/lib/R/include" -DNDEBUG -DSTRICT_R_HEADERS -I'/__w/gha-build/gha-build/built/IRanges/include' -I'/__w/gha-build/gha-build/built/XVector/include' -I'/__w/gha-build/gha-build/built/Biostrings/include' -I'/__w/gha-build/gha-build/built/Rcpp/include' -I'/__w/gha-build/gha-build/built/S4Vectors/include' -I/usr/local/include   -fpic  -g -O2 -fstack-protector-strong -Wformat -Werror=format-security -Wdate-time -D_FORTIFY_SOURCE=2 -g  -c R_init_kebabs.cpp -o R_init_kebabs.o
gcc -I"/usr/local/lib/R/include" -DNDEBUG -DSTRICT_R_HEADERS -I'/__w/gha-build/gha-build/built/IRanges/include' -I'/__w/gha-build/gha-build/built/XVector/include' -I'/__w/gha-build/gha-build/built/Biostrings/include' -I'/__w/gha-build/gha-build/built/Rcpp/include' -I'/__w/gha-build/gha-build/built/S4Vectors/include' -I/usr/local/include   -fpic  -g -O2 -fstack-protector-strong -Wformat -Werror=format-security -Wdate-time -D_FORTIFY_SOURCE=2 -g  -c Rsvm.c -o Rsvm.o
g++ -std=gnu++14 -I"/usr/local/lib/R/include" -DNDEBUG -DSTRICT_R_HEADERS -I'/__w/gha-build/gha-build/built/IRanges/include' -I'/__w/gha-build/gha-build/built/XVector/include' -I'/__w/gha-build/gha-build/built/Biostrings/include' -I'/__w/gha-build/gha-build/built/Rcpp/include' -I'/__w/gha-build/gha-build/built/S4Vectors/include' -I/usr/local/include   -fpic  -g -O2 -fstack-protector-strong -Wformat -Werror=format-security -Wdate-time -D_FORTIFY_SOURCE=2 -g  -c SparseMatrixHash.cpp -o SparseMatrixHash.o
g++ -std=gnu++14 -I"/usr/local/lib/R/include" -DNDEBUG -DSTRICT_R_HEADERS -I'/__w/gha-build/gha-build/built/IRanges/include' -I'/__w/gha-build/gha-build/built/XVector/include' -I'/__w/gha-build/gha-build/built/Biostrings/include' -I'/__w/gha-build/gha-build/built/Rcpp/include' -I'/__w/gha-build/gha-build/built/S4Vectors/include' -I/usr/local/include   -fpic  -g -O2 -fstack-protector-strong -Wformat -Werror=format-security -Wdate-time -D_FORTIFY_SOURCE=2 -g  -c SpectrumC.cpp -o SpectrumC.o
g++ -std=gnu++14 -I"/usr/local/lib/R/include" -DNDEBUG -DSTRICT_R_HEADERS -I'/__w/gha-build/gha-build/built/IRanges/include' -I'/__w/gha-build/gha-build/built/XVector/include' -I'/__w/gha-build/gha-build/built/Biostrings/include' -I'/__w/gha-build/gha-build/built/Rcpp/include' -I'/__w/gha-build/gha-build/built/S4Vectors/include' -I/usr/local/include   -fpic  -g -O2 -fstack-protector-strong -Wformat -Werror=format-security -Wdate-time -D_FORTIFY_SOURCE=2 -g  -c SymmetricPairC.cpp -o SymmetricPairC.o
g++ -std=gnu++14 -I"/usr/local/lib/R/include" -DNDEBUG -DSTRICT_R_HEADERS -I'/__w/gha-build/gha-build/built/IRanges/include' -I'/__w/gha-build/gha-build/built/XVector/include' -I'/__w/gha-build/gha-build/built/Biostrings/include' -I'/__w/gha-build/gha-build/built/Rcpp/include' -I'/__w/gha-build/gha-build/built/S4Vectors/include' -I/usr/local/include   -fpic  -g -O2 -fstack-protector-strong -Wformat -Werror=format-security -Wdate-time -D_FORTIFY_SOURCE=2 -g  -c Utils.cpp -o Utils.o
gcc -I"/usr/local/lib/R/include" -DNDEBUG -DSTRICT_R_HEADERS -I'/__w/gha-build/gha-build/built/IRanges/include' -I'/__w/gha-build/gha-build/built/XVector/include' -I'/__w/gha-build/gha-build/built/Biostrings/include' -I'/__w/gha-build/gha-build/built/Rcpp/include' -I'/__w/gha-build/gha-build/built/S4Vectors/include' -I/usr/local/include   -fpic  -g -O2 -fstack-protector-strong -Wformat -Werror=format-security -Wdate-time -D_FORTIFY_SOURCE=2 -g  -c XVector_stubs.c -o XVector_stubs.o
g++ -std=gnu++14 -I"/usr/local/lib/R/include" -DNDEBUG -DSTRICT_R_HEADERS -I'/__w/gha-build/gha-build/built/IRanges/include' -I'/__w/gha-build/gha-build/built/XVector/include' -I'/__w/gha-build/gha-build/built/Biostrings/include' -I'/__w/gha-build/gha-build/built/Rcpp/include' -I'/__w/gha-build/gha-build/built/S4Vectors/include' -I/usr/local/include   -fpic  -g -O2 -fstack-protector-strong -Wformat -Werror=format-security -Wdate-time -D_FORTIFY_SOURCE=2 -g  -c svm.cpp -o svm.o
g++ -std=gnu++14 -shared -L/usr/local/lib/R/lib -L/usr/local/lib -o kebabs.so Biostrings_stubs.o ByteStringVector.o ExplicitRepC.o FeatureWeightsPosDepC.o GappyPairC.o IRanges_stubs.o KernelUtils.o MismatchC.o MotifC.o PredictionC.o PredictionProfileC.o R_init_kebabs.o Rsvm.o SparseMatrixHash.o SpectrumC.o SymmetricPairC.o Utils.o XVector_stubs.o svm.o -L/usr/local/lib/R/lib -lR
installing to /__w/gha-build/gha-build/built/00LOCK-kebabs/00new/kebabs/libs
** R
** data
** inst
** byte-compile and prepare package for lazy loading
** help
*** installing help indices
** building package indices
** installing vignettes
** testing if installed package can be loaded from temporary location
** checking absolute paths in shared objects and dynamic libraries
** testing if installed package can be loaded from final location
** testing if installed package keeps a record of temporary installation path
* creating tarball
packaged installation of ‘kebabs’ as ‘kebabs_1.30.0_R_x86_64-pc-linux-gnu.tar.gz’
* DONE (kebabs)
