* installing *source* package ‘MBCB’ ...
** using staged installation
** R
** data
** inst
** byte-compile and prepare package for lazy loading
Warning message:
no DISPLAY variable so Tk is not available 
** help
*** installing help indices
** building package indices
** installing vignettes
** testing if installed package can be loaded from temporary location
Warning: no DISPLAY variable so Tk is not available
** testing if installed package can be loaded from final location
Warning: no DISPLAY variable so Tk is not available
** testing if installed package keeps a record of temporary installation path
* creating tarball
packaged installation of ‘MBCB’ as ‘MBCB_1.50.0_R_x86_64-pc-linux-gnu.tar.gz’
* DONE (MBCB)
