* installing *source* package ‘MicrobiotaProcess’ ...
** using staged installation
** R
** data
** inst
** byte-compile and prepare package for lazy loading
in method for ‘taxonomy<-’ with signature ‘x="MPSE",value="taxonomyTable"’: no definition for class “taxonomyTable”
Creating a generic function for ‘rownames<-’ from package ‘base’ in package ‘MicrobiotaProcess’
in method for ‘get_alltaxadf’ with signature ‘"phyloseq"’: no definition for class “phyloseq”
in method for ‘get_taxadf’ with signature ‘"phyloseq"’: no definition for class “phyloseq”
in method for ‘get_alphaindex’ with signature ‘"phyloseq"’: no definition for class “phyloseq”
in method for ‘get_NRI_NTI’ with signature ‘"phyloseq"’: no definition for class “phyloseq”
in method for ‘get_rarecurve’ with signature ‘"phyloseq"’: no definition for class “phyloseq”
in method for ‘get_upset’ with signature ‘"phyloseq"’: no definition for class “phyloseq”
in method for ‘get_vennlist’ with signature ‘"phyloseq"’: no definition for class “phyloseq”
in method for ‘drop_taxa’ with signature ‘"phyloseq"’: no definition for class “phyloseq”
** help
*** installing help indices
** building package indices
** installing vignettes
** testing if installed package can be loaded from temporary location
** testing if installed package can be loaded from final location
** testing if installed package keeps a record of temporary installation path
* creating tarball
packaged installation of ‘MicrobiotaProcess’ as ‘MicrobiotaProcess_1.8.1_R_x86_64-pc-linux-gnu.tar.gz’
* DONE (MicrobiotaProcess)
