* installing *source* package ‘motifcounter’ ...
** using staged installation
** libs
gcc -I"/usr/local/lib/R/include" -DNDEBUG   -I/usr/local/include  -fopenmp -DIN_R -fpic  -g -O2 -fstack-protector-strong -Wformat -Werror=format-security -Wdate-time -D_FORTIFY_SOURCE=2 -g  -c Rbackground.c -o Rbackground.o
gcc -I"/usr/local/lib/R/include" -DNDEBUG   -I/usr/local/include  -fopenmp -DIN_R -fpic  -g -O2 -fstack-protector-strong -Wformat -Werror=format-security -Wdate-time -D_FORTIFY_SOURCE=2 -g  -c Rcombinatorial.c -o Rcombinatorial.o
gcc -I"/usr/local/lib/R/include" -DNDEBUG   -I/usr/local/include  -fopenmp -DIN_R -fpic  -g -O2 -fstack-protector-strong -Wformat -Werror=format-security -Wdate-time -D_FORTIFY_SOURCE=2 -g  -c Rcompoundpoisson.c -o Rcompoundpoisson.o
gcc -I"/usr/local/lib/R/include" -DNDEBUG   -I/usr/local/include  -fopenmp -DIN_R -fpic  -g -O2 -fstack-protector-strong -Wformat -Werror=format-security -Wdate-time -D_FORTIFY_SOURCE=2 -g  -c Rminmaxscore.c -o Rminmaxscore.o
gcc -I"/usr/local/lib/R/include" -DNDEBUG   -I/usr/local/include  -fopenmp -DIN_R -fpic  -g -O2 -fstack-protector-strong -Wformat -Werror=format-security -Wdate-time -D_FORTIFY_SOURCE=2 -g  -c Roption.c -o Roption.o
gcc -I"/usr/local/lib/R/include" -DNDEBUG   -I/usr/local/include  -fopenmp -DIN_R -fpic  -g -O2 -fstack-protector-strong -Wformat -Werror=format-security -Wdate-time -D_FORTIFY_SOURCE=2 -g  -c Roverlap.c -o Roverlap.o
gcc -I"/usr/local/lib/R/include" -DNDEBUG   -I/usr/local/include  -fopenmp -DIN_R -fpic  -g -O2 -fstack-protector-strong -Wformat -Werror=format-security -Wdate-time -D_FORTIFY_SOURCE=2 -g  -c Rscore1d.c -o Rscore1d.o
gcc -I"/usr/local/lib/R/include" -DNDEBUG   -I/usr/local/include  -fopenmp -DIN_R -fpic  -g -O2 -fstack-protector-strong -Wformat -Werror=format-security -Wdate-time -D_FORTIFY_SOURCE=2 -g  -c Rsequence.c -o Rsequence.o
gcc -I"/usr/local/lib/R/include" -DNDEBUG   -I/usr/local/include  -fopenmp -DIN_R -fpic  -g -O2 -fstack-protector-strong -Wformat -Werror=format-security -Wdate-time -D_FORTIFY_SOURCE=2 -g  -c Rsimulate.c -o Rsimulate.o
gcc -I"/usr/local/lib/R/include" -DNDEBUG   -I/usr/local/include  -fopenmp -DIN_R -fpic  -g -O2 -fstack-protector-strong -Wformat -Werror=format-security -Wdate-time -D_FORTIFY_SOURCE=2 -g  -c background.c -o background.o
gcc -I"/usr/local/lib/R/include" -DNDEBUG   -I/usr/local/include  -fopenmp -DIN_R -fpic  -g -O2 -fstack-protector-strong -Wformat -Werror=format-security -Wdate-time -D_FORTIFY_SOURCE=2 -g  -c combinatorial.c -o combinatorial.o
gcc -I"/usr/local/lib/R/include" -DNDEBUG   -I/usr/local/include  -fopenmp -DIN_R -fpic  -g -O2 -fstack-protector-strong -Wformat -Werror=format-security -Wdate-time -D_FORTIFY_SOURCE=2 -g  -c compoundpoisson.c -o compoundpoisson.o
gcc -I"/usr/local/lib/R/include" -DNDEBUG   -I/usr/local/include  -fopenmp -DIN_R -fpic  -g -O2 -fstack-protector-strong -Wformat -Werror=format-security -Wdate-time -D_FORTIFY_SOURCE=2 -g  -c markovchain.c -o markovchain.o
gcc -I"/usr/local/lib/R/include" -DNDEBUG   -I/usr/local/include  -fopenmp -DIN_R -fpic  -g -O2 -fstack-protector-strong -Wformat -Werror=format-security -Wdate-time -D_FORTIFY_SOURCE=2 -g  -c markovchain_single.c -o markovchain_single.o
gcc -I"/usr/local/lib/R/include" -DNDEBUG   -I/usr/local/include  -fopenmp -DIN_R -fpic  -g -O2 -fstack-protector-strong -Wformat -Werror=format-security -Wdate-time -D_FORTIFY_SOURCE=2 -g  -c matrix.c -o matrix.o
gcc -I"/usr/local/lib/R/include" -DNDEBUG   -I/usr/local/include  -fopenmp -DIN_R -fpic  -g -O2 -fstack-protector-strong -Wformat -Werror=format-security -Wdate-time -D_FORTIFY_SOURCE=2 -g  -c mdist_register.c -o mdist_register.o
gcc -I"/usr/local/lib/R/include" -DNDEBUG   -I/usr/local/include  -fopenmp -DIN_R -fpic  -g -O2 -fstack-protector-strong -Wformat -Werror=format-security -Wdate-time -D_FORTIFY_SOURCE=2 -g  -c minmaxscore.c -o minmaxscore.o
gcc -I"/usr/local/lib/R/include" -DNDEBUG   -I/usr/local/include  -fopenmp -DIN_R -fpic  -g -O2 -fstack-protector-strong -Wformat -Werror=format-security -Wdate-time -D_FORTIFY_SOURCE=2 -g  -c overlap.c -o overlap.o
gcc -I"/usr/local/lib/R/include" -DNDEBUG   -I/usr/local/include  -fopenmp -DIN_R -fpic  -g -O2 -fstack-protector-strong -Wformat -Werror=format-security -Wdate-time -D_FORTIFY_SOURCE=2 -g  -c score1d.c -o score1d.o
gcc -I"/usr/local/lib/R/include" -DNDEBUG   -I/usr/local/include  -fopenmp -DIN_R -fpic  -g -O2 -fstack-protector-strong -Wformat -Werror=format-security -Wdate-time -D_FORTIFY_SOURCE=2 -g  -c score2d.c -o score2d.o
gcc -I"/usr/local/lib/R/include" -DNDEBUG   -I/usr/local/include  -fopenmp -DIN_R -fpic  -g -O2 -fstack-protector-strong -Wformat -Werror=format-security -Wdate-time -D_FORTIFY_SOURCE=2 -g  -c scorefunctions.c -o scorefunctions.o
gcc -I"/usr/local/lib/R/include" -DNDEBUG   -I/usr/local/include  -fopenmp -DIN_R -fpic  -g -O2 -fstack-protector-strong -Wformat -Werror=format-security -Wdate-time -D_FORTIFY_SOURCE=2 -g  -c sequence.c -o sequence.o
gcc -I"/usr/local/lib/R/include" -DNDEBUG   -I/usr/local/include  -fopenmp -DIN_R -fpic  -g -O2 -fstack-protector-strong -Wformat -Werror=format-security -Wdate-time -D_FORTIFY_SOURCE=2 -g  -c simulate.c -o simulate.o
gcc -shared -L/usr/local/lib/R/lib -L/usr/local/lib -o motifcounter.so Rbackground.o Rcombinatorial.o Rcompoundpoisson.o Rminmaxscore.o Roption.o Roverlap.o Rscore1d.o Rsequence.o Rsimulate.o background.o combinatorial.o compoundpoisson.o markovchain.o markovchain_single.o matrix.o mdist_register.o minmaxscore.o overlap.o score1d.o score2d.o scorefunctions.o sequence.o simulate.o -fopenmp -L/usr/local/lib/R/lib -lR
installing to /__w/gha-build/gha-build/built/00LOCK-motifcounter/00new/motifcounter/libs
** R
** inst
** byte-compile and prepare package for lazy loading
** help
*** installing help indices
** building package indices
** installing vignettes
** testing if installed package can be loaded from temporary location
** checking absolute paths in shared objects and dynamic libraries
** testing if installed package can be loaded from final location
** testing if installed package keeps a record of temporary installation path
* creating tarball
packaged installation of ‘motifcounter’ as ‘motifcounter_1.20.0_R_x86_64-pc-linux-gnu.tar.gz’
* DONE (motifcounter)
