* installing *source* package ‘MSnbase’ ...
** using staged installation
** libs
g++ -std=gnu++14 -I"/usr/local/lib/R/include" -DNDEBUG  -I'/usr/local/lib/R/site-library/Rcpp/include' -I/usr/local/include   -fpic  -g -O2 -fstack-protector-strong -Wformat -Werror=format-security -Wdate-time -D_FORTIFY_SOURCE=2 -g  -c RcppExports.cpp -o RcppExports.o
gcc -I"/usr/local/lib/R/include" -DNDEBUG  -I'/usr/local/lib/R/site-library/Rcpp/include' -I/usr/local/include   -fpic  -g -O2 -fstack-protector-strong -Wformat -Werror=format-security -Wdate-time -D_FORTIFY_SOURCE=2 -g  -c Spectrum1_class.c -o Spectrum1_class.o
gcc -I"/usr/local/lib/R/include" -DNDEBUG  -I'/usr/local/lib/R/site-library/Rcpp/include' -I/usr/local/include   -fpic  -g -O2 -fstack-protector-strong -Wformat -Werror=format-security -Wdate-time -D_FORTIFY_SOURCE=2 -g  -c Spectrum2_class.c -o Spectrum2_class.o
g++ -std=gnu++14 -I"/usr/local/lib/R/include" -DNDEBUG  -I'/usr/local/lib/R/site-library/Rcpp/include' -I/usr/local/include   -fpic  -g -O2 -fstack-protector-strong -Wformat -Werror=format-security -Wdate-time -D_FORTIFY_SOURCE=2 -g  -c imp_neighbour_avg.cpp -o imp_neighbour_avg.o
gcc -I"/usr/local/lib/R/include" -DNDEBUG  -I'/usr/local/lib/R/site-library/Rcpp/include' -I/usr/local/include   -fpic  -g -O2 -fstack-protector-strong -Wformat -Werror=format-security -Wdate-time -D_FORTIFY_SOURCE=2 -g  -c utils.c -o utils.o
g++ -std=gnu++14 -shared -L/usr/local/lib/R/lib -L/usr/local/lib -o MSnbase.so RcppExports.o Spectrum1_class.o Spectrum2_class.o imp_neighbour_avg.o utils.o -L/usr/local/lib/R/lib -lR
installing to /__w/gha-build/gha-build/built/00LOCK-MSnbase/00new/MSnbase/libs
** R
** data
*** moving datasets to lazyload DB
Creating a new generic function for ‘trimws’ in package ‘MSnbase’
in method for ‘coerce’ with signature ‘"MSnSet","SummarizedExperiment"’: no definition for class “SummarizedExperiment”
in method for ‘coerce’ with signature ‘"SummarizedExperiment","MSnSet"’: no definition for class “SummarizedExperiment”
in method for ‘coerce’ with signature ‘"IBSpectra","MSnSet"’: no definition for class “IBSpectra”
in method for ‘plotMzDelta’ with signature ‘"mzRramp"’: no definition for class “mzRramp”
** inst
** byte-compile and prepare package for lazy loading
Creating a new generic function for ‘trimws’ in package ‘MSnbase’
in method for ‘coerce’ with signature ‘"MSnSet","SummarizedExperiment"’: no definition for class “SummarizedExperiment”
in method for ‘coerce’ with signature ‘"SummarizedExperiment","MSnSet"’: no definition for class “SummarizedExperiment”
in method for ‘coerce’ with signature ‘"IBSpectra","MSnSet"’: no definition for class “IBSpectra”
in method for ‘plotMzDelta’ with signature ‘"mzRramp"’: no definition for class “mzRramp”
** help
*** installing help indices
** building package indices
** installing vignettes
** testing if installed package can be loaded from temporary location
** checking absolute paths in shared objects and dynamic libraries
** testing if installed package can be loaded from final location
** testing if installed package keeps a record of temporary installation path
* creating tarball
packaged installation of ‘MSnbase’ as ‘MSnbase_2.22.0_R_x86_64-pc-linux-gnu.tar.gz’
* DONE (MSnbase)
