* installing *source* package ‘multiscan’ ...
** using staged installation
** libs
gcc -I"/usr/local/lib/R/include" -DNDEBUG   -I/usr/local/include   -fpic  -g -O2 -fstack-protector-strong -Wformat -Werror=format-security -Wdate-time -D_FORTIFY_SOURCE=2 -g  -c multiscan.c -o multiscan.o
gcc -shared -L/usr/local/lib/R/lib -L/usr/local/lib -o multiscan.so multiscan.o -L/usr/local/lib/R/lib -lR
installing to /__w/gha-build/gha-build/built/00LOCK-multiscan/00new/multiscan/libs
** R
** data
** inst
** byte-compile and prepare package for lazy loading
** help
*** installing help indices
** building package indices
** installing vignettes
** testing if installed package can be loaded from temporary location
*** Loaded multiscan Version 1.56.0 *** 
Type 'vignette("multiscan")' to view the package vignette.
** checking absolute paths in shared objects and dynamic libraries
** testing if installed package can be loaded from final location
*** Loaded multiscan Version 1.56.0 *** 
Type 'vignette("multiscan")' to view the package vignette.
** testing if installed package keeps a record of temporary installation path
* creating tarball
packaged installation of ‘multiscan’ as ‘multiscan_1.56.0_R_x86_64-pc-linux-gnu.tar.gz’
* DONE (multiscan)
