* installing *source* package ‘NBPSeq’ ...
** package ‘NBPSeq’ successfully unpacked and MD5 sums checked
** using staged installation
** libs
gcc -I"/usr/local/lib/R/include" -DNDEBUG   -I/usr/local/include   -fpic  -g -O2 -fstack-protector-strong -Wformat -Werror=format-security -Wdate-time -D_FORTIFY_SOURCE=2 -g  -c lm.c -o lm.o
gcc -shared -L/usr/local/lib/R/lib -L/usr/local/lib -o NBPSeq.so lm.o -L/usr/local/lib/R/lib -lR
installing to /__w/gha-build/gha-build/built/00LOCK-NBPSeq/00new/NBPSeq/libs
** R
** data
** inst
** byte-compile and prepare package for lazy loading
** help
*** installing help indices
** building package indices
** testing if installed package can be loaded from temporary location
** checking absolute paths in shared objects and dynamic libraries
** testing if installed package can be loaded from final location
** testing if installed package keeps a record of temporary installation path
* creating tarball
packaged installation of ‘NBPSeq’ as ‘NBPSeq_0.3.1_R_x86_64-pc-linux-gnu.tar.gz’
* DONE (NBPSeq)
