* installing *source* package ‘NMF’ ...
** package ‘NMF’ successfully unpacked and MD5 sums checked
** using staged installation
** libs
g++ -std=gnu++14 -I"/usr/local/lib/R/include" -DNDEBUG   -I/usr/local/include   -fpic  -g -O2 -fstack-protector-strong -Wformat -Werror=format-security -Wdate-time -D_FORTIFY_SOURCE=2 -g  -c distance.cpp -o distance.o
g++ -std=gnu++14 -I"/usr/local/lib/R/include" -DNDEBUG   -I/usr/local/include   -fpic  -g -O2 -fstack-protector-strong -Wformat -Werror=format-security -Wdate-time -D_FORTIFY_SOURCE=2 -g  -c divergence.cpp -o divergence.o
g++ -std=gnu++14 -I"/usr/local/lib/R/include" -DNDEBUG   -I/usr/local/include   -fpic  -g -O2 -fstack-protector-strong -Wformat -Werror=format-security -Wdate-time -D_FORTIFY_SOURCE=2 -g  -c euclidean.cpp -o euclidean.o
gcc -I"/usr/local/lib/R/include" -DNDEBUG   -I/usr/local/include   -fpic  -g -O2 -fstack-protector-strong -Wformat -Werror=format-security -Wdate-time -D_FORTIFY_SOURCE=2 -g  -c registerDynamicSymbol.c -o registerDynamicSymbol.o
g++ -std=gnu++14 -I"/usr/local/lib/R/include" -DNDEBUG   -I/usr/local/include   -fpic  -g -O2 -fstack-protector-strong -Wformat -Werror=format-security -Wdate-time -D_FORTIFY_SOURCE=2 -g  -c utils.cpp -o utils.o
g++ -std=gnu++14 -shared -L/usr/local/lib/R/lib -L/usr/local/lib -o NMF.so distance.o divergence.o euclidean.o registerDynamicSymbol.o utils.o -L/usr/local/lib/R/lib -lR
installing to /__w/gha-build/gha-build/built/00LOCK-NMF/00new/NMF/libs
** R
** data
** demo
** inst
** byte-compile and prepare package for lazy loading
Setting package specific options: package:NMF (10 default option(s))
Creating a generic function for ‘plot’ from ‘graphics’ in package ‘NMF’
    (from the saved implicit definition)
Creating meta registry in package 'NMF' ... OK
Creating registry 'algorithm' in package 'NMF' ... OK
Registering NMF algorithm '.R#brunet' [NMFStrategyIterative] ... OK
Registering NMF algorithm 'brunet' [NMFStrategyIterative] based on template '.R#brunet' ... OK
Registering NMF algorithm 'KL' [NMFStrategyIterative] ... OK
Registering NMF algorithm '.R#lee' [NMFStrategyIterative] ... OK
Registering NMF algorithm 'lee' [NMFStrategyIterative] based on template '.R#lee' ... OK
Registering NMF algorithm 'Frobenius' [NMFStrategyIterative] ... OK
Registering NMF algorithm '.R#offset' [NMFStrategyIterative] ... OK
Registering NMF algorithm 'offset' [NMFStrategyIterative] based on template '.R#offset' ... OK
Registering NMF algorithm '.R#nsNMF' [NMFStrategyIterative] ... OK
Registering NMF algorithm 'nsNMF' [NMFStrategyIterative] based on template '.R#nsNMF' ... OK
Registering NMF algorithm 'ls-nmf' [NMFStrategyIterative] ... OK
Registering NMF algorithm 'pe-nmf' [NMFStrategyIterative] ... OK
Registering NMF algorithm '.siNMF' [NMFStrategyIterative] based on template 'lee' ... OK
Registering NMF algorithm 'siNMF' [NMFStrategyIterative] based on template 'lee' ... OK
Registering NMF algorithm 'snmf/r' [NMFStrategyFunction] ... OK
Registering NMF algorithm 'snmf/l' [NMFStrategyFunction] ... OK
Registering extra action 'bigmemory' for handler 'install.packages' ... OK
Creating registry 'pkgmaker::extra_action' in package 'NMF' ... OK
Adding entry 'bigmemory' in registry 'NMF::pkgmaker::extra_action' ... OK
Registering extra action 'synchronicity' for handler 'install.packages' ... OK
Adding entry 'synchronicity' in registry 'NMF::pkgmaker::extra_action' ... OK
Creating registry 'seed' in package 'NMF' ... OK
Registering NMF seeding method 'none' [NMFSeed] ... OK
Registering NMF seeding method 'random' [NMFSeed] ... OK
Registering NMF seeding method 'ica' [NMFSeed] ... OK
Registering NMF seeding method 'nndsvd' [NMFSeed] ... OK
** help
*** installing help indices
** building package indices
** installing vignettes
** testing if installed package can be loaded from temporary location
** checking absolute paths in shared objects and dynamic libraries
** testing if installed package can be loaded from final location
** testing if installed package keeps a record of temporary installation path
* creating tarball
packaged installation of ‘NMF’ as ‘NMF_0.24.0_R_x86_64-pc-linux-gnu.tar.gz’
* DONE (NMF)
