* installing *source* package ‘normr’ ...
** using staged installation
** libs
g++ -std=gnu++11 -I"/usr/local/lib/R/include" -DNDEBUG -fopenmp -D_GLIBCXX_USE_C99 -I'/usr/local/lib/R/site-library/Rcpp/include' -I/usr/local/include   -fpic  -g -O2 -fstack-protector-strong -Wformat -Werror=format-security -Wdate-time -D_FORTIFY_SOURCE=2 -g  -c RcppExports.cpp -o RcppExports.o
g++ -std=gnu++11 -I"/usr/local/lib/R/include" -DNDEBUG -fopenmp -D_GLIBCXX_USE_C99 -I'/usr/local/lib/R/site-library/Rcpp/include' -I/usr/local/include   -fpic  -g -O2 -fstack-protector-strong -Wformat -Werror=format-security -Wdate-time -D_FORTIFY_SOURCE=2 -g  -c em.cpp -o em.o
gcc -I"/usr/local/lib/R/include" -DNDEBUG -fopenmp -D_GLIBCXX_USE_C99 -I'/usr/local/lib/R/site-library/Rcpp/include' -I/usr/local/include   -fpic  -g -O2 -fstack-protector-strong -Wformat -Werror=format-security -Wdate-time -D_FORTIFY_SOURCE=2 -g  -c normr_init.c -o normr_init.o
g++ -std=gnu++11 -shared -L/usr/local/lib/R/lib -L/usr/local/lib -o normr.so RcppExports.o em.o normr_init.o -fopenmp -D_GLIBCXX_USE_C99 -L/usr/local/lib/R/lib -lR
installing to /__w/gha-build/gha-build/built/00LOCK-normr/00new/normr/libs
** R
** inst
** byte-compile and prepare package for lazy loading
Creating a new generic function for ‘getClasses’ in package ‘normr’
** help
*** installing help indices
** building package indices
** installing vignettes
** testing if installed package can be loaded from temporary location
** checking absolute paths in shared objects and dynamic libraries
** testing if installed package can be loaded from final location
** testing if installed package keeps a record of temporary installation path
* creating tarball
packaged installation of ‘normr’ as ‘normr_1.22.0_R_x86_64-pc-linux-gnu.tar.gz’
* DONE (normr)
