* installing *source* package ‘nuCpos’ ...
** using staged installation
** libs
gfortran -fno-optimize-sibling-calls  -fpic  -g -O2  -c  HBA_3.f90 -o HBA_3.o
gcc -I"/usr/local/lib/R/include" -DNDEBUG   -I/usr/local/include   -fpic  -g -O2 -fstack-protector-strong -Wformat -Werror=format-security -Wdate-time -D_FORTIFY_SOURCE=2 -g  -c R_init_nuCpos.c -o R_init_nuCpos.o
gfortran -fno-optimize-sibling-calls  -fpic  -g -O2  -c  localHBA_3.f90 -o localHBA_3.o
gfortran -fno-optimize-sibling-calls  -fpic  -g -O2  -c  nuCpos2_1.f90 -o nuCpos2_1.o
gfortran -fno-optimize-sibling-calls  -fpic  -g -O2  -c  nuCpos2_2.f90 -o nuCpos2_2.o
gfortran -fno-optimize-sibling-calls  -fpic  -g -O2  -c  nuCpos_1.f90 -o nuCpos_1.o
gfortran -fno-optimize-sibling-calls  -fpic  -g -O2  -c  nuCpos_2.f90 -o nuCpos_2.o
gcc -shared -L/usr/local/lib/R/lib -L/usr/local/lib -o nuCpos.so HBA_3.o R_init_nuCpos.o localHBA_3.o nuCpos2_1.o nuCpos2_2.o nuCpos_1.o nuCpos_2.o -lgfortran -lm -lquadmath -L/usr/local/lib/R/lib -lR
installing to /__w/gha-build/gha-build/built/00LOCK-nuCpos/00new/nuCpos/libs
** R
** inst
** byte-compile and prepare package for lazy loading
** help
*** installing help indices
** building package indices
** installing vignettes
** testing if installed package can be loaded from temporary location
** checking absolute paths in shared objects and dynamic libraries
** testing if installed package can be loaded from final location
** testing if installed package keeps a record of temporary installation path
* creating tarball
packaged installation of ‘nuCpos’ as ‘nuCpos_1.14.0_R_x86_64-pc-linux-gnu.tar.gz’
* DONE (nuCpos)
