* installing *source* package ‘optimalFlow’ ...
** using staged installation
** R
** inst
** byte-compile and prepare package for lazy loading
Warning: 'rgl.init' failed, running with 'rgl.useNULL = TRUE'.
Warning: no DISPLAY variable so Tk is not available
** help
*** installing help indices
** building package indices
** installing vignettes
** testing if installed package can be loaded from temporary location
Warning: 'rgl.init' failed, running with 'rgl.useNULL = TRUE'.
Warning: no DISPLAY variable so Tk is not available
** testing if installed package can be loaded from final location
Warning: 'rgl.init' failed, running with 'rgl.useNULL = TRUE'.
Warning: no DISPLAY variable so Tk is not available
** testing if installed package keeps a record of temporary installation path
* creating tarball
packaged installation of ‘optimalFlow’ as ‘optimalFlow_1.8.0_R_x86_64-pc-linux-gnu.tar.gz’
* DONE (optimalFlow)
