* installing *source* package ‘pcalg’ ...
** package ‘pcalg’ successfully unpacked and MD5 sums checked
** using staged installation
** libs
g++ -std=gnu++11 -I"/usr/local/lib/R/include" -DNDEBUG  -I'/usr/local/lib/R/site-library/Rcpp/include' -I'/__w/gha-build/gha-build/built/RcppArmadillo/include' -I'/__w/gha-build/gha-build/built/BH/include' -I/usr/local/include  -I"../inst/include" -fpic  -g -O2 -fstack-protector-strong -Wformat -Werror=format-security -Wdate-time -D_FORTIFY_SOURCE=2 -g  -c constraint.cpp -o constraint.o
In file included from /__w/gha-build/gha-build/built/BH/include/boost/scoped_ptr.hpp:13,
                 from /__w/gha-build/gha-build/built/BH/include/boost/graph/adjacency_list.hpp:22,
                 from ../inst/include/pcalg/constraint.hpp:10,
                 from constraint.cpp:8:
/__w/gha-build/gha-build/built/BH/include/boost/smart_ptr/scoped_ptr.hpp:74:31: warning: ‘template<class> class std::auto_ptr’ is deprecated [-Wdeprecated-declarations]
   74 |     explicit scoped_ptr( std::auto_ptr<T> p ) BOOST_SP_NOEXCEPT : px( p.release() )
      |                               ^~~~~~~~
In file included from /usr/include/c++/9/bits/locale_conv.h:41,
                 from /usr/include/c++/9/locale:43,
                 from /usr/include/c++/9/iomanip:43,
                 from /usr/local/lib/R/site-library/Rcpp/include/RcppCommon.h:53,
                 from /__w/gha-build/gha-build/built/RcppArmadillo/include/RcppArmadilloForward.h:25,
                 from /__w/gha-build/gha-build/built/RcppArmadillo/include/RcppArmadillo.h:29,
                 from ../inst/include/pcalg/armaLapack.hpp:15,
                 from ../inst/include/pcalg/constraint.hpp:8,
                 from constraint.cpp:8:
/usr/include/c++/9/bits/unique_ptr.h:53:28: note: declared here
   53 |   template<typename> class auto_ptr;
      |                            ^~~~~~~~
In file included from /__w/gha-build/gha-build/built/BH/include/boost/smart_ptr/shared_ptr.hpp:17,
                 from /__w/gha-build/gha-build/built/BH/include/boost/property_map/vector_property_map.hpp:14,
                 from /__w/gha-build/gha-build/built/BH/include/boost/property_map/property_map.hpp:606,
                 from /__w/gha-build/gha-build/built/BH/include/boost/graph/adjacency_list.hpp:27,
                 from ../inst/include/pcalg/constraint.hpp:10,
                 from constraint.cpp:8:
/__w/gha-build/gha-build/built/BH/include/boost/smart_ptr/detail/shared_count.hpp:361:33: warning: ‘template<class> class std::auto_ptr’ is deprecated [-Wdeprecated-declarations]
  361 |     explicit shared_count( std::auto_ptr<Y> & r ): pi_( new sp_counted_impl_p<Y>( r.get() ) )
      |                                 ^~~~~~~~
In file included from /usr/include/c++/9/bits/locale_conv.h:41,
                 from /usr/include/c++/9/locale:43,
                 from /usr/include/c++/9/iomanip:43,
                 from /usr/local/lib/R/site-library/Rcpp/include/RcppCommon.h:53,
                 from /__w/gha-build/gha-build/built/RcppArmadillo/include/RcppArmadilloForward.h:25,
                 from /__w/gha-build/gha-build/built/RcppArmadillo/include/RcppArmadillo.h:29,
                 from ../inst/include/pcalg/armaLapack.hpp:15,
                 from ../inst/include/pcalg/constraint.hpp:8,
                 from constraint.cpp:8:
/usr/include/c++/9/bits/unique_ptr.h:53:28: note: declared here
   53 |   template<typename> class auto_ptr;
      |                            ^~~~~~~~
In file included from /__w/gha-build/gha-build/built/BH/include/boost/property_map/vector_property_map.hpp:14,
                 from /__w/gha-build/gha-build/built/BH/include/boost/property_map/property_map.hpp:606,
                 from /__w/gha-build/gha-build/built/BH/include/boost/graph/adjacency_list.hpp:27,
                 from ../inst/include/pcalg/constraint.hpp:10,
                 from constraint.cpp:8:
/__w/gha-build/gha-build/built/BH/include/boost/smart_ptr/shared_ptr.hpp:250:65: warning: ‘template<class> class std::auto_ptr’ is deprecated [-Wdeprecated-declarations]
  250 | template< class T, class R > struct sp_enable_if_auto_ptr< std::auto_ptr< T >, R >
      |                                                                 ^~~~~~~~
In file included from /usr/include/c++/9/bits/locale_conv.h:41,
                 from /usr/include/c++/9/locale:43,
                 from /usr/include/c++/9/iomanip:43,
                 from /usr/local/lib/R/site-library/Rcpp/include/RcppCommon.h:53,
                 from /__w/gha-build/gha-build/built/RcppArmadillo/include/RcppArmadilloForward.h:25,
                 from /__w/gha-build/gha-build/built/RcppArmadillo/include/RcppArmadillo.h:29,
                 from ../inst/include/pcalg/armaLapack.hpp:15,
                 from ../inst/include/pcalg/constraint.hpp:8,
                 from constraint.cpp:8:
/usr/include/c++/9/bits/unique_ptr.h:53:28: note: declared here
   53 |   template<typename> class auto_ptr;
      |                            ^~~~~~~~
In file included from /__w/gha-build/gha-build/built/BH/include/boost/property_map/vector_property_map.hpp:14,
                 from /__w/gha-build/gha-build/built/BH/include/boost/property_map/property_map.hpp:606,
                 from /__w/gha-build/gha-build/built/BH/include/boost/graph/adjacency_list.hpp:27,
                 from ../inst/include/pcalg/constraint.hpp:10,
                 from constraint.cpp:8:
/__w/gha-build/gha-build/built/BH/include/boost/smart_ptr/shared_ptr.hpp:507:31: warning: ‘template<class> class std::auto_ptr’ is deprecated [-Wdeprecated-declarations]
  507 |     explicit shared_ptr( std::auto_ptr<Y> & r ): px(r.get()), pn()
      |                               ^~~~~~~~
In file included from /usr/include/c++/9/bits/locale_conv.h:41,
                 from /usr/include/c++/9/locale:43,
                 from /usr/include/c++/9/iomanip:43,
                 from /usr/local/lib/R/site-library/Rcpp/include/RcppCommon.h:53,
                 from /__w/gha-build/gha-build/built/RcppArmadillo/include/RcppArmadilloForward.h:25,
                 from /__w/gha-build/gha-build/built/RcppArmadillo/include/RcppArmadillo.h:29,
                 from ../inst/include/pcalg/armaLapack.hpp:15,
                 from ../inst/include/pcalg/constraint.hpp:8,
                 from constraint.cpp:8:
/usr/include/c++/9/bits/unique_ptr.h:53:28: note: declared here
   53 |   template<typename> class auto_ptr;
      |                            ^~~~~~~~
In file included from /__w/gha-build/gha-build/built/BH/include/boost/property_map/vector_property_map.hpp:14,
                 from /__w/gha-build/gha-build/built/BH/include/boost/property_map/property_map.hpp:606,
                 from /__w/gha-build/gha-build/built/BH/include/boost/graph/adjacency_list.hpp:27,
                 from ../inst/include/pcalg/constraint.hpp:10,
                 from constraint.cpp:8:
/__w/gha-build/gha-build/built/BH/include/boost/smart_ptr/shared_ptr.hpp:520:22: warning: ‘template<class> class std::auto_ptr’ is deprecated [-Wdeprecated-declarations]
  520 |     shared_ptr( std::auto_ptr<Y> && r ): px(r.get()), pn()
      |                      ^~~~~~~~
In file included from /usr/include/c++/9/bits/locale_conv.h:41,
                 from /usr/include/c++/9/locale:43,
                 from /usr/include/c++/9/iomanip:43,
                 from /usr/local/lib/R/site-library/Rcpp/include/RcppCommon.h:53,
                 from /__w/gha-build/gha-build/built/RcppArmadillo/include/RcppArmadilloForward.h:25,
                 from /__w/gha-build/gha-build/built/RcppArmadillo/include/RcppArmadillo.h:29,
                 from ../inst/include/pcalg/armaLapack.hpp:15,
                 from ../inst/include/pcalg/constraint.hpp:8,
                 from constraint.cpp:8:
/usr/include/c++/9/bits/unique_ptr.h:53:28: note: declared here
   53 |   template<typename> class auto_ptr;
      |                            ^~~~~~~~
In file included from /__w/gha-build/gha-build/built/BH/include/boost/property_map/vector_property_map.hpp:14,
                 from /__w/gha-build/gha-build/built/BH/include/boost/property_map/property_map.hpp:606,
                 from /__w/gha-build/gha-build/built/BH/include/boost/graph/adjacency_list.hpp:27,
                 from ../inst/include/pcalg/constraint.hpp:10,
                 from constraint.cpp:8:
/__w/gha-build/gha-build/built/BH/include/boost/smart_ptr/shared_ptr.hpp:603:34: warning: ‘template<class> class std::auto_ptr’ is deprecated [-Wdeprecated-declarations]
  603 |     shared_ptr & operator=( std::auto_ptr<Y> & r )
      |                                  ^~~~~~~~
In file included from /usr/include/c++/9/bits/locale_conv.h:41,
                 from /usr/include/c++/9/locale:43,
                 from /usr/include/c++/9/iomanip:43,
                 from /usr/local/lib/R/site-library/Rcpp/include/RcppCommon.h:53,
                 from /__w/gha-build/gha-build/built/RcppArmadillo/include/RcppArmadilloForward.h:25,
                 from /__w/gha-build/gha-build/built/RcppArmadillo/include/RcppArmadillo.h:29,
                 from ../inst/include/pcalg/armaLapack.hpp:15,
                 from ../inst/include/pcalg/constraint.hpp:8,
                 from constraint.cpp:8:
/usr/include/c++/9/bits/unique_ptr.h:53:28: note: declared here
   53 |   template<typename> class auto_ptr;
      |                            ^~~~~~~~
In file included from /__w/gha-build/gha-build/built/BH/include/boost/property_map/vector_property_map.hpp:14,
                 from /__w/gha-build/gha-build/built/BH/include/boost/property_map/property_map.hpp:606,
                 from /__w/gha-build/gha-build/built/BH/include/boost/graph/adjacency_list.hpp:27,
                 from ../inst/include/pcalg/constraint.hpp:10,
                 from constraint.cpp:8:
/__w/gha-build/gha-build/built/BH/include/boost/smart_ptr/shared_ptr.hpp:612:34: warning: ‘template<class> class std::auto_ptr’ is deprecated [-Wdeprecated-declarations]
  612 |     shared_ptr & operator=( std::auto_ptr<Y> && r )
      |                                  ^~~~~~~~
In file included from /usr/include/c++/9/bits/locale_conv.h:41,
                 from /usr/include/c++/9/locale:43,
                 from /usr/include/c++/9/iomanip:43,
                 from /usr/local/lib/R/site-library/Rcpp/include/RcppCommon.h:53,
                 from /__w/gha-build/gha-build/built/RcppArmadillo/include/RcppArmadilloForward.h:25,
                 from /__w/gha-build/gha-build/built/RcppArmadillo/include/RcppArmadillo.h:29,
                 from ../inst/include/pcalg/armaLapack.hpp:15,
                 from ../inst/include/pcalg/constraint.hpp:8,
                 from constraint.cpp:8:
/usr/include/c++/9/bits/unique_ptr.h:53:28: note: declared here
   53 |   template<typename> class auto_ptr;
      |                            ^~~~~~~~
In file included from /__w/gha-build/gha-build/built/BH/include/boost/property_map/vector_property_map.hpp:14,
                 from /__w/gha-build/gha-build/built/BH/include/boost/property_map/property_map.hpp:606,
                 from /__w/gha-build/gha-build/built/BH/include/boost/graph/adjacency_list.hpp:27,
                 from ../inst/include/pcalg/constraint.hpp:10,
                 from constraint.cpp:8:
/__w/gha-build/gha-build/built/BH/include/boost/smart_ptr/shared_ptr.hpp: In member function ‘boost::shared_ptr<T>& boost::shared_ptr<T>::operator=(std::auto_ptr<_Up>&&)’:
/__w/gha-build/gha-build/built/BH/include/boost/smart_ptr/shared_ptr.hpp:614:38: warning: ‘template<class> class std::auto_ptr’ is deprecated [-Wdeprecated-declarations]
  614 |         this_type( static_cast< std::auto_ptr<Y> && >( r ) ).swap( *this );
      |                                      ^~~~~~~~
In file included from /usr/include/c++/9/bits/locale_conv.h:41,
                 from /usr/include/c++/9/locale:43,
                 from /usr/include/c++/9/iomanip:43,
                 from /usr/local/lib/R/site-library/Rcpp/include/RcppCommon.h:53,
                 from /__w/gha-build/gha-build/built/RcppArmadillo/include/RcppArmadilloForward.h:25,
                 from /__w/gha-build/gha-build/built/RcppArmadillo/include/RcppArmadillo.h:29,
                 from ../inst/include/pcalg/armaLapack.hpp:15,
                 from ../inst/include/pcalg/constraint.hpp:8,
                 from constraint.cpp:8:
/usr/include/c++/9/bits/unique_ptr.h:53:28: note: declared here
   53 |   template<typename> class auto_ptr;
      |                            ^~~~~~~~
g++ -std=gnu++11 -I"/usr/local/lib/R/include" -DNDEBUG  -I'/usr/local/lib/R/site-library/Rcpp/include' -I'/__w/gha-build/gha-build/built/RcppArmadillo/include' -I'/__w/gha-build/gha-build/built/BH/include' -I/usr/local/include  -I"../inst/include" -fpic  -g -O2 -fstack-protector-strong -Wformat -Werror=format-security -Wdate-time -D_FORTIFY_SOURCE=2 -g  -c gies.cpp -o gies.o
In file included from /__w/gha-build/gha-build/built/BH/include/boost/scoped_ptr.hpp:13,
                 from /__w/gha-build/gha-build/built/BH/include/boost/graph/adjacency_list.hpp:22,
                 from gies.cpp:12:
/__w/gha-build/gha-build/built/BH/include/boost/smart_ptr/scoped_ptr.hpp:74:31: warning: ‘template<class> class std::auto_ptr’ is deprecated [-Wdeprecated-declarations]
   74 |     explicit scoped_ptr( std::auto_ptr<T> p ) BOOST_SP_NOEXCEPT : px( p.release() )
      |                               ^~~~~~~~
In file included from /usr/include/c++/9/memory:80,
                 from /__w/gha-build/gha-build/built/BH/include/boost/container_hash/extensions.hpp:34,
                 from /__w/gha-build/gha-build/built/BH/include/boost/container_hash/hash.hpp:766,
                 from /__w/gha-build/gha-build/built/BH/include/boost/functional/hash.hpp:6,
                 from /__w/gha-build/gha-build/built/BH/include/boost/unordered/unordered_set.hpp:18,
                 from /__w/gha-build/gha-build/built/BH/include/boost/unordered_set.hpp:17,
                 from /__w/gha-build/gha-build/built/BH/include/boost/graph/adjacency_list.hpp:20,
                 from gies.cpp:12:
/usr/include/c++/9/bits/unique_ptr.h:53:28: note: declared here
   53 |   template<typename> class auto_ptr;
      |                            ^~~~~~~~
In file included from /__w/gha-build/gha-build/built/BH/include/boost/smart_ptr/shared_ptr.hpp:17,
                 from /__w/gha-build/gha-build/built/BH/include/boost/property_map/vector_property_map.hpp:14,
                 from /__w/gha-build/gha-build/built/BH/include/boost/property_map/property_map.hpp:606,
                 from /__w/gha-build/gha-build/built/BH/include/boost/graph/adjacency_list.hpp:27,
                 from gies.cpp:12:
/__w/gha-build/gha-build/built/BH/include/boost/smart_ptr/detail/shared_count.hpp:361:33: warning: ‘template<class> class std::auto_ptr’ is deprecated [-Wdeprecated-declarations]
  361 |     explicit shared_count( std::auto_ptr<Y> & r ): pi_( new sp_counted_impl_p<Y>( r.get() ) )
      |                                 ^~~~~~~~
In file included from /usr/include/c++/9/memory:80,
                 from /__w/gha-build/gha-build/built/BH/include/boost/container_hash/extensions.hpp:34,
                 from /__w/gha-build/gha-build/built/BH/include/boost/container_hash/hash.hpp:766,
                 from /__w/gha-build/gha-build/built/BH/include/boost/functional/hash.hpp:6,
                 from /__w/gha-build/gha-build/built/BH/include/boost/unordered/unordered_set.hpp:18,
                 from /__w/gha-build/gha-build/built/BH/include/boost/unordered_set.hpp:17,
                 from /__w/gha-build/gha-build/built/BH/include/boost/graph/adjacency_list.hpp:20,
                 from gies.cpp:12:
/usr/include/c++/9/bits/unique_ptr.h:53:28: note: declared here
   53 |   template<typename> class auto_ptr;
      |                            ^~~~~~~~
In file included from /__w/gha-build/gha-build/built/BH/include/boost/property_map/vector_property_map.hpp:14,
                 from /__w/gha-build/gha-build/built/BH/include/boost/property_map/property_map.hpp:606,
                 from /__w/gha-build/gha-build/built/BH/include/boost/graph/adjacency_list.hpp:27,
                 from gies.cpp:12:
/__w/gha-build/gha-build/built/BH/include/boost/smart_ptr/shared_ptr.hpp:250:65: warning: ‘template<class> class std::auto_ptr’ is deprecated [-Wdeprecated-declarations]
  250 | template< class T, class R > struct sp_enable_if_auto_ptr< std::auto_ptr< T >, R >
      |                                                                 ^~~~~~~~
In file included from /usr/include/c++/9/memory:80,
                 from /__w/gha-build/gha-build/built/BH/include/boost/container_hash/extensions.hpp:34,
                 from /__w/gha-build/gha-build/built/BH/include/boost/container_hash/hash.hpp:766,
                 from /__w/gha-build/gha-build/built/BH/include/boost/functional/hash.hpp:6,
                 from /__w/gha-build/gha-build/built/BH/include/boost/unordered/unordered_set.hpp:18,
                 from /__w/gha-build/gha-build/built/BH/include/boost/unordered_set.hpp:17,
                 from /__w/gha-build/gha-build/built/BH/include/boost/graph/adjacency_list.hpp:20,
                 from gies.cpp:12:
/usr/include/c++/9/bits/unique_ptr.h:53:28: note: declared here
   53 |   template<typename> class auto_ptr;
      |                            ^~~~~~~~
In file included from /__w/gha-build/gha-build/built/BH/include/boost/property_map/vector_property_map.hpp:14,
                 from /__w/gha-build/gha-build/built/BH/include/boost/property_map/property_map.hpp:606,
                 from /__w/gha-build/gha-build/built/BH/include/boost/graph/adjacency_list.hpp:27,
                 from gies.cpp:12:
/__w/gha-build/gha-build/built/BH/include/boost/smart_ptr/shared_ptr.hpp:507:31: warning: ‘template<class> class std::auto_ptr’ is deprecated [-Wdeprecated-declarations]
  507 |     explicit shared_ptr( std::auto_ptr<Y> & r ): px(r.get()), pn()
      |                               ^~~~~~~~
In file included from /usr/include/c++/9/memory:80,
                 from /__w/gha-build/gha-build/built/BH/include/boost/container_hash/extensions.hpp:34,
                 from /__w/gha-build/gha-build/built/BH/include/boost/container_hash/hash.hpp:766,
                 from /__w/gha-build/gha-build/built/BH/include/boost/functional/hash.hpp:6,
                 from /__w/gha-build/gha-build/built/BH/include/boost/unordered/unordered_set.hpp:18,
                 from /__w/gha-build/gha-build/built/BH/include/boost/unordered_set.hpp:17,
                 from /__w/gha-build/gha-build/built/BH/include/boost/graph/adjacency_list.hpp:20,
                 from gies.cpp:12:
/usr/include/c++/9/bits/unique_ptr.h:53:28: note: declared here
   53 |   template<typename> class auto_ptr;
      |                            ^~~~~~~~
In file included from /__w/gha-build/gha-build/built/BH/include/boost/property_map/vector_property_map.hpp:14,
                 from /__w/gha-build/gha-build/built/BH/include/boost/property_map/property_map.hpp:606,
                 from /__w/gha-build/gha-build/built/BH/include/boost/graph/adjacency_list.hpp:27,
                 from gies.cpp:12:
/__w/gha-build/gha-build/built/BH/include/boost/smart_ptr/shared_ptr.hpp:520:22: warning: ‘template<class> class std::auto_ptr’ is deprecated [-Wdeprecated-declarations]
  520 |     shared_ptr( std::auto_ptr<Y> && r ): px(r.get()), pn()
      |                      ^~~~~~~~
In file included from /usr/include/c++/9/memory:80,
                 from /__w/gha-build/gha-build/built/BH/include/boost/container_hash/extensions.hpp:34,
                 from /__w/gha-build/gha-build/built/BH/include/boost/container_hash/hash.hpp:766,
                 from /__w/gha-build/gha-build/built/BH/include/boost/functional/hash.hpp:6,
                 from /__w/gha-build/gha-build/built/BH/include/boost/unordered/unordered_set.hpp:18,
                 from /__w/gha-build/gha-build/built/BH/include/boost/unordered_set.hpp:17,
                 from /__w/gha-build/gha-build/built/BH/include/boost/graph/adjacency_list.hpp:20,
                 from gies.cpp:12:
/usr/include/c++/9/bits/unique_ptr.h:53:28: note: declared here
   53 |   template<typename> class auto_ptr;
      |                            ^~~~~~~~
In file included from /__w/gha-build/gha-build/built/BH/include/boost/property_map/vector_property_map.hpp:14,
                 from /__w/gha-build/gha-build/built/BH/include/boost/property_map/property_map.hpp:606,
                 from /__w/gha-build/gha-build/built/BH/include/boost/graph/adjacency_list.hpp:27,
                 from gies.cpp:12:
/__w/gha-build/gha-build/built/BH/include/boost/smart_ptr/shared_ptr.hpp:603:34: warning: ‘template<class> class std::auto_ptr’ is deprecated [-Wdeprecated-declarations]
  603 |     shared_ptr & operator=( std::auto_ptr<Y> & r )
      |                                  ^~~~~~~~
In file included from /usr/include/c++/9/memory:80,
                 from /__w/gha-build/gha-build/built/BH/include/boost/container_hash/extensions.hpp:34,
                 from /__w/gha-build/gha-build/built/BH/include/boost/container_hash/hash.hpp:766,
                 from /__w/gha-build/gha-build/built/BH/include/boost/functional/hash.hpp:6,
                 from /__w/gha-build/gha-build/built/BH/include/boost/unordered/unordered_set.hpp:18,
                 from /__w/gha-build/gha-build/built/BH/include/boost/unordered_set.hpp:17,
                 from /__w/gha-build/gha-build/built/BH/include/boost/graph/adjacency_list.hpp:20,
                 from gies.cpp:12:
/usr/include/c++/9/bits/unique_ptr.h:53:28: note: declared here
   53 |   template<typename> class auto_ptr;
      |                            ^~~~~~~~
In file included from /__w/gha-build/gha-build/built/BH/include/boost/property_map/vector_property_map.hpp:14,
                 from /__w/gha-build/gha-build/built/BH/include/boost/property_map/property_map.hpp:606,
                 from /__w/gha-build/gha-build/built/BH/include/boost/graph/adjacency_list.hpp:27,
                 from gies.cpp:12:
/__w/gha-build/gha-build/built/BH/include/boost/smart_ptr/shared_ptr.hpp:612:34: warning: ‘template<class> class std::auto_ptr’ is deprecated [-Wdeprecated-declarations]
  612 |     shared_ptr & operator=( std::auto_ptr<Y> && r )
      |                                  ^~~~~~~~
In file included from /usr/include/c++/9/memory:80,
                 from /__w/gha-build/gha-build/built/BH/include/boost/container_hash/extensions.hpp:34,
                 from /__w/gha-build/gha-build/built/BH/include/boost/container_hash/hash.hpp:766,
                 from /__w/gha-build/gha-build/built/BH/include/boost/functional/hash.hpp:6,
                 from /__w/gha-build/gha-build/built/BH/include/boost/unordered/unordered_set.hpp:18,
                 from /__w/gha-build/gha-build/built/BH/include/boost/unordered_set.hpp:17,
                 from /__w/gha-build/gha-build/built/BH/include/boost/graph/adjacency_list.hpp:20,
                 from gies.cpp:12:
/usr/include/c++/9/bits/unique_ptr.h:53:28: note: declared here
   53 |   template<typename> class auto_ptr;
      |                            ^~~~~~~~
In file included from /__w/gha-build/gha-build/built/BH/include/boost/property_map/vector_property_map.hpp:14,
                 from /__w/gha-build/gha-build/built/BH/include/boost/property_map/property_map.hpp:606,
                 from /__w/gha-build/gha-build/built/BH/include/boost/graph/adjacency_list.hpp:27,
                 from gies.cpp:12:
/__w/gha-build/gha-build/built/BH/include/boost/smart_ptr/shared_ptr.hpp: In member function ‘boost::shared_ptr<T>& boost::shared_ptr<T>::operator=(std::auto_ptr<_Up>&&)’:
/__w/gha-build/gha-build/built/BH/include/boost/smart_ptr/shared_ptr.hpp:614:38: warning: ‘template<class> class std::auto_ptr’ is deprecated [-Wdeprecated-declarations]
  614 |         this_type( static_cast< std::auto_ptr<Y> && >( r ) ).swap( *this );
      |                                      ^~~~~~~~
In file included from /usr/include/c++/9/memory:80,
                 from /__w/gha-build/gha-build/built/BH/include/boost/container_hash/extensions.hpp:34,
                 from /__w/gha-build/gha-build/built/BH/include/boost/container_hash/hash.hpp:766,
                 from /__w/gha-build/gha-build/built/BH/include/boost/functional/hash.hpp:6,
                 from /__w/gha-build/gha-build/built/BH/include/boost/unordered/unordered_set.hpp:18,
                 from /__w/gha-build/gha-build/built/BH/include/boost/unordered_set.hpp:17,
                 from /__w/gha-build/gha-build/built/BH/include/boost/graph/adjacency_list.hpp:20,
                 from gies.cpp:12:
/usr/include/c++/9/bits/unique_ptr.h:53:28: note: declared here
   53 |   template<typename> class auto_ptr;
      |                            ^~~~~~~~
g++ -std=gnu++11 -I"/usr/local/lib/R/include" -DNDEBUG  -I'/usr/local/lib/R/site-library/Rcpp/include' -I'/__w/gha-build/gha-build/built/RcppArmadillo/include' -I'/__w/gha-build/gha-build/built/BH/include' -I/usr/local/include  -I"../inst/include" -fpic  -g -O2 -fstack-protector-strong -Wformat -Werror=format-security -Wdate-time -D_FORTIFY_SOURCE=2 -g  -c greedy.cpp -o greedy.o
In file included from /__w/gha-build/gha-build/built/BH/include/boost/scoped_ptr.hpp:13,
                 from /__w/gha-build/gha-build/built/BH/include/boost/graph/adjacency_list.hpp:22,
                 from ../inst/include/pcalg/greedy.hpp:18,
                 from greedy.cpp:8:
/__w/gha-build/gha-build/built/BH/include/boost/smart_ptr/scoped_ptr.hpp:74:31: warning: ‘template<class> class std::auto_ptr’ is deprecated [-Wdeprecated-declarations]
   74 |     explicit scoped_ptr( std::auto_ptr<T> p ) BOOST_SP_NOEXCEPT : px( p.release() )
      |                               ^~~~~~~~
In file included from /usr/include/c++/9/bits/locale_conv.h:41,
                 from /usr/include/c++/9/locale:43,
                 from /usr/include/c++/9/iomanip:43,
                 from /usr/local/lib/R/site-library/Rcpp/include/RcppCommon.h:53,
                 from /__w/gha-build/gha-build/built/RcppArmadillo/include/RcppArmadilloForward.h:25,
                 from /__w/gha-build/gha-build/built/RcppArmadillo/include/RcppArmadillo.h:29,
                 from ../inst/include/pcalg/armaLapack.hpp:15,
                 from ../inst/include/pcalg/score.hpp:12,
                 from ../inst/include/pcalg/greedy.hpp:11,
                 from greedy.cpp:8:
/usr/include/c++/9/bits/unique_ptr.h:53:28: note: declared here
   53 |   template<typename> class auto_ptr;
      |                            ^~~~~~~~
In file included from /__w/gha-build/gha-build/built/BH/include/boost/smart_ptr/shared_ptr.hpp:17,
                 from /__w/gha-build/gha-build/built/BH/include/boost/property_map/vector_property_map.hpp:14,
                 from /__w/gha-build/gha-build/built/BH/include/boost/property_map/property_map.hpp:606,
                 from /__w/gha-build/gha-build/built/BH/include/boost/graph/adjacency_list.hpp:27,
                 from ../inst/include/pcalg/greedy.hpp:18,
                 from greedy.cpp:8:
/__w/gha-build/gha-build/built/BH/include/boost/smart_ptr/detail/shared_count.hpp:361:33: warning: ‘template<class> class std::auto_ptr’ is deprecated [-Wdeprecated-declarations]
  361 |     explicit shared_count( std::auto_ptr<Y> & r ): pi_( new sp_counted_impl_p<Y>( r.get() ) )
      |                                 ^~~~~~~~
In file included from /usr/include/c++/9/bits/locale_conv.h:41,
                 from /usr/include/c++/9/locale:43,
                 from /usr/include/c++/9/iomanip:43,
                 from /usr/local/lib/R/site-library/Rcpp/include/RcppCommon.h:53,
                 from /__w/gha-build/gha-build/built/RcppArmadillo/include/RcppArmadilloForward.h:25,
                 from /__w/gha-build/gha-build/built/RcppArmadillo/include/RcppArmadillo.h:29,
                 from ../inst/include/pcalg/armaLapack.hpp:15,
                 from ../inst/include/pcalg/score.hpp:12,
                 from ../inst/include/pcalg/greedy.hpp:11,
                 from greedy.cpp:8:
/usr/include/c++/9/bits/unique_ptr.h:53:28: note: declared here
   53 |   template<typename> class auto_ptr;
      |                            ^~~~~~~~
In file included from /__w/gha-build/gha-build/built/BH/include/boost/property_map/vector_property_map.hpp:14,
                 from /__w/gha-build/gha-build/built/BH/include/boost/property_map/property_map.hpp:606,
                 from /__w/gha-build/gha-build/built/BH/include/boost/graph/adjacency_list.hpp:27,
                 from ../inst/include/pcalg/greedy.hpp:18,
                 from greedy.cpp:8:
/__w/gha-build/gha-build/built/BH/include/boost/smart_ptr/shared_ptr.hpp:250:65: warning: ‘template<class> class std::auto_ptr’ is deprecated [-Wdeprecated-declarations]
  250 | template< class T, class R > struct sp_enable_if_auto_ptr< std::auto_ptr< T >, R >
      |                                                                 ^~~~~~~~
In file included from /usr/include/c++/9/bits/locale_conv.h:41,
                 from /usr/include/c++/9/locale:43,
                 from /usr/include/c++/9/iomanip:43,
                 from /usr/local/lib/R/site-library/Rcpp/include/RcppCommon.h:53,
                 from /__w/gha-build/gha-build/built/RcppArmadillo/include/RcppArmadilloForward.h:25,
                 from /__w/gha-build/gha-build/built/RcppArmadillo/include/RcppArmadillo.h:29,
                 from ../inst/include/pcalg/armaLapack.hpp:15,
                 from ../inst/include/pcalg/score.hpp:12,
                 from ../inst/include/pcalg/greedy.hpp:11,
                 from greedy.cpp:8:
/usr/include/c++/9/bits/unique_ptr.h:53:28: note: declared here
   53 |   template<typename> class auto_ptr;
      |                            ^~~~~~~~
In file included from /__w/gha-build/gha-build/built/BH/include/boost/property_map/vector_property_map.hpp:14,
                 from /__w/gha-build/gha-build/built/BH/include/boost/property_map/property_map.hpp:606,
                 from /__w/gha-build/gha-build/built/BH/include/boost/graph/adjacency_list.hpp:27,
                 from ../inst/include/pcalg/greedy.hpp:18,
                 from greedy.cpp:8:
/__w/gha-build/gha-build/built/BH/include/boost/smart_ptr/shared_ptr.hpp:507:31: warning: ‘template<class> class std::auto_ptr’ is deprecated [-Wdeprecated-declarations]
  507 |     explicit shared_ptr( std::auto_ptr<Y> & r ): px(r.get()), pn()
      |                               ^~~~~~~~
In file included from /usr/include/c++/9/bits/locale_conv.h:41,
                 from /usr/include/c++/9/locale:43,
                 from /usr/include/c++/9/iomanip:43,
                 from /usr/local/lib/R/site-library/Rcpp/include/RcppCommon.h:53,
                 from /__w/gha-build/gha-build/built/RcppArmadillo/include/RcppArmadilloForward.h:25,
                 from /__w/gha-build/gha-build/built/RcppArmadillo/include/RcppArmadillo.h:29,
                 from ../inst/include/pcalg/armaLapack.hpp:15,
                 from ../inst/include/pcalg/score.hpp:12,
                 from ../inst/include/pcalg/greedy.hpp:11,
                 from greedy.cpp:8:
/usr/include/c++/9/bits/unique_ptr.h:53:28: note: declared here
   53 |   template<typename> class auto_ptr;
      |                            ^~~~~~~~
In file included from /__w/gha-build/gha-build/built/BH/include/boost/property_map/vector_property_map.hpp:14,
                 from /__w/gha-build/gha-build/built/BH/include/boost/property_map/property_map.hpp:606,
                 from /__w/gha-build/gha-build/built/BH/include/boost/graph/adjacency_list.hpp:27,
                 from ../inst/include/pcalg/greedy.hpp:18,
                 from greedy.cpp:8:
/__w/gha-build/gha-build/built/BH/include/boost/smart_ptr/shared_ptr.hpp:520:22: warning: ‘template<class> class std::auto_ptr’ is deprecated [-Wdeprecated-declarations]
  520 |     shared_ptr( std::auto_ptr<Y> && r ): px(r.get()), pn()
      |                      ^~~~~~~~
In file included from /usr/include/c++/9/bits/locale_conv.h:41,
                 from /usr/include/c++/9/locale:43,
                 from /usr/include/c++/9/iomanip:43,
                 from /usr/local/lib/R/site-library/Rcpp/include/RcppCommon.h:53,
                 from /__w/gha-build/gha-build/built/RcppArmadillo/include/RcppArmadilloForward.h:25,
                 from /__w/gha-build/gha-build/built/RcppArmadillo/include/RcppArmadillo.h:29,
                 from ../inst/include/pcalg/armaLapack.hpp:15,
                 from ../inst/include/pcalg/score.hpp:12,
                 from ../inst/include/pcalg/greedy.hpp:11,
                 from greedy.cpp:8:
/usr/include/c++/9/bits/unique_ptr.h:53:28: note: declared here
   53 |   template<typename> class auto_ptr;
      |                            ^~~~~~~~
In file included from /__w/gha-build/gha-build/built/BH/include/boost/property_map/vector_property_map.hpp:14,
                 from /__w/gha-build/gha-build/built/BH/include/boost/property_map/property_map.hpp:606,
                 from /__w/gha-build/gha-build/built/BH/include/boost/graph/adjacency_list.hpp:27,
                 from ../inst/include/pcalg/greedy.hpp:18,
                 from greedy.cpp:8:
/__w/gha-build/gha-build/built/BH/include/boost/smart_ptr/shared_ptr.hpp:603:34: warning: ‘template<class> class std::auto_ptr’ is deprecated [-Wdeprecated-declarations]
  603 |     shared_ptr & operator=( std::auto_ptr<Y> & r )
      |                                  ^~~~~~~~
In file included from /usr/include/c++/9/bits/locale_conv.h:41,
                 from /usr/include/c++/9/locale:43,
                 from /usr/include/c++/9/iomanip:43,
                 from /usr/local/lib/R/site-library/Rcpp/include/RcppCommon.h:53,
                 from /__w/gha-build/gha-build/built/RcppArmadillo/include/RcppArmadilloForward.h:25,
                 from /__w/gha-build/gha-build/built/RcppArmadillo/include/RcppArmadillo.h:29,
                 from ../inst/include/pcalg/armaLapack.hpp:15,
                 from ../inst/include/pcalg/score.hpp:12,
                 from ../inst/include/pcalg/greedy.hpp:11,
                 from greedy.cpp:8:
/usr/include/c++/9/bits/unique_ptr.h:53:28: note: declared here
   53 |   template<typename> class auto_ptr;
      |                            ^~~~~~~~
In file included from /__w/gha-build/gha-build/built/BH/include/boost/property_map/vector_property_map.hpp:14,
                 from /__w/gha-build/gha-build/built/BH/include/boost/property_map/property_map.hpp:606,
                 from /__w/gha-build/gha-build/built/BH/include/boost/graph/adjacency_list.hpp:27,
                 from ../inst/include/pcalg/greedy.hpp:18,
                 from greedy.cpp:8:
/__w/gha-build/gha-build/built/BH/include/boost/smart_ptr/shared_ptr.hpp:612:34: warning: ‘template<class> class std::auto_ptr’ is deprecated [-Wdeprecated-declarations]
  612 |     shared_ptr & operator=( std::auto_ptr<Y> && r )
      |                                  ^~~~~~~~
In file included from /usr/include/c++/9/bits/locale_conv.h:41,
                 from /usr/include/c++/9/locale:43,
                 from /usr/include/c++/9/iomanip:43,
                 from /usr/local/lib/R/site-library/Rcpp/include/RcppCommon.h:53,
                 from /__w/gha-build/gha-build/built/RcppArmadillo/include/RcppArmadilloForward.h:25,
                 from /__w/gha-build/gha-build/built/RcppArmadillo/include/RcppArmadillo.h:29,
                 from ../inst/include/pcalg/armaLapack.hpp:15,
                 from ../inst/include/pcalg/score.hpp:12,
                 from ../inst/include/pcalg/greedy.hpp:11,
                 from greedy.cpp:8:
/usr/include/c++/9/bits/unique_ptr.h:53:28: note: declared here
   53 |   template<typename> class auto_ptr;
      |                            ^~~~~~~~
In file included from /__w/gha-build/gha-build/built/BH/include/boost/property_map/vector_property_map.hpp:14,
                 from /__w/gha-build/gha-build/built/BH/include/boost/property_map/property_map.hpp:606,
                 from /__w/gha-build/gha-build/built/BH/include/boost/graph/adjacency_list.hpp:27,
                 from ../inst/include/pcalg/greedy.hpp:18,
                 from greedy.cpp:8:
/__w/gha-build/gha-build/built/BH/include/boost/smart_ptr/shared_ptr.hpp: In member function ‘boost::shared_ptr<T>& boost::shared_ptr<T>::operator=(std::auto_ptr<_Up>&&)’:
/__w/gha-build/gha-build/built/BH/include/boost/smart_ptr/shared_ptr.hpp:614:38: warning: ‘template<class> class std::auto_ptr’ is deprecated [-Wdeprecated-declarations]
  614 |         this_type( static_cast< std::auto_ptr<Y> && >( r ) ).swap( *this );
      |                                      ^~~~~~~~
In file included from /usr/include/c++/9/bits/locale_conv.h:41,
                 from /usr/include/c++/9/locale:43,
                 from /usr/include/c++/9/iomanip:43,
                 from /usr/local/lib/R/site-library/Rcpp/include/RcppCommon.h:53,
                 from /__w/gha-build/gha-build/built/RcppArmadillo/include/RcppArmadilloForward.h:25,
                 from /__w/gha-build/gha-build/built/RcppArmadillo/include/RcppArmadillo.h:29,
                 from ../inst/include/pcalg/armaLapack.hpp:15,
                 from ../inst/include/pcalg/score.hpp:12,
                 from ../inst/include/pcalg/greedy.hpp:11,
                 from greedy.cpp:8:
/usr/include/c++/9/bits/unique_ptr.h:53:28: note: declared here
   53 |   template<typename> class auto_ptr;
      |                            ^~~~~~~~
gcc -I"/usr/local/lib/R/include" -DNDEBUG  -I'/usr/local/lib/R/site-library/Rcpp/include' -I'/__w/gha-build/gha-build/built/RcppArmadillo/include' -I'/__w/gha-build/gha-build/built/BH/include' -I/usr/local/include   -fpic  -g -O2 -fstack-protector-strong -Wformat -Werror=format-security -Wdate-time -D_FORTIFY_SOURCE=2 -g  -c init.c -o init.o
g++ -std=gnu++11 -I"/usr/local/lib/R/include" -DNDEBUG  -I'/usr/local/lib/R/site-library/Rcpp/include' -I'/__w/gha-build/gha-build/built/RcppArmadillo/include' -I'/__w/gha-build/gha-build/built/BH/include' -I/usr/local/include  -I"../inst/include" -fpic  -g -O2 -fstack-protector-strong -Wformat -Werror=format-security -Wdate-time -D_FORTIFY_SOURCE=2 -g  -c score.cpp -o score.o
In file included from /__w/gha-build/gha-build/built/BH/include/boost/scoped_ptr.hpp:13,
                 from /__w/gha-build/gha-build/built/BH/include/boost/graph/adjacency_list.hpp:22,
                 from ../inst/include/pcalg/greedy.hpp:18,
                 from score.cpp:7:
/__w/gha-build/gha-build/built/BH/include/boost/smart_ptr/scoped_ptr.hpp:74:31: warning: ‘template<class> class std::auto_ptr’ is deprecated [-Wdeprecated-declarations]
   74 |     explicit scoped_ptr( std::auto_ptr<T> p ) BOOST_SP_NOEXCEPT : px( p.release() )
      |                               ^~~~~~~~
In file included from /usr/include/c++/9/bits/locale_conv.h:41,
                 from /usr/include/c++/9/locale:43,
                 from /usr/include/c++/9/iomanip:43,
                 from /usr/local/lib/R/site-library/Rcpp/include/RcppCommon.h:53,
                 from /__w/gha-build/gha-build/built/RcppArmadillo/include/RcppArmadilloForward.h:25,
                 from /__w/gha-build/gha-build/built/RcppArmadillo/include/RcppArmadillo.h:29,
                 from ../inst/include/pcalg/armaLapack.hpp:15,
                 from ../inst/include/pcalg/score.hpp:12,
                 from score.cpp:6:
/usr/include/c++/9/bits/unique_ptr.h:53:28: note: declared here
   53 |   template<typename> class auto_ptr;
      |                            ^~~~~~~~
In file included from /__w/gha-build/gha-build/built/BH/include/boost/smart_ptr/shared_ptr.hpp:17,
                 from /__w/gha-build/gha-build/built/BH/include/boost/property_map/vector_property_map.hpp:14,
                 from /__w/gha-build/gha-build/built/BH/include/boost/property_map/property_map.hpp:606,
                 from /__w/gha-build/gha-build/built/BH/include/boost/graph/adjacency_list.hpp:27,
                 from ../inst/include/pcalg/greedy.hpp:18,
                 from score.cpp:7:
/__w/gha-build/gha-build/built/BH/include/boost/smart_ptr/detail/shared_count.hpp:361:33: warning: ‘template<class> class std::auto_ptr’ is deprecated [-Wdeprecated-declarations]
  361 |     explicit shared_count( std::auto_ptr<Y> & r ): pi_( new sp_counted_impl_p<Y>( r.get() ) )
      |                                 ^~~~~~~~
In file included from /usr/include/c++/9/bits/locale_conv.h:41,
                 from /usr/include/c++/9/locale:43,
                 from /usr/include/c++/9/iomanip:43,
                 from /usr/local/lib/R/site-library/Rcpp/include/RcppCommon.h:53,
                 from /__w/gha-build/gha-build/built/RcppArmadillo/include/RcppArmadilloForward.h:25,
                 from /__w/gha-build/gha-build/built/RcppArmadillo/include/RcppArmadillo.h:29,
                 from ../inst/include/pcalg/armaLapack.hpp:15,
                 from ../inst/include/pcalg/score.hpp:12,
                 from score.cpp:6:
/usr/include/c++/9/bits/unique_ptr.h:53:28: note: declared here
   53 |   template<typename> class auto_ptr;
      |                            ^~~~~~~~
In file included from /__w/gha-build/gha-build/built/BH/include/boost/property_map/vector_property_map.hpp:14,
                 from /__w/gha-build/gha-build/built/BH/include/boost/property_map/property_map.hpp:606,
                 from /__w/gha-build/gha-build/built/BH/include/boost/graph/adjacency_list.hpp:27,
                 from ../inst/include/pcalg/greedy.hpp:18,
                 from score.cpp:7:
/__w/gha-build/gha-build/built/BH/include/boost/smart_ptr/shared_ptr.hpp:250:65: warning: ‘template<class> class std::auto_ptr’ is deprecated [-Wdeprecated-declarations]
  250 | template< class T, class R > struct sp_enable_if_auto_ptr< std::auto_ptr< T >, R >
      |                                                                 ^~~~~~~~
In file included from /usr/include/c++/9/bits/locale_conv.h:41,
                 from /usr/include/c++/9/locale:43,
                 from /usr/include/c++/9/iomanip:43,
                 from /usr/local/lib/R/site-library/Rcpp/include/RcppCommon.h:53,
                 from /__w/gha-build/gha-build/built/RcppArmadillo/include/RcppArmadilloForward.h:25,
                 from /__w/gha-build/gha-build/built/RcppArmadillo/include/RcppArmadillo.h:29,
                 from ../inst/include/pcalg/armaLapack.hpp:15,
                 from ../inst/include/pcalg/score.hpp:12,
                 from score.cpp:6:
/usr/include/c++/9/bits/unique_ptr.h:53:28: note: declared here
   53 |   template<typename> class auto_ptr;
      |                            ^~~~~~~~
In file included from /__w/gha-build/gha-build/built/BH/include/boost/property_map/vector_property_map.hpp:14,
                 from /__w/gha-build/gha-build/built/BH/include/boost/property_map/property_map.hpp:606,
                 from /__w/gha-build/gha-build/built/BH/include/boost/graph/adjacency_list.hpp:27,
                 from ../inst/include/pcalg/greedy.hpp:18,
                 from score.cpp:7:
/__w/gha-build/gha-build/built/BH/include/boost/smart_ptr/shared_ptr.hpp:507:31: warning: ‘template<class> class std::auto_ptr’ is deprecated [-Wdeprecated-declarations]
  507 |     explicit shared_ptr( std::auto_ptr<Y> & r ): px(r.get()), pn()
      |                               ^~~~~~~~
In file included from /usr/include/c++/9/bits/locale_conv.h:41,
                 from /usr/include/c++/9/locale:43,
                 from /usr/include/c++/9/iomanip:43,
                 from /usr/local/lib/R/site-library/Rcpp/include/RcppCommon.h:53,
                 from /__w/gha-build/gha-build/built/RcppArmadillo/include/RcppArmadilloForward.h:25,
                 from /__w/gha-build/gha-build/built/RcppArmadillo/include/RcppArmadillo.h:29,
                 from ../inst/include/pcalg/armaLapack.hpp:15,
                 from ../inst/include/pcalg/score.hpp:12,
                 from score.cpp:6:
/usr/include/c++/9/bits/unique_ptr.h:53:28: note: declared here
   53 |   template<typename> class auto_ptr;
      |                            ^~~~~~~~
In file included from /__w/gha-build/gha-build/built/BH/include/boost/property_map/vector_property_map.hpp:14,
                 from /__w/gha-build/gha-build/built/BH/include/boost/property_map/property_map.hpp:606,
                 from /__w/gha-build/gha-build/built/BH/include/boost/graph/adjacency_list.hpp:27,
                 from ../inst/include/pcalg/greedy.hpp:18,
                 from score.cpp:7:
/__w/gha-build/gha-build/built/BH/include/boost/smart_ptr/shared_ptr.hpp:520:22: warning: ‘template<class> class std::auto_ptr’ is deprecated [-Wdeprecated-declarations]
  520 |     shared_ptr( std::auto_ptr<Y> && r ): px(r.get()), pn()
      |                      ^~~~~~~~
In file included from /usr/include/c++/9/bits/locale_conv.h:41,
                 from /usr/include/c++/9/locale:43,
                 from /usr/include/c++/9/iomanip:43,
                 from /usr/local/lib/R/site-library/Rcpp/include/RcppCommon.h:53,
                 from /__w/gha-build/gha-build/built/RcppArmadillo/include/RcppArmadilloForward.h:25,
                 from /__w/gha-build/gha-build/built/RcppArmadillo/include/RcppArmadillo.h:29,
                 from ../inst/include/pcalg/armaLapack.hpp:15,
                 from ../inst/include/pcalg/score.hpp:12,
                 from score.cpp:6:
/usr/include/c++/9/bits/unique_ptr.h:53:28: note: declared here
   53 |   template<typename> class auto_ptr;
      |                            ^~~~~~~~
In file included from /__w/gha-build/gha-build/built/BH/include/boost/property_map/vector_property_map.hpp:14,
                 from /__w/gha-build/gha-build/built/BH/include/boost/property_map/property_map.hpp:606,
                 from /__w/gha-build/gha-build/built/BH/include/boost/graph/adjacency_list.hpp:27,
                 from ../inst/include/pcalg/greedy.hpp:18,
                 from score.cpp:7:
/__w/gha-build/gha-build/built/BH/include/boost/smart_ptr/shared_ptr.hpp:603:34: warning: ‘template<class> class std::auto_ptr’ is deprecated [-Wdeprecated-declarations]
  603 |     shared_ptr & operator=( std::auto_ptr<Y> & r )
      |                                  ^~~~~~~~
In file included from /usr/include/c++/9/bits/locale_conv.h:41,
                 from /usr/include/c++/9/locale:43,
                 from /usr/include/c++/9/iomanip:43,
                 from /usr/local/lib/R/site-library/Rcpp/include/RcppCommon.h:53,
                 from /__w/gha-build/gha-build/built/RcppArmadillo/include/RcppArmadilloForward.h:25,
                 from /__w/gha-build/gha-build/built/RcppArmadillo/include/RcppArmadillo.h:29,
                 from ../inst/include/pcalg/armaLapack.hpp:15,
                 from ../inst/include/pcalg/score.hpp:12,
                 from score.cpp:6:
/usr/include/c++/9/bits/unique_ptr.h:53:28: note: declared here
   53 |   template<typename> class auto_ptr;
      |                            ^~~~~~~~
In file included from /__w/gha-build/gha-build/built/BH/include/boost/property_map/vector_property_map.hpp:14,
                 from /__w/gha-build/gha-build/built/BH/include/boost/property_map/property_map.hpp:606,
                 from /__w/gha-build/gha-build/built/BH/include/boost/graph/adjacency_list.hpp:27,
                 from ../inst/include/pcalg/greedy.hpp:18,
                 from score.cpp:7:
/__w/gha-build/gha-build/built/BH/include/boost/smart_ptr/shared_ptr.hpp:612:34: warning: ‘template<class> class std::auto_ptr’ is deprecated [-Wdeprecated-declarations]
  612 |     shared_ptr & operator=( std::auto_ptr<Y> && r )
      |                                  ^~~~~~~~
In file included from /usr/include/c++/9/bits/locale_conv.h:41,
                 from /usr/include/c++/9/locale:43,
                 from /usr/include/c++/9/iomanip:43,
                 from /usr/local/lib/R/site-library/Rcpp/include/RcppCommon.h:53,
                 from /__w/gha-build/gha-build/built/RcppArmadillo/include/RcppArmadilloForward.h:25,
                 from /__w/gha-build/gha-build/built/RcppArmadillo/include/RcppArmadillo.h:29,
                 from ../inst/include/pcalg/armaLapack.hpp:15,
                 from ../inst/include/pcalg/score.hpp:12,
                 from score.cpp:6:
/usr/include/c++/9/bits/unique_ptr.h:53:28: note: declared here
   53 |   template<typename> class auto_ptr;
      |                            ^~~~~~~~
In file included from /__w/gha-build/gha-build/built/BH/include/boost/property_map/vector_property_map.hpp:14,
                 from /__w/gha-build/gha-build/built/BH/include/boost/property_map/property_map.hpp:606,
                 from /__w/gha-build/gha-build/built/BH/include/boost/graph/adjacency_list.hpp:27,
                 from ../inst/include/pcalg/greedy.hpp:18,
                 from score.cpp:7:
/__w/gha-build/gha-build/built/BH/include/boost/smart_ptr/shared_ptr.hpp: In member function ‘boost::shared_ptr<T>& boost::shared_ptr<T>::operator=(std::auto_ptr<_Up>&&)’:
/__w/gha-build/gha-build/built/BH/include/boost/smart_ptr/shared_ptr.hpp:614:38: warning: ‘template<class> class std::auto_ptr’ is deprecated [-Wdeprecated-declarations]
  614 |         this_type( static_cast< std::auto_ptr<Y> && >( r ) ).swap( *this );
      |                                      ^~~~~~~~
In file included from /usr/include/c++/9/bits/locale_conv.h:41,
                 from /usr/include/c++/9/locale:43,
                 from /usr/include/c++/9/iomanip:43,
                 from /usr/local/lib/R/site-library/Rcpp/include/RcppCommon.h:53,
                 from /__w/gha-build/gha-build/built/RcppArmadillo/include/RcppArmadilloForward.h:25,
                 from /__w/gha-build/gha-build/built/RcppArmadillo/include/RcppArmadillo.h:29,
                 from ../inst/include/pcalg/armaLapack.hpp:15,
                 from ../inst/include/pcalg/score.hpp:12,
                 from score.cpp:6:
/usr/include/c++/9/bits/unique_ptr.h:53:28: note: declared here
   53 |   template<typename> class auto_ptr;
      |                            ^~~~~~~~
g++ -std=gnu++11 -shared -L/usr/local/lib/R/lib -L/usr/local/lib -o pcalg.so constraint.o gies.o greedy.o init.o score.o -llapack -lblas -lgfortran -lm -lquadmath -L/usr/local/lib/R/lib -lR
installing to /__w/gha-build/gha-build/built/00LOCK-pcalg/00new/pcalg/libs
** R
** data
** inst
** byte-compile and prepare package for lazy loading
** help
*** installing help indices
** building package indices
** installing vignettes
** testing if installed package can be loaded from temporary location
** checking absolute paths in shared objects and dynamic libraries
** testing if installed package can be loaded from final location
** testing if installed package keeps a record of temporary installation path
* creating tarball
packaged installation of ‘pcalg’ as ‘pcalg_2.7-6_R_x86_64-pc-linux-gnu.tar.gz’
* DONE (pcalg)
