* installing *source* package ‘pepStat’ ...
** using staged installation
** R
** inst
** byte-compile and prepare package for lazy loading
No methods found in package ‘GenomicRanges’ for request: ‘mcols<-’ when loading ‘pepStat’
No methods found in package ‘GenomicRanges’ for request: ‘mcols’ when loading ‘pepStat’
No methods found in package ‘IRanges’ for request: ‘values<-’ when loading ‘pepStat’
No methods found in package ‘IRanges’ for request: ‘values’ when loading ‘pepStat’
** help
*** installing help indices
** building package indices
** installing vignettes
** testing if installed package can be loaded from temporary location
No methods found in package ‘GenomicRanges’ for request: ‘mcols<-’ when loading ‘pepStat’
No methods found in package ‘GenomicRanges’ for request: ‘mcols’ when loading ‘pepStat’
No methods found in package ‘IRanges’ for request: ‘values<-’ when loading ‘pepStat’
No methods found in package ‘IRanges’ for request: ‘values’ when loading ‘pepStat’
** testing if installed package can be loaded from final location
No methods found in package ‘GenomicRanges’ for request: ‘mcols<-’ when loading ‘pepStat’
No methods found in package ‘GenomicRanges’ for request: ‘mcols’ when loading ‘pepStat’
No methods found in package ‘IRanges’ for request: ‘values<-’ when loading ‘pepStat’
No methods found in package ‘IRanges’ for request: ‘values’ when loading ‘pepStat’
** testing if installed package keeps a record of temporary installation path
* creating tarball
packaged installation of ‘pepStat’ as ‘pepStat_1.30.0_R_x86_64-pc-linux-gnu.tar.gz’
* DONE (pepStat)
