* installing *source* package ‘profileScoreDist’ ...
** using staged installation
** libs
g++ -std=gnu++14 -I"/usr/local/lib/R/include" -DNDEBUG  -I'/usr/local/lib/R/site-library/Rcpp/include' -I/usr/local/include   -fpic  -g -O2 -fstack-protector-strong -Wformat -Werror=format-security -Wdate-time -D_FORTIFY_SOURCE=2 -g  -c RcppExports.cpp -o RcppExports.o
g++ -std=gnu++14 -I"/usr/local/lib/R/include" -DNDEBUG  -I'/usr/local/lib/R/site-library/Rcpp/include' -I/usr/local/include   -fpic  -g -O2 -fstack-protector-strong -Wformat -Werror=format-security -Wdate-time -D_FORTIFY_SOURCE=2 -g  -c profileConvolution.cpp -o profileConvolution.o
g++ -std=gnu++14 -I"/usr/local/lib/R/include" -DNDEBUG  -I'/usr/local/lib/R/site-library/Rcpp/include' -I/usr/local/include   -fpic  -g -O2 -fstack-protector-strong -Wformat -Werror=format-security -Wdate-time -D_FORTIFY_SOURCE=2 -g  -c profilePosscoreprob.cpp -o profilePosscoreprob.o
g++ -std=gnu++14 -shared -L/usr/local/lib/R/lib -L/usr/local/lib -o profileScoreDist.so RcppExports.o profileConvolution.o profilePosscoreprob.o -L/usr/local/lib/R/lib -lR
installing to /__w/gha-build/gha-build/built/00LOCK-profileScoreDist/00new/profileScoreDist/libs
** R
** data
*** moving datasets to lazyload DB
** inst
** byte-compile and prepare package for lazy loading
** help
*** installing help indices
** building package indices
** installing vignettes
** testing if installed package can be loaded from temporary location
** checking absolute paths in shared objects and dynamic libraries
** testing if installed package can be loaded from final location
** testing if installed package keeps a record of temporary installation path
* creating tarball
packaged installation of ‘profileScoreDist’ as ‘profileScoreDist_1.24.0_R_x86_64-pc-linux-gnu.tar.gz’
* DONE (profileScoreDist)
