* installing *source* package ‘PSICQUIC’ ...
** using staged installation
** R
** inst
** byte-compile and prepare package for lazy loading
Warning: replacing previous import ‘IRanges::desc’ by ‘plyr::desc’ when loading ‘PSICQUIC’
Creating a new generic function for ‘count’ in package ‘PSICQUIC’
** help
*** installing help indices
** building package indices
** installing vignettes
** testing if installed package can be loaded from temporary location
Warning: replacing previous import ‘IRanges::desc’ by ‘plyr::desc’ when loading ‘PSICQUIC’
Warning: Package 'PSICQUIC' is deprecated and will be removed from Bioconductor
  version 3.16
** testing if installed package can be loaded from final location
Warning: replacing previous import ‘IRanges::desc’ by ‘plyr::desc’ when loading ‘PSICQUIC’
Warning: Package 'PSICQUIC' is deprecated and will be removed from Bioconductor
  version 3.16
** testing if installed package keeps a record of temporary installation path
* creating tarball
packaged installation of ‘PSICQUIC’ as ‘PSICQUIC_1.34.0_R_x86_64-pc-linux-gnu.tar.gz’
* DONE (PSICQUIC)
