* installing *source* package ‘PubScore’ ...
** using staged installation
** R
** data
*** moving datasets to lazyload DB
** inst
** byte-compile and prepare package for lazy loading
** help
*** installing help indices
** building package indices
** installing vignettes
** testing if installed package can be loaded from temporary location
Warning: Package 'PubScore' is deprecated and will be removed from Bioconductor
  version 3.16
** testing if installed package can be loaded from final location
Warning: Package 'PubScore' is deprecated and will be removed from Bioconductor
  version 3.16
** testing if installed package keeps a record of temporary installation path
* creating tarball
packaged installation of ‘PubScore’ as ‘PubScore_1.8.0_R_x86_64-pc-linux-gnu.tar.gz’
* DONE (PubScore)
