* installing *source* package ‘qckitfastq’ ...
** using staged installation
** libs
g++ -std=gnu++14 -I"/usr/local/lib/R/include" -DNDEBUG  -I'/usr/local/lib/R/site-library/Rcpp/include' -I'/__w/gha-build/gha-build/built/RSeqAn/include' -I/usr/local/include   -fpic  -g -O2 -fstack-protector-strong -Wformat -Werror=format-security -Wdate-time -D_FORTIFY_SOURCE=2 -g  -c RcppExports.cpp -o RcppExports.o
g++ -std=gnu++14 -I"/usr/local/lib/R/include" -DNDEBUG  -I'/usr/local/lib/R/site-library/Rcpp/include' -I'/__w/gha-build/gha-build/built/RSeqAn/include' -I/usr/local/include   -fpic  -g -O2 -fstack-protector-strong -Wformat -Werror=format-security -Wdate-time -D_FORTIFY_SOURCE=2 -g  -c calc_adapter_content.cpp -o calc_adapter_content.o
g++ -std=gnu++14 -I"/usr/local/lib/R/include" -DNDEBUG  -I'/usr/local/lib/R/site-library/Rcpp/include' -I'/__w/gha-build/gha-build/built/RSeqAn/include' -I/usr/local/include   -fpic  -g -O2 -fstack-protector-strong -Wformat -Werror=format-security -Wdate-time -D_FORTIFY_SOURCE=2 -g  -c gzstream.cpp -o gzstream.o
g++ -std=gnu++14 -I"/usr/local/lib/R/include" -DNDEBUG  -I'/usr/local/lib/R/site-library/Rcpp/include' -I'/__w/gha-build/gha-build/built/RSeqAn/include' -I/usr/local/include   -fpic  -g -O2 -fstack-protector-strong -Wformat -Werror=format-security -Wdate-time -D_FORTIFY_SOURCE=2 -g  -c read_fastq.cpp -o read_fastq.o
g++ -std=gnu++14 -shared -L/usr/local/lib/R/lib -L/usr/local/lib -o qckitfastq.so RcppExports.o calc_adapter_content.o gzstream.o read_fastq.o -lz -L/usr/local/lib/R/lib -lR
installing to /__w/gha-build/gha-build/built/00LOCK-qckitfastq/00new/qckitfastq/libs
** R
** inst
** byte-compile and prepare package for lazy loading
** help
*** installing help indices
** building package indices
** installing vignettes
** testing if installed package can be loaded from temporary location
** checking absolute paths in shared objects and dynamic libraries
** testing if installed package can be loaded from final location
** testing if installed package keeps a record of temporary installation path
* creating tarball
packaged installation of ‘qckitfastq’ as ‘qckitfastq_1.12.0_R_x86_64-pc-linux-gnu.tar.gz’
* DONE (qckitfastq)
