* installing *source* package ‘ramwas’ ...
** using staged installation
** libs
gcc -I"/usr/local/lib/R/include" -DNDEBUG   -I/usr/local/include   -fpic  -g -O2 -fstack-protector-strong -Wformat -Werror=format-security -Wdate-time -D_FORTIFY_SOURCE=2 -g  -c rw_c_code.c -o rw_c_code.o
gcc -shared -L/usr/local/lib/R/lib -L/usr/local/lib -o ramwas.so rw_c_code.o -L/usr/local/lib/R/lib -lR
installing to /__w/gha-build/gha-build/built/00LOCK-ramwas/00new/ramwas/libs
** R
** inst
** byte-compile and prepare package for lazy loading
** help
*** installing help indices
*** copying figures
** building package indices
** installing vignettes
** testing if installed package can be loaded from temporary location
** checking absolute paths in shared objects and dynamic libraries
** testing if installed package can be loaded from final location
** testing if installed package keeps a record of temporary installation path
* creating tarball
packaged installation of ‘ramwas’ as ‘ramwas_1.20.0_R_x86_64-pc-linux-gnu.tar.gz’
* DONE (ramwas)
