* installing *source* package ‘Rbowtie’ ...
** using staged installation
** libs
** arch - 
g++ -O3 -DCOMPILER_OPTIONS="\"-O3  -Wl,--hash-style=both -DPOPCNT_CAPABILITY -g -O2 -fstack-protector-strong -Wformat -Werror=format-security -Wdate-time -D_FORTIFY_SOURCE=2 -g   -g -O2 -fstack-protector-strong -Wformat -Werror=format-security -Wdate-time -D_FORTIFY_SOURCE=2 -g  \""  -Wl,--hash-style=both -DPOPCNT_CAPABILITY -g -O2 -fstack-protector-strong -Wformat -Werror=format-security -Wdate-time -D_FORTIFY_SOURCE=2 -g   -g -O2 -fstack-protector-strong -Wformat -Werror=format-security -Wdate-time -D_FORTIFY_SOURCE=2 -g    \
	-fno-strict-aliasing -DBOWTIE_VERSION="\"`cat VERSION`\"" -DBUILD_HOST="\"`hostname`\"" -DBUILD_TIME="\"2022-09-10T08:05:21\"" -DCOMPILER_VERSION="\"`g++ -v 2>&1 | tail -1`\"" -D_LARGEFILE_SOURCE -D_FILE_OFFSET_BITS=64 -D_GNU_SOURCE  -DPREFETCH_LOCALITY=2 -DBOWTIE_MM -DBOWTIE_SHARED_MEM -DNDEBUG -Wall -Wno-unused-parameter -Wno-reorder \
	 -I third_party -I third_party \
	-o bowtie-build-s ebwt_build.cpp \
	ccnt_lut.cpp ref_read.cpp alphabet.cpp shmem.cpp edit.cpp ebwt.cpp bt2_locks.cpp tinythread.cpp  bowtie_build_main.cpp \
	-L/usr/local/lib  -lz -lpthread 
g++ -O3 -DCOMPILER_OPTIONS="\"-O3  -Wl,--hash-style=both -DPOPCNT_CAPABILITY -g -O2 -fstack-protector-strong -Wformat -Werror=format-security -Wdate-time -D_FORTIFY_SOURCE=2 -g   -g -O2 -fstack-protector-strong -Wformat -Werror=format-security -Wdate-time -D_FORTIFY_SOURCE=2 -g  \""  -Wl,--hash-style=both -DPOPCNT_CAPABILITY -g -O2 -fstack-protector-strong -Wformat -Werror=format-security -Wdate-time -D_FORTIFY_SOURCE=2 -g   -g -O2 -fstack-protector-strong -Wformat -Werror=format-security -Wdate-time -D_FORTIFY_SOURCE=2 -g   \
	-fno-strict-aliasing -DBOWTIE_VERSION="\"`cat VERSION`\"" -DBUILD_HOST="\"`hostname`\"" -DBUILD_TIME="\"2022-09-10T08:05:40\"" -DCOMPILER_VERSION="\"`g++ -v 2>&1 | tail -1`\"" -D_LARGEFILE_SOURCE -D_FILE_OFFSET_BITS=64 -D_GNU_SOURCE  -DPREFETCH_LOCALITY=2 -DBOWTIE_MM -DBOWTIE_SHARED_MEM -DNDEBUG -Wall -Wno-unused-parameter -Wno-reorder \
	 -I third_party -I third_party \
	-o bowtie-align-s ebwt_search.cpp \
	ccnt_lut.cpp ref_read.cpp alphabet.cpp shmem.cpp edit.cpp ebwt.cpp bt2_locks.cpp tinythread.cpp qual.cpp pat.cpp ebwt_search_util.cpp ref_aligner.cpp log.cpp hit_set.cpp sam.cpp hit.cpp bowtie_main.cpp \
	-L/usr/local/lib  -lz -lpthread 
mkdir -p ../inst
cp bowtie-align-s ../inst/bowtie
cp bowtie-build-s ../inst/bowtie-build
cd SpliceMap; \
make -f Makefile; \
echo "MAKE of SpliceMap DONE"	
make[1]: Entering directory '/tmp/RtmpJQmpWx/R.INSTALLe551638c0/Rbowtie/src/SpliceMap'
`"/usr/local/lib/R/bin/R" CMD config CXX` `"/usr/local/lib/R/bin/R" CMD config CXXFLAGS` -c SpliceMap_utils_QuasR.cpp
`"/usr/local/lib/R/bin/R" CMD config CXX` `"/usr/local/lib/R/bin/R" CMD config CXXFLAGS` -c params.cpp
`"/usr/local/lib/R/bin/R" CMD config CXX` `"/usr/local/lib/R/bin/R" CMD config CXXFLAGS` -c cfgfile.cpp
`"/usr/local/lib/R/bin/R" CMD config CXX` `"/usr/local/lib/R/bin/R" CMD config LDFLAGS` `"/usr/local/lib/R/bin/R" CMD config CXXFLAGS` -o runSpliceMap_QuasR SpliceMap_utils_QuasR.o cfgfile.o runSpliceMap_QuasR.cpp params.o
`"/usr/local/lib/R/bin/R" CMD config CXX` `"/usr/local/lib/R/bin/R" CMD config LDFLAGS` `"/usr/local/lib/R/bin/R" CMD config CXXFLAGS` -o sortsam sortsam.cpp SpliceMap_utils_QuasR.o params.o
`"/usr/local/lib/R/bin/R" CMD config CXX` `"/usr/local/lib/R/bin/R" CMD config LDFLAGS` `"/usr/local/lib/R/bin/R" CMD config CXXFLAGS` -o amalgamateSAM amalgamateSAM.cpp SpliceMap_utils_QuasR.o params.o
`"/usr/local/lib/R/bin/R" CMD config CXX` `"/usr/local/lib/R/bin/R" CMD config LDFLAGS` `"/usr/local/lib/R/bin/R" CMD config CXXFLAGS` -o getSpliceMapUnmapped getSpliceMapUnmapped.cpp
`"/usr/local/lib/R/bin/R" CMD config CXX` `"/usr/local/lib/R/bin/R" CMD config LDFLAGS` `"/usr/local/lib/R/bin/R" CMD config CXXFLAGS` -o fuseReorder fuseReorder.cpp
`"/usr/local/lib/R/bin/R" CMD config CXX` `"/usr/local/lib/R/bin/R" CMD config LDFLAGS` `"/usr/local/lib/R/bin/R" CMD config CXXFLAGS` -o SpliceMap main.cpp SpliceMap_utils_QuasR.o params.o cfgfile.o
make[1]: Leaving directory '/tmp/RtmpJQmpWx/R.INSTALLe551638c0/Rbowtie/src/SpliceMap'
MAKE of SpliceMap DONE
mkdir -p ../inst
cp SpliceMap/SpliceMap ../inst/SpliceMap
cp SpliceMap/amalgamateSAM ../inst/amalgamateSAM
cp SpliceMap/getSpliceMapUnmapped ../inst/getSpliceMapUnmapped
cp SpliceMap/fuseReorder ../inst/fuseReorder
cp SpliceMap/runSpliceMap_QuasR ../inst/runSpliceMap_QuasR
cp SpliceMap/sortsam ../inst/sortsam
** R
** inst
** byte-compile and prepare package for lazy loading
** help
*** installing help indices
** building package indices
** installing vignettes
** testing if installed package can be loaded from temporary location
** testing if installed package can be loaded from final location
** testing if installed package keeps a record of temporary installation path
* creating tarball
packaged installation of ‘Rbowtie’ as ‘Rbowtie_1.36.0_R_x86_64-pc-linux-gnu.tar.gz’
* DONE (Rbowtie)
