* installing *source* package ‘Repitools’ ...
** using staged installation
** libs
gcc -I"/usr/local/lib/R/include" -DNDEBUG   -I/usr/local/include  -D R_NO_REMAP -I. -fpic  -g -O2 -fstack-protector-strong -Wformat -Werror=format-security -Wdate-time -D_FORTIFY_SOURCE=2 -g  -c const.c -o const.o
gcc -I"/usr/local/lib/R/include" -DNDEBUG   -I/usr/local/include  -D R_NO_REMAP -I. -fpic  -g -O2 -fstack-protector-strong -Wformat -Werror=format-security -Wdate-time -D_FORTIFY_SOURCE=2 -g  -c hyp2f1.c -o hyp2f1.o
gcc -I"/usr/local/lib/R/include" -DNDEBUG   -I/usr/local/include  -D R_NO_REMAP -I. -fpic  -g -O2 -fstack-protector-strong -Wformat -Werror=format-security -Wdate-time -D_FORTIFY_SOURCE=2 -g  -c mtherr.c -o mtherr.o
gcc -shared -L/usr/local/lib/R/lib -L/usr/local/lib -o Repitools.so const.o hyp2f1.o mtherr.o -L/usr/local/lib/R/lib -lR
installing to /__w/gha-build/gha-build/built/00LOCK-Repitools/00new/Repitools/libs
** R
** data
** inst
** byte-compile and prepare package for lazy loading
** help
*** installing help indices
** building package indices
** installing vignettes
** testing if installed package can be loaded from temporary location
** checking absolute paths in shared objects and dynamic libraries
** testing if installed package can be loaded from final location
** testing if installed package keeps a record of temporary installation path
* creating tarball
packaged installation of ‘Repitools’ as ‘Repitools_1.42.0_R_x86_64-pc-linux-gnu.tar.gz’
* DONE (Repitools)
