* installing *source* package ‘RJMCMCNucleosomes’ ...
** using staged installation
** libs
g++ -std=gnu++14 -I"/usr/local/lib/R/include" -DNDEBUG `gsl-config --cflags` -I'/__w/gha-build/gha-build/built/Rcpp/include' -I/usr/local/include   -fpic  -g -O2 -fstack-protector-strong -Wformat -Werror=format-security -Wdate-time -D_FORTIFY_SOURCE=2 -g  -c NucleoDirichlet.cpp -o NucleoDirichlet.o
g++ -std=gnu++14 -I"/usr/local/lib/R/include" -DNDEBUG `gsl-config --cflags` -I'/__w/gha-build/gha-build/built/Rcpp/include' -I/usr/local/include   -fpic  -g -O2 -fstack-protector-strong -Wformat -Werror=format-security -Wdate-time -D_FORTIFY_SOURCE=2 -g  -c NucleoDirichletPA.cpp -o NucleoDirichletPA.o
g++ -std=gnu++14 -I"/usr/local/lib/R/include" -DNDEBUG `gsl-config --cflags` -I'/__w/gha-build/gha-build/built/Rcpp/include' -I/usr/local/include   -fpic  -g -O2 -fstack-protector-strong -Wformat -Werror=format-security -Wdate-time -D_FORTIFY_SOURCE=2 -g  -c Nucleosome.cpp -o Nucleosome.o
gcc -I"/usr/local/lib/R/include" -DNDEBUG `gsl-config --cflags` -I'/__w/gha-build/gha-build/built/Rcpp/include' -I/usr/local/include   -fpic  -g -O2 -fstack-protector-strong -Wformat -Werror=format-security -Wdate-time -D_FORTIFY_SOURCE=2 -g  -c RJMCMCNucleosomes_init.c -o RJMCMCNucleosomes_init.o
g++ -std=gnu++14 -I"/usr/local/lib/R/include" -DNDEBUG `gsl-config --cflags` -I'/__w/gha-build/gha-build/built/Rcpp/include' -I/usr/local/include   -fpic  -g -O2 -fstack-protector-strong -Wformat -Werror=format-security -Wdate-time -D_FORTIFY_SOURCE=2 -g  -c RcppExports.cpp -o RcppExports.o
g++ -std=gnu++14 -I"/usr/local/lib/R/include" -DNDEBUG `gsl-config --cflags` -I'/__w/gha-build/gha-build/built/Rcpp/include' -I/usr/local/include   -fpic  -g -O2 -fstack-protector-strong -Wformat -Werror=format-security -Wdate-time -D_FORTIFY_SOURCE=2 -g  -c SegmentSeq.cpp -o SegmentSeq.o
g++ -std=gnu++14 -I"/usr/local/lib/R/include" -DNDEBUG `gsl-config --cflags` -I'/__w/gha-build/gha-build/built/Rcpp/include' -I/usr/local/include   -fpic  -g -O2 -fstack-protector-strong -Wformat -Werror=format-security -Wdate-time -D_FORTIFY_SOURCE=2 -g  -c rjmcmcNucleo.cpp -o rjmcmcNucleo.o
g++ -std=gnu++14 -shared -L/usr/local/lib/R/lib -L/usr/local/lib -o RJMCMCNucleosomes.so NucleoDirichlet.o NucleoDirichletPA.o Nucleosome.o RJMCMCNucleosomes_init.o RcppExports.o SegmentSeq.o rjmcmcNucleo.o -L/usr/lib/x86_64-linux-gnu -lgsl -lgslcblas -lm -L/usr/local/lib/R/lib -lR
installing to /__w/gha-build/gha-build/built/00LOCK-RJMCMCNucleosomes/00new/RJMCMCNucleosomes/libs
** R
** data
** inst
** byte-compile and prepare package for lazy loading
** help
*** installing help indices
** building package indices
** installing vignettes
** testing if installed package can be loaded from temporary location
** checking absolute paths in shared objects and dynamic libraries
** testing if installed package can be loaded from final location
** testing if installed package keeps a record of temporary installation path
* creating tarball
packaged installation of ‘RJMCMCNucleosomes’ as ‘RJMCMCNucleosomes_1.20.0_R_x86_64-pc-linux-gnu.tar.gz’
* DONE (RJMCMCNucleosomes)
