* installing *source* package ‘rTRM’ ...
** using staged installation
** R
** data
** inst
** byte-compile and prepare package for lazy loading
** help
Loading required package: igraph

Attaching package: ‘igraph’

The following objects are masked from ‘package:stats’:

    decompose, spectrum

The following object is masked from ‘package:base’:

    union

*** installing help indices
** building package indices
** installing vignettes
** testing if installed package can be loaded from temporary location
** testing if installed package can be loaded from final location
** testing if installed package keeps a record of temporary installation path
* creating tarball
packaged installation of ‘rTRM’ as ‘rTRM_1.34.0_R_x86_64-pc-linux-gnu.tar.gz’
* DONE (rTRM)
