* installing *source* package ‘sangeranalyseR’ ...
** using staged installation
** R
** data
** inst
** byte-compile and prepare package for lazy loading
The `name` provided ('home') is deprecated in Font Awesome 6:
* please consider using 'house' or 'fas fa-house' instead
* use the `verify_fa = FALSE` to deactivate these messages
The `name` provided ('home') is deprecated in Font Awesome 6:
* please consider using 'house' or 'fas fa-house' instead
* use the `verify_fa = FALSE` to deactivate these messages
Note: wrong number of arguments to '==' 
** help
*** installing help indices
** building package indices
** installing vignettes
** testing if installed package can be loaded from temporary location
** testing if installed package can be loaded from final location
** testing if installed package keeps a record of temporary installation path
* creating tarball
packaged installation of ‘sangeranalyseR’ as ‘sangeranalyseR_1.6.1_R_x86_64-pc-linux-gnu.tar.gz’
* DONE (sangeranalyseR)
