* installing *source* package ‘SeqArray’ ...
** using staged installation
** libs
g++ -std=gnu++14 -I"/usr/local/lib/R/include" -DNDEBUG -DUSING_R -I'/__w/gha-build/gha-build/built/gdsfmt/include' -I/usr/local/include   -fpic  -g -O2 -fstack-protector-strong -Wformat -Werror=format-security -Wdate-time -D_FORTIFY_SOURCE=2 -g  -c ConvGDS2VCF.cpp -o ConvGDS2VCF.o
g++ -std=gnu++14 -I"/usr/local/lib/R/include" -DNDEBUG -DUSING_R -I'/__w/gha-build/gha-build/built/gdsfmt/include' -I/usr/local/include   -fpic  -g -O2 -fstack-protector-strong -Wformat -Werror=format-security -Wdate-time -D_FORTIFY_SOURCE=2 -g  -c ConvToGDS.cpp -o ConvToGDS.o
g++ -std=gnu++14 -I"/usr/local/lib/R/include" -DNDEBUG -DUSING_R -I'/__w/gha-build/gha-build/built/gdsfmt/include' -I/usr/local/include   -fpic  -g -O2 -fstack-protector-strong -Wformat -Werror=format-security -Wdate-time -D_FORTIFY_SOURCE=2 -g  -c ConvVCF2GDS.cpp -o ConvVCF2GDS.o
g++ -std=gnu++14 -I"/usr/local/lib/R/include" -DNDEBUG -DUSING_R -I'/__w/gha-build/gha-build/built/gdsfmt/include' -I/usr/local/include   -fpic  -g -O2 -fstack-protector-strong -Wformat -Werror=format-security -Wdate-time -D_FORTIFY_SOURCE=2 -g  -c FileMerge.cpp -o FileMerge.o
g++ -std=gnu++14 -I"/usr/local/lib/R/include" -DNDEBUG -DUSING_R -I'/__w/gha-build/gha-build/built/gdsfmt/include' -I/usr/local/include   -fpic  -g -O2 -fstack-protector-strong -Wformat -Werror=format-security -Wdate-time -D_FORTIFY_SOURCE=2 -g  -c GetData.cpp -o GetData.o
g++ -std=gnu++14 -I"/usr/local/lib/R/include" -DNDEBUG -DUSING_R -I'/__w/gha-build/gha-build/built/gdsfmt/include' -I/usr/local/include   -fpic  -g -O2 -fstack-protector-strong -Wformat -Werror=format-security -Wdate-time -D_FORTIFY_SOURCE=2 -g  -c Index.cpp -o Index.o
g++ -std=gnu++14 -I"/usr/local/lib/R/include" -DNDEBUG -DUSING_R -I'/__w/gha-build/gha-build/built/gdsfmt/include' -I/usr/local/include   -fpic  -g -O2 -fstack-protector-strong -Wformat -Werror=format-security -Wdate-time -D_FORTIFY_SOURCE=2 -g  -c LinkSNPRelate.cpp -o LinkSNPRelate.o
g++ -std=gnu++14 -I"/usr/local/lib/R/include" -DNDEBUG -DUSING_R -I'/__w/gha-build/gha-build/built/gdsfmt/include' -I/usr/local/include   -fpic  -g -O2 -fstack-protector-strong -Wformat -Werror=format-security -Wdate-time -D_FORTIFY_SOURCE=2 -g  -c Methods.cpp -o Methods.o
gcc -I"/usr/local/lib/R/include" -DNDEBUG -DUSING_R -I'/__w/gha-build/gha-build/built/gdsfmt/include' -I/usr/local/include   -fpic  -g -O2 -fstack-protector-strong -Wformat -Werror=format-security -Wdate-time -D_FORTIFY_SOURCE=2 -g  -c R_SeqArray.c -o R_SeqArray.o
g++ -std=gnu++14 -I"/usr/local/lib/R/include" -DNDEBUG -DUSING_R -I'/__w/gha-build/gha-build/built/gdsfmt/include' -I/usr/local/include   -fpic  -g -O2 -fstack-protector-strong -Wformat -Werror=format-security -Wdate-time -D_FORTIFY_SOURCE=2 -g  -c ReadBySample.cpp -o ReadBySample.o
g++ -std=gnu++14 -I"/usr/local/lib/R/include" -DNDEBUG -DUSING_R -I'/__w/gha-build/gha-build/built/gdsfmt/include' -I/usr/local/include   -fpic  -g -O2 -fstack-protector-strong -Wformat -Werror=format-security -Wdate-time -D_FORTIFY_SOURCE=2 -g  -c ReadByUnit.cpp -o ReadByUnit.o
g++ -std=gnu++14 -I"/usr/local/lib/R/include" -DNDEBUG -DUSING_R -I'/__w/gha-build/gha-build/built/gdsfmt/include' -I/usr/local/include   -fpic  -g -O2 -fstack-protector-strong -Wformat -Werror=format-security -Wdate-time -D_FORTIFY_SOURCE=2 -g  -c ReadByVariant.cpp -o ReadByVariant.o
g++ -std=gnu++14 -I"/usr/local/lib/R/include" -DNDEBUG -DUSING_R -I'/__w/gha-build/gha-build/built/gdsfmt/include' -I/usr/local/include   -fpic  -g -O2 -fstack-protector-strong -Wformat -Werror=format-security -Wdate-time -D_FORTIFY_SOURCE=2 -g  -c SeqArray.cpp -o SeqArray.o
g++ -std=gnu++14 -I"/usr/local/lib/R/include" -DNDEBUG -DUSING_R -I'/__w/gha-build/gha-build/built/gdsfmt/include' -I/usr/local/include   -fpic  -g -O2 -fstack-protector-strong -Wformat -Werror=format-security -Wdate-time -D_FORTIFY_SOURCE=2 -g  -c pkg_test.cpp -o pkg_test.o
gcc -I"/usr/local/lib/R/include" -DNDEBUG -DUSING_R -I'/__w/gha-build/gha-build/built/gdsfmt/include' -I/usr/local/include   -fpic  -g -O2 -fstack-protector-strong -Wformat -Werror=format-security -Wdate-time -D_FORTIFY_SOURCE=2 -g  -c samtools_ext.c -o samtools_ext.o
gcc -I"/usr/local/lib/R/include" -DNDEBUG -DUSING_R -I'/__w/gha-build/gha-build/built/gdsfmt/include' -I/usr/local/include   -fpic  -g -O2 -fstack-protector-strong -Wformat -Werror=format-security -Wdate-time -D_FORTIFY_SOURCE=2 -g  -c vectorization.c -o vectorization.o
g++ -std=gnu++14 -shared -L/usr/local/lib/R/lib -L/usr/local/lib -o SeqArray.so ConvGDS2VCF.o ConvToGDS.o ConvVCF2GDS.o FileMerge.o GetData.o Index.o LinkSNPRelate.o Methods.o R_SeqArray.o ReadBySample.o ReadByUnit.o ReadByVariant.o SeqArray.o pkg_test.o samtools_ext.o vectorization.o -L/usr/local/lib/R/lib -lR
installing to /__w/gha-build/gha-build/built/00LOCK-SeqArray/00new/SeqArray/libs
** R
** data
** inst
** byte-compile and prepare package for lazy loading
** help
*** installing help indices
** building package indices
** installing vignettes
** testing if installed package can be loaded from temporary location
** checking absolute paths in shared objects and dynamic libraries
** testing if installed package can be loaded from final location
** testing if installed package keeps a record of temporary installation path
* creating tarball
packaged installation of ‘SeqArray’ as ‘SeqArray_1.36.3_R_x86_64-pc-linux-gnu.tar.gz’
* DONE (SeqArray)
