* installing *source* package ‘SNPRelate’ ...
** using staged installation
** libs
g++ -std=gnu++14 -I"/usr/local/lib/R/include" -DNDEBUG -DUSING_R -DUSE_FC_LEN_T -I. -I'/__w/gha-build/gha-build/built/gdsfmt/include' -I/usr/local/include   -fpic  -g -O2 -fstack-protector-strong -Wformat -Werror=format-security -Wdate-time -D_FORTIFY_SOURCE=2 -g  -c ConvToGDS.cpp -o ConvToGDS.o
gcc -I"/usr/local/lib/R/include" -DNDEBUG -DUSING_R -DUSE_FC_LEN_T -I. -I'/__w/gha-build/gha-build/built/gdsfmt/include' -I/usr/local/include   -fpic  -g -O2 -fstack-protector-strong -Wformat -Werror=format-security -Wdate-time -D_FORTIFY_SOURCE=2 -g  -c R_SNPRelate.c -o R_SNPRelate.o
g++ -std=gnu++14 -I"/usr/local/lib/R/include" -DNDEBUG -DUSING_R -DUSE_FC_LEN_T -I. -I'/__w/gha-build/gha-build/built/gdsfmt/include' -I/usr/local/include   -fpic  -g -O2 -fstack-protector-strong -Wformat -Werror=format-security -Wdate-time -D_FORTIFY_SOURCE=2 -g  -c SNPRelate.cpp -o SNPRelate.o
g++ -std=gnu++14 -I"/usr/local/lib/R/include" -DNDEBUG -DUSING_R -DUSE_FC_LEN_T -I. -I'/__w/gha-build/gha-build/built/gdsfmt/include' -I/usr/local/include   -fpic  -g -O2 -fstack-protector-strong -Wformat -Werror=format-security -Wdate-time -D_FORTIFY_SOURCE=2 -g  -c ThreadPool.cpp -o ThreadPool.o
g++ -std=gnu++14 -I"/usr/local/lib/R/include" -DNDEBUG -DUSING_R -DUSE_FC_LEN_T -I. -I'/__w/gha-build/gha-build/built/gdsfmt/include' -I/usr/local/include   -fpic  -g -O2 -fstack-protector-strong -Wformat -Werror=format-security -Wdate-time -D_FORTIFY_SOURCE=2 -g  -c dGenGWAS.cpp -o dGenGWAS.o
g++ -std=gnu++14 -I"/usr/local/lib/R/include" -DNDEBUG -DUSING_R -DUSE_FC_LEN_T -I. -I'/__w/gha-build/gha-build/built/gdsfmt/include' -I/usr/local/include   -fpic  -g -O2 -fstack-protector-strong -Wformat -Werror=format-security -Wdate-time -D_FORTIFY_SOURCE=2 -g  -c dVect.cpp -o dVect.o
g++ -std=gnu++14 -I"/usr/local/lib/R/include" -DNDEBUG -DUSING_R -DUSE_FC_LEN_T -I. -I'/__w/gha-build/gha-build/built/gdsfmt/include' -I/usr/local/include   -fpic  -g -O2 -fstack-protector-strong -Wformat -Werror=format-security -Wdate-time -D_FORTIFY_SOURCE=2 -g  -c genBeta.cpp -o genBeta.o
g++ -std=gnu++14 -I"/usr/local/lib/R/include" -DNDEBUG -DUSING_R -DUSE_FC_LEN_T -I. -I'/__w/gha-build/gha-build/built/gdsfmt/include' -I/usr/local/include   -fpic  -g -O2 -fstack-protector-strong -Wformat -Werror=format-security -Wdate-time -D_FORTIFY_SOURCE=2 -g  -c genEIGMIX.cpp -o genEIGMIX.o
g++ -std=gnu++14 -I"/usr/local/lib/R/include" -DNDEBUG -DUSING_R -DUSE_FC_LEN_T -I. -I'/__w/gha-build/gha-build/built/gdsfmt/include' -I/usr/local/include   -fpic  -g -O2 -fstack-protector-strong -Wformat -Werror=format-security -Wdate-time -D_FORTIFY_SOURCE=2 -g  -c genFst.cpp -o genFst.o
g++ -std=gnu++14 -I"/usr/local/lib/R/include" -DNDEBUG -DUSING_R -DUSE_FC_LEN_T -I. -I'/__w/gha-build/gha-build/built/gdsfmt/include' -I/usr/local/include   -fpic  -g -O2 -fstack-protector-strong -Wformat -Werror=format-security -Wdate-time -D_FORTIFY_SOURCE=2 -g  -c genHWE.cpp -o genHWE.o
g++ -std=gnu++14 -I"/usr/local/lib/R/include" -DNDEBUG -DUSING_R -DUSE_FC_LEN_T -I. -I'/__w/gha-build/gha-build/built/gdsfmt/include' -I/usr/local/include   -fpic  -g -O2 -fstack-protector-strong -Wformat -Werror=format-security -Wdate-time -D_FORTIFY_SOURCE=2 -g  -c genIBD.cpp -o genIBD.o
g++ -std=gnu++14 -I"/usr/local/lib/R/include" -DNDEBUG -DUSING_R -DUSE_FC_LEN_T -I. -I'/__w/gha-build/gha-build/built/gdsfmt/include' -I/usr/local/include   -fpic  -g -O2 -fstack-protector-strong -Wformat -Werror=format-security -Wdate-time -D_FORTIFY_SOURCE=2 -g  -c genIBS.cpp -o genIBS.o
g++ -std=gnu++14 -I"/usr/local/lib/R/include" -DNDEBUG -DUSING_R -DUSE_FC_LEN_T -I. -I'/__w/gha-build/gha-build/built/gdsfmt/include' -I/usr/local/include   -fpic  -g -O2 -fstack-protector-strong -Wformat -Werror=format-security -Wdate-time -D_FORTIFY_SOURCE=2 -g  -c genKING.cpp -o genKING.o
g++ -std=gnu++14 -I"/usr/local/lib/R/include" -DNDEBUG -DUSING_R -DUSE_FC_LEN_T -I. -I'/__w/gha-build/gha-build/built/gdsfmt/include' -I/usr/local/include   -fpic  -g -O2 -fstack-protector-strong -Wformat -Werror=format-security -Wdate-time -D_FORTIFY_SOURCE=2 -g  -c genLD.cpp -o genLD.o
g++ -std=gnu++14 -I"/usr/local/lib/R/include" -DNDEBUG -DUSING_R -DUSE_FC_LEN_T -I. -I'/__w/gha-build/gha-build/built/gdsfmt/include' -I/usr/local/include   -fpic  -g -O2 -fstack-protector-strong -Wformat -Werror=format-security -Wdate-time -D_FORTIFY_SOURCE=2 -g  -c genPCA.cpp -o genPCA.o
g++ -std=gnu++14 -I"/usr/local/lib/R/include" -DNDEBUG -DUSING_R -DUSE_FC_LEN_T -I. -I'/__w/gha-build/gha-build/built/gdsfmt/include' -I/usr/local/include   -fpic  -g -O2 -fstack-protector-strong -Wformat -Werror=format-security -Wdate-time -D_FORTIFY_SOURCE=2 -g  -c genSlideWin.cpp -o genSlideWin.o
g++ -std=gnu++14 -shared -L/usr/local/lib/R/lib -L/usr/local/lib -o SNPRelate.so ConvToGDS.o R_SNPRelate.o SNPRelate.o ThreadPool.o dGenGWAS.o dVect.o genBeta.o genEIGMIX.o genFst.o genHWE.o genIBD.o genIBS.o genKING.o genLD.o genPCA.o genSlideWin.o -lpthread -llapack -lblas -lgfortran -lm -lquadmath -L/usr/local/lib/R/lib -lR
installing to /__w/gha-build/gha-build/built/00LOCK-SNPRelate/00new/SNPRelate/libs
** R
** data
** inst
** byte-compile and prepare package for lazy loading
** help
*** installing help indices
** building package indices
** installing vignettes
** testing if installed package can be loaded from temporary location
** checking absolute paths in shared objects and dynamic libraries
** testing if installed package can be loaded from final location
** testing if installed package keeps a record of temporary installation path
* creating tarball
packaged installation of ‘SNPRelate’ as ‘SNPRelate_1.30.1_R_x86_64-pc-linux-gnu.tar.gz’
* DONE (SNPRelate)
