* installing *source* package ‘SplicingGraphs’ ...
** using staged installation
** R
** inst
** byte-compile and prepare package for lazy loading
Warning: replacing previous import ‘IRanges::from’ by ‘Rgraphviz::from’ when loading ‘SplicingGraphs’
Warning: replacing previous import ‘IRanges::to’ by ‘Rgraphviz::to’ when loading ‘SplicingGraphs’
** help
*** installing help indices
** building package indices
** installing vignettes
** testing if installed package can be loaded from temporary location
Warning: replacing previous import ‘IRanges::from’ by ‘Rgraphviz::from’ when loading ‘SplicingGraphs’
Warning: replacing previous import ‘IRanges::to’ by ‘Rgraphviz::to’ when loading ‘SplicingGraphs’
** testing if installed package can be loaded from final location
Warning: replacing previous import ‘IRanges::from’ by ‘Rgraphviz::from’ when loading ‘SplicingGraphs’
Warning: replacing previous import ‘IRanges::to’ by ‘Rgraphviz::to’ when loading ‘SplicingGraphs’
** testing if installed package keeps a record of temporary installation path
* creating tarball
packaged installation of ‘SplicingGraphs’ as ‘SplicingGraphs_1.36.0_R_x86_64-pc-linux-gnu.tar.gz’
* DONE (SplicingGraphs)
