* installing *source* package ‘spp’ ...
** package ‘spp’ successfully unpacked and MD5 sums checked
** using staged installation
checking for gcc... gcc
checking whether the C compiler works... yes
checking for C compiler default output file name... a.out
checking for suffix of executables... 
checking whether we are cross compiling... no
checking for suffix of object files... o
checking whether we are using the GNU C compiler... yes
checking whether gcc accepts -g... yes
checking for gcc option to accept ISO C89... none needed
checking for BZ2_bzDecompressInit in -lbz2... yes
configure: creating ./config.status
config.status: creating src/Makevars
** libs
g++ -std=gnu++11 -I"/usr/local/lib/R/include" -DNDEBUG  -I'/usr/local/lib/R/site-library/Rcpp/include' -I'/__w/gha-build/gha-build/built/BH/include' -I/usr/local/include  -I./ -D_FASTMAP -DMAQ_LONGREADS  -fpic  -g -O2 -fstack-protector-strong -Wformat -Werror=format-security -Wdate-time -D_FORTIFY_SOURCE=2 -g  -c bed2vector.cpp -o bed2vector.o
gcc -I"/usr/local/lib/R/include" -DNDEBUG  -I'/usr/local/lib/R/site-library/Rcpp/include' -I'/__w/gha-build/gha-build/built/BH/include' -I/usr/local/include  -I./ -D_FASTMAP -DMAQ_LONGREADS   -fpic  -g -O2 -fstack-protector-strong -Wformat -Werror=format-security -Wdate-time -D_FORTIFY_SOURCE=2 -g  -c cdensum.c -o cdensum.o
gcc -I"/usr/local/lib/R/include" -DNDEBUG  -I'/usr/local/lib/R/site-library/Rcpp/include' -I'/__w/gha-build/gha-build/built/BH/include' -I/usr/local/include  -I./ -D_FASTMAP -DMAQ_LONGREADS   -fpic  -g -O2 -fstack-protector-strong -Wformat -Werror=format-security -Wdate-time -D_FORTIFY_SOURCE=2 -g  -c maqmap.c -o maqmap.o
g++ -std=gnu++11 -I"/usr/local/lib/R/include" -DNDEBUG  -I'/usr/local/lib/R/site-library/Rcpp/include' -I'/__w/gha-build/gha-build/built/BH/include' -I/usr/local/include  -I./ -D_FASTMAP -DMAQ_LONGREADS  -fpic  -g -O2 -fstack-protector-strong -Wformat -Werror=format-security -Wdate-time -D_FORTIFY_SOURCE=2 -g  -c maqread.cpp -o maqread.o
g++ -std=gnu++11 -I"/usr/local/lib/R/include" -DNDEBUG  -I'/usr/local/lib/R/site-library/Rcpp/include' -I'/__w/gha-build/gha-build/built/BH/include' -I/usr/local/include  -I./ -D_FASTMAP -DMAQ_LONGREADS  -fpic  -g -O2 -fstack-protector-strong -Wformat -Werror=format-security -Wdate-time -D_FORTIFY_SOURCE=2 -g  -c peaks.cpp -o peaks.o
gcc -I"/usr/local/lib/R/include" -DNDEBUG  -I'/usr/local/lib/R/site-library/Rcpp/include' -I'/__w/gha-build/gha-build/built/BH/include' -I/usr/local/include  -I./ -D_FASTMAP -DMAQ_LONGREADS   -fpic  -g -O2 -fstack-protector-strong -Wformat -Werror=format-security -Wdate-time -D_FORTIFY_SOURCE=2 -g  -c spp_init.c -o spp_init.o
g++ -std=gnu++11 -I"/usr/local/lib/R/include" -DNDEBUG  -I'/usr/local/lib/R/site-library/Rcpp/include' -I'/__w/gha-build/gha-build/built/BH/include' -I/usr/local/include  -I./ -D_FASTMAP -DMAQ_LONGREADS  -fpic  -g -O2 -fstack-protector-strong -Wformat -Werror=format-security -Wdate-time -D_FORTIFY_SOURCE=2 -g  -c wdl.cpp -o wdl.o
g++ -std=gnu++11 -shared -L/usr/local/lib/R/lib -L/usr/local/lib -o spp.so bed2vector.o cdensum.o maqmap.o maqread.o peaks.o spp_init.o wdl.o -lbz2 -lz -L/usr/local/lib/R/lib -lR
installing to /__w/gha-build/gha-build/built/00LOCK-spp/00new/spp/libs
** R
** byte-compile and prepare package for lazy loading
** help
*** installing help indices
** building package indices
** testing if installed package can be loaded from temporary location
** checking absolute paths in shared objects and dynamic libraries
** testing if installed package can be loaded from final location
** testing if installed package keeps a record of temporary installation path
* creating tarball
packaged installation of ‘spp’ as ‘spp_1.16.0_R_x86_64-pc-linux-gnu.tar.gz’
* DONE (spp)
