* installing *source* package ‘tkrplot’ ...
** package ‘tkrplot’ successfully unpacked and MD5 sums checked
** using staged installation
configure: creating ./config.status
config.status: creating src/Makevars
** libs
gcc -I"/usr/local/lib/R/include" -DNDEBUG -I/usr/include/tcl8.6 -I/usr/include/tcl8.6  -I/usr/local/include   -fpic  -g -O2 -fstack-protector-strong -Wformat -Werror=format-security -Wdate-time -D_FORTIFY_SOURCE=2 -g  -c tcltkimg.c -o tcltkimg.o
gcc -shared -L/usr/local/lib/R/lib -L/usr/local/lib -o tkrplot.so tcltkimg.o -L/usr/lib/x86_64-linux-gnu -ltcl8.6 -L/usr/lib/x86_64-linux-gnu -ltk8.6 -lX11 -lXss -lXext -L/usr/local/lib/R/lib -lR
installing to /__w/gha-build/gha-build/built/00LOCK-tkrplot/00new/tkrplot/libs
** R
** byte-compile and prepare package for lazy loading
Warning message:
no DISPLAY variable so Tk is not available 
** help
*** installing help indices
** building package indices
** testing if installed package can be loaded from temporary location
Warning: no DISPLAY variable so Tk is not available
Warning: loading Rplot failed
** checking absolute paths in shared objects and dynamic libraries
** testing if installed package can be loaded from final location
Warning: no DISPLAY variable so Tk is not available
Warning: loading Rplot failed
** testing if installed package keeps a record of temporary installation path
* creating tarball
packaged installation of ‘tkrplot’ as ‘tkrplot_0.0-26_R_x86_64-pc-linux-gnu.tar.gz’
* DONE (tkrplot)
