* installing *source* package ‘triplex’ ...
** using staged installation
** libs
gcc -I"/usr/local/lib/R/include" -DNDEBUG  -I'/__w/gha-build/gha-build/built/S4Vectors/include' -I'/__w/gha-build/gha-build/built/IRanges/include' -I'/__w/gha-build/gha-build/built/XVector/include' -I'/__w/gha-build/gha-build/built/Biostrings/include' -I/usr/local/include   -fpic  -g -O2 -fstack-protector-strong -Wformat -Werror=format-security -Wdate-time -D_FORTIFY_SOURCE=2 -g  -c Biostrings_stubs.c -o Biostrings_stubs.o
gcc -I"/usr/local/lib/R/include" -DNDEBUG  -I'/__w/gha-build/gha-build/built/S4Vectors/include' -I'/__w/gha-build/gha-build/built/IRanges/include' -I'/__w/gha-build/gha-build/built/XVector/include' -I'/__w/gha-build/gha-build/built/Biostrings/include' -I/usr/local/include   -fpic  -g -O2 -fstack-protector-strong -Wformat -Werror=format-security -Wdate-time -D_FORTIFY_SOURCE=2 -g  -c IRanges_stubs.c -o IRanges_stubs.o
gcc -I"/usr/local/lib/R/include" -DNDEBUG  -I'/__w/gha-build/gha-build/built/S4Vectors/include' -I'/__w/gha-build/gha-build/built/IRanges/include' -I'/__w/gha-build/gha-build/built/XVector/include' -I'/__w/gha-build/gha-build/built/Biostrings/include' -I/usr/local/include   -fpic  -g -O2 -fstack-protector-strong -Wformat -Werror=format-security -Wdate-time -D_FORTIFY_SOURCE=2 -g  -c R_init_triplex.c -o R_init_triplex.o
gcc -I"/usr/local/lib/R/include" -DNDEBUG  -I'/__w/gha-build/gha-build/built/S4Vectors/include' -I'/__w/gha-build/gha-build/built/IRanges/include' -I'/__w/gha-build/gha-build/built/XVector/include' -I'/__w/gha-build/gha-build/built/Biostrings/include' -I/usr/local/include   -fpic  -g -O2 -fstack-protector-strong -Wformat -Werror=format-security -Wdate-time -D_FORTIFY_SOURCE=2 -g  -c XVector_stubs.c -o XVector_stubs.o
gcc -I"/usr/local/lib/R/include" -DNDEBUG  -I'/__w/gha-build/gha-build/built/S4Vectors/include' -I'/__w/gha-build/gha-build/built/IRanges/include' -I'/__w/gha-build/gha-build/built/XVector/include' -I'/__w/gha-build/gha-build/built/Biostrings/include' -I/usr/local/include   -fpic  -g -O2 -fstack-protector-strong -Wformat -Werror=format-security -Wdate-time -D_FORTIFY_SOURCE=2 -g  -c align.c -o align.o
gcc -I"/usr/local/lib/R/include" -DNDEBUG  -I'/__w/gha-build/gha-build/built/S4Vectors/include' -I'/__w/gha-build/gha-build/built/IRanges/include' -I'/__w/gha-build/gha-build/built/XVector/include' -I'/__w/gha-build/gha-build/built/Biostrings/include' -I/usr/local/include   -fpic  -g -O2 -fstack-protector-strong -Wformat -Werror=format-security -Wdate-time -D_FORTIFY_SOURCE=2 -g  -c align_interface.c -o align_interface.o
gcc -I"/usr/local/lib/R/include" -DNDEBUG  -I'/__w/gha-build/gha-build/built/S4Vectors/include' -I'/__w/gha-build/gha-build/built/IRanges/include' -I'/__w/gha-build/gha-build/built/XVector/include' -I'/__w/gha-build/gha-build/built/Biostrings/include' -I/usr/local/include   -fpic  -g -O2 -fstack-protector-strong -Wformat -Werror=format-security -Wdate-time -D_FORTIFY_SOURCE=2 -g  -c dl_list.c -o dl_list.o
gcc -I"/usr/local/lib/R/include" -DNDEBUG  -I'/__w/gha-build/gha-build/built/S4Vectors/include' -I'/__w/gha-build/gha-build/built/IRanges/include' -I'/__w/gha-build/gha-build/built/XVector/include' -I'/__w/gha-build/gha-build/built/Biostrings/include' -I/usr/local/include   -fpic  -g -O2 -fstack-protector-strong -Wformat -Werror=format-security -Wdate-time -D_FORTIFY_SOURCE=2 -g  -c interval.c -o interval.o
gcc -I"/usr/local/lib/R/include" -DNDEBUG  -I'/__w/gha-build/gha-build/built/S4Vectors/include' -I'/__w/gha-build/gha-build/built/IRanges/include' -I'/__w/gha-build/gha-build/built/XVector/include' -I'/__w/gha-build/gha-build/built/Biostrings/include' -I/usr/local/include   -fpic  -g -O2 -fstack-protector-strong -Wformat -Werror=format-security -Wdate-time -D_FORTIFY_SOURCE=2 -g  -c libtriplex.c -o libtriplex.o
gcc -I"/usr/local/lib/R/include" -DNDEBUG  -I'/__w/gha-build/gha-build/built/S4Vectors/include' -I'/__w/gha-build/gha-build/built/IRanges/include' -I'/__w/gha-build/gha-build/built/XVector/include' -I'/__w/gha-build/gha-build/built/Biostrings/include' -I/usr/local/include   -fpic  -g -O2 -fstack-protector-strong -Wformat -Werror=format-security -Wdate-time -D_FORTIFY_SOURCE=2 -g  -c progress.c -o progress.o
gcc -I"/usr/local/lib/R/include" -DNDEBUG  -I'/__w/gha-build/gha-build/built/S4Vectors/include' -I'/__w/gha-build/gha-build/built/IRanges/include' -I'/__w/gha-build/gha-build/built/XVector/include' -I'/__w/gha-build/gha-build/built/Biostrings/include' -I/usr/local/include   -fpic  -g -O2 -fstack-protector-strong -Wformat -Werror=format-security -Wdate-time -D_FORTIFY_SOURCE=2 -g  -c search.c -o search.o
gcc -I"/usr/local/lib/R/include" -DNDEBUG  -I'/__w/gha-build/gha-build/built/S4Vectors/include' -I'/__w/gha-build/gha-build/built/IRanges/include' -I'/__w/gha-build/gha-build/built/XVector/include' -I'/__w/gha-build/gha-build/built/Biostrings/include' -I/usr/local/include   -fpic  -g -O2 -fstack-protector-strong -Wformat -Werror=format-security -Wdate-time -D_FORTIFY_SOURCE=2 -g  -c search_interface.c -o search_interface.o
gcc -shared -L/usr/local/lib/R/lib -L/usr/local/lib -o triplex.so Biostrings_stubs.o IRanges_stubs.o R_init_triplex.o XVector_stubs.o align.o align_interface.o dl_list.o interval.o libtriplex.o progress.o search.o search_interface.o -L/usr/local/lib/R/lib -lR
installing to /__w/gha-build/gha-build/built/00LOCK-triplex/00new/triplex/libs
** R
** inst
** byte-compile and prepare package for lazy loading
Warning: replacing previous import ‘grid::pattern’ by ‘Biostrings::pattern’ when loading ‘triplex’
** help
*** installing help indices
*** copying figures
** building package indices
** installing vignettes
** testing if installed package can be loaded from temporary location
Warning: replacing previous import ‘grid::pattern’ by ‘Biostrings::pattern’ when loading ‘triplex’
** checking absolute paths in shared objects and dynamic libraries
** testing if installed package can be loaded from final location
Warning: replacing previous import ‘grid::pattern’ by ‘Biostrings::pattern’ when loading ‘triplex’
** testing if installed package keeps a record of temporary installation path
* creating tarball
packaged installation of ‘triplex’ as ‘triplex_1.36.0_R_x86_64-pc-linux-gnu.tar.gz’
* DONE (triplex)
