* installing *source* package ‘universalmotif’ ...
** using staged installation
** libs
g++ -std=gnu++11 -I"/usr/local/lib/R/include" -DNDEBUG  -I'/usr/local/lib/R/site-library/Rcpp/include' -I'/__w/gha-build/gha-build/built/RcppThread/include' -I/usr/local/include   -fpic  -g -O2 -fstack-protector-strong -Wformat -Werror=format-security -Wdate-time -D_FORTIFY_SOURCE=2 -g  -c RcppExports.cpp -o RcppExports.o
g++ -std=gnu++11 -I"/usr/local/lib/R/include" -DNDEBUG  -I'/usr/local/lib/R/site-library/Rcpp/include' -I'/__w/gha-build/gha-build/built/RcppThread/include' -I/usr/local/include   -fpic  -g -O2 -fstack-protector-strong -Wformat -Werror=format-security -Wdate-time -D_FORTIFY_SOURCE=2 -g  -c add_multifreq.cpp -o add_multifreq.o
g++ -std=gnu++11 -I"/usr/local/lib/R/include" -DNDEBUG  -I'/usr/local/lib/R/site-library/Rcpp/include' -I'/__w/gha-build/gha-build/built/RcppThread/include' -I/usr/local/include   -fpic  -g -O2 -fstack-protector-strong -Wformat -Werror=format-security -Wdate-time -D_FORTIFY_SOURCE=2 -g  -c calc_complexity.cpp -o calc_complexity.o
g++ -std=gnu++11 -I"/usr/local/lib/R/include" -DNDEBUG  -I'/usr/local/lib/R/site-library/Rcpp/include' -I'/__w/gha-build/gha-build/built/RcppThread/include' -I/usr/local/include   -fpic  -g -O2 -fstack-protector-strong -Wformat -Werror=format-security -Wdate-time -D_FORTIFY_SOURCE=2 -g  -c compare_motifs.cpp -o compare_motifs.o
g++ -std=gnu++11 -I"/usr/local/lib/R/include" -DNDEBUG  -I'/usr/local/lib/R/site-library/Rcpp/include' -I'/__w/gha-build/gha-build/built/RcppThread/include' -I/usr/local/include   -fpic  -g -O2 -fstack-protector-strong -Wformat -Werror=format-security -Wdate-time -D_FORTIFY_SOURCE=2 -g  -c get_bkg.cpp -o get_bkg.o
g++ -std=gnu++11 -I"/usr/local/lib/R/include" -DNDEBUG  -I'/usr/local/lib/R/site-library/Rcpp/include' -I'/__w/gha-build/gha-build/built/RcppThread/include' -I/usr/local/include   -fpic  -g -O2 -fstack-protector-strong -Wformat -Werror=format-security -Wdate-time -D_FORTIFY_SOURCE=2 -g  -c motif_finder.cpp -o motif_finder.o
g++ -std=gnu++11 -I"/usr/local/lib/R/include" -DNDEBUG  -I'/usr/local/lib/R/site-library/Rcpp/include' -I'/__w/gha-build/gha-build/built/RcppThread/include' -I/usr/local/include   -fpic  -g -O2 -fstack-protector-strong -Wformat -Werror=format-security -Wdate-time -D_FORTIFY_SOURCE=2 -g  -c motif_peaks.cpp -o motif_peaks.o
g++ -std=gnu++11 -I"/usr/local/lib/R/include" -DNDEBUG  -I'/usr/local/lib/R/site-library/Rcpp/include' -I'/__w/gha-build/gha-build/built/RcppThread/include' -I/usr/local/include   -fpic  -g -O2 -fstack-protector-strong -Wformat -Werror=format-security -Wdate-time -D_FORTIFY_SOURCE=2 -g  -c motif_pvalue.cpp -o motif_pvalue.o
g++ -std=gnu++11 -I"/usr/local/lib/R/include" -DNDEBUG  -I'/usr/local/lib/R/site-library/Rcpp/include' -I'/__w/gha-build/gha-build/built/RcppThread/include' -I/usr/local/include   -fpic  -g -O2 -fstack-protector-strong -Wformat -Werror=format-security -Wdate-time -D_FORTIFY_SOURCE=2 -g  -c scan_sequences.cpp -o scan_sequences.o
g++ -std=gnu++11 -I"/usr/local/lib/R/include" -DNDEBUG  -I'/usr/local/lib/R/site-library/Rcpp/include' -I'/__w/gha-build/gha-build/built/RcppThread/include' -I/usr/local/include   -fpic  -g -O2 -fstack-protector-strong -Wformat -Werror=format-security -Wdate-time -D_FORTIFY_SOURCE=2 -g  -c shuffle_sequences.cpp -o shuffle_sequences.o
g++ -std=gnu++11 -I"/usr/local/lib/R/include" -DNDEBUG  -I'/usr/local/lib/R/site-library/Rcpp/include' -I'/__w/gha-build/gha-build/built/RcppThread/include' -I/usr/local/include   -fpic  -g -O2 -fstack-protector-strong -Wformat -Werror=format-security -Wdate-time -D_FORTIFY_SOURCE=2 -g  -c trim_motifs.cpp -o trim_motifs.o
g++ -std=gnu++11 -I"/usr/local/lib/R/include" -DNDEBUG  -I'/usr/local/lib/R/site-library/Rcpp/include' -I'/__w/gha-build/gha-build/built/RcppThread/include' -I/usr/local/include   -fpic  -g -O2 -fstack-protector-strong -Wformat -Werror=format-security -Wdate-time -D_FORTIFY_SOURCE=2 -g  -c universalmotif-class.cpp -o universalmotif-class.o
g++ -std=gnu++11 -I"/usr/local/lib/R/include" -DNDEBUG  -I'/usr/local/lib/R/site-library/Rcpp/include' -I'/__w/gha-build/gha-build/built/RcppThread/include' -I/usr/local/include   -fpic  -g -O2 -fstack-protector-strong -Wformat -Werror=format-security -Wdate-time -D_FORTIFY_SOURCE=2 -g  -c utils-exported.cpp -o utils-exported.o
g++ -std=gnu++11 -I"/usr/local/lib/R/include" -DNDEBUG  -I'/usr/local/lib/R/site-library/Rcpp/include' -I'/__w/gha-build/gha-build/built/RcppThread/include' -I/usr/local/include   -fpic  -g -O2 -fstack-protector-strong -Wformat -Werror=format-security -Wdate-time -D_FORTIFY_SOURCE=2 -g  -c utils-internal.cpp -o utils-internal.o
g++ -std=gnu++11 -shared -L/usr/local/lib/R/lib -L/usr/local/lib -o universalmotif.so RcppExports.o add_multifreq.o calc_complexity.o compare_motifs.o get_bkg.o motif_finder.o motif_peaks.o motif_pvalue.o scan_sequences.o shuffle_sequences.o trim_motifs.o universalmotif-class.o utils-exported.o utils-internal.o -L/usr/local/lib/R/lib -lR
if test -e "/usr/bin/strip" & test -e "/bin/uname" & [[ `uname` == "Linux" ]] ; then /usr/bin/strip --strip-debug universalmotif.so; fi
installing to /__w/gha-build/gha-build/built/00LOCK-universalmotif/00new/universalmotif/libs
** R
** data
** inst
** byte-compile and prepare package for lazy loading
in method for ‘convert_motifs’ with signature ‘motifs="MotifList"’: no definition for class “MotifList”
in method for ‘convert_motifs’ with signature ‘motifs="TFFMFirst"’: no definition for class “TFFMFirst”
in method for ‘convert_motifs’ with signature ‘motifs="PFMatrix"’: no definition for class “PFMatrix”
in method for ‘convert_motifs’ with signature ‘motifs="PWMatrix"’: no definition for class “PWMatrix”
in method for ‘convert_motifs’ with signature ‘motifs="ICMatrix"’: no definition for class “ICMatrix”
in method for ‘convert_motifs’ with signature ‘motifs="XMatrixList"’: no definition for class “XMatrixList”
in method for ‘convert_motifs’ with signature ‘motifs="pwm"’: no definition for class “pwm”
in method for ‘convert_motifs’ with signature ‘motifs="pcm"’: no definition for class “pcm”
in method for ‘convert_motifs’ with signature ‘motifs="pfm"’: no definition for class “pfm”
in method for ‘convert_motifs’ with signature ‘motifs="PWM"’: no definition for class “PWM”
in method for ‘convert_motifs’ with signature ‘motifs="Motif"’: no definition for class “Motif”
** help
*** installing help indices
** building package indices
** installing vignettes
** testing if installed package can be loaded from temporary location
** checking absolute paths in shared objects and dynamic libraries
** testing if installed package can be loaded from final location
** testing if installed package keeps a record of temporary installation path
* creating tarball
packaged installation of ‘universalmotif’ as ‘universalmotif_1.14.1_R_x86_64-pc-linux-gnu.tar.gz’
* DONE (universalmotif)
