* installing *source* package ‘VariantAnnotation’ ...
** using staged installation
** libs
gcc -I"/usr/local/lib/R/include" -DNDEBUG -D_FILE_OFFSET_BITS=64 -I'/__w/gha-build/gha-build/built/S4Vectors/include' -I'/__w/gha-build/gha-build/built/IRanges/include' -I'/__w/gha-build/gha-build/built/XVector/include' -I'/__w/gha-build/gha-build/built/Biostrings/include' -I'/__w/gha-build/gha-build/built/Rhtslib/include' -I/usr/local/include   -fpic  -g -O2 -fstack-protector-strong -Wformat -Werror=format-security -Wdate-time -D_FORTIFY_SOURCE=2 -g  -c Biostrings_stubs.c -o Biostrings_stubs.o
gcc -I"/usr/local/lib/R/include" -DNDEBUG -D_FILE_OFFSET_BITS=64 -I'/__w/gha-build/gha-build/built/S4Vectors/include' -I'/__w/gha-build/gha-build/built/IRanges/include' -I'/__w/gha-build/gha-build/built/XVector/include' -I'/__w/gha-build/gha-build/built/Biostrings/include' -I'/__w/gha-build/gha-build/built/Rhtslib/include' -I/usr/local/include   -fpic  -g -O2 -fstack-protector-strong -Wformat -Werror=format-security -Wdate-time -D_FORTIFY_SOURCE=2 -g  -c IRanges_stubs.c -o IRanges_stubs.o
gcc -I"/usr/local/lib/R/include" -DNDEBUG -D_FILE_OFFSET_BITS=64 -I'/__w/gha-build/gha-build/built/S4Vectors/include' -I'/__w/gha-build/gha-build/built/IRanges/include' -I'/__w/gha-build/gha-build/built/XVector/include' -I'/__w/gha-build/gha-build/built/Biostrings/include' -I'/__w/gha-build/gha-build/built/Rhtslib/include' -I/usr/local/include   -fpic  -g -O2 -fstack-protector-strong -Wformat -Werror=format-security -Wdate-time -D_FORTIFY_SOURCE=2 -g  -c R_init_VariantAnnotation.c -o R_init_VariantAnnotation.o
gcc -I"/usr/local/lib/R/include" -DNDEBUG -D_FILE_OFFSET_BITS=64 -I'/__w/gha-build/gha-build/built/S4Vectors/include' -I'/__w/gha-build/gha-build/built/IRanges/include' -I'/__w/gha-build/gha-build/built/XVector/include' -I'/__w/gha-build/gha-build/built/Biostrings/include' -I'/__w/gha-build/gha-build/built/Rhtslib/include' -I/usr/local/include   -fpic  -g -O2 -fstack-protector-strong -Wformat -Werror=format-security -Wdate-time -D_FORTIFY_SOURCE=2 -g  -c XVector_stubs.c -o XVector_stubs.o
gcc -I"/usr/local/lib/R/include" -DNDEBUG -D_FILE_OFFSET_BITS=64 -I'/__w/gha-build/gha-build/built/S4Vectors/include' -I'/__w/gha-build/gha-build/built/IRanges/include' -I'/__w/gha-build/gha-build/built/XVector/include' -I'/__w/gha-build/gha-build/built/Biostrings/include' -I'/__w/gha-build/gha-build/built/Rhtslib/include' -I/usr/local/include   -fpic  -g -O2 -fstack-protector-strong -Wformat -Werror=format-security -Wdate-time -D_FORTIFY_SOURCE=2 -g  -c dna_hash.c -o dna_hash.o
gcc -I"/usr/local/lib/R/include" -DNDEBUG -D_FILE_OFFSET_BITS=64 -I'/__w/gha-build/gha-build/built/S4Vectors/include' -I'/__w/gha-build/gha-build/built/IRanges/include' -I'/__w/gha-build/gha-build/built/XVector/include' -I'/__w/gha-build/gha-build/built/Biostrings/include' -I'/__w/gha-build/gha-build/built/Rhtslib/include' -I/usr/local/include   -fpic  -g -O2 -fstack-protector-strong -Wformat -Werror=format-security -Wdate-time -D_FORTIFY_SOURCE=2 -g  -c rle.c -o rle.o
gcc -I"/usr/local/lib/R/include" -DNDEBUG -D_FILE_OFFSET_BITS=64 -I'/__w/gha-build/gha-build/built/S4Vectors/include' -I'/__w/gha-build/gha-build/built/IRanges/include' -I'/__w/gha-build/gha-build/built/XVector/include' -I'/__w/gha-build/gha-build/built/Biostrings/include' -I'/__w/gha-build/gha-build/built/Rhtslib/include' -I/usr/local/include   -fpic  -g -O2 -fstack-protector-strong -Wformat -Werror=format-security -Wdate-time -D_FORTIFY_SOURCE=2 -g  -c strhash.c -o strhash.o
gcc -I"/usr/local/lib/R/include" -DNDEBUG -D_FILE_OFFSET_BITS=64 -I'/__w/gha-build/gha-build/built/S4Vectors/include' -I'/__w/gha-build/gha-build/built/IRanges/include' -I'/__w/gha-build/gha-build/built/XVector/include' -I'/__w/gha-build/gha-build/built/Biostrings/include' -I'/__w/gha-build/gha-build/built/Rhtslib/include' -I/usr/local/include   -fpic  -g -O2 -fstack-protector-strong -Wformat -Werror=format-security -Wdate-time -D_FORTIFY_SOURCE=2 -g  -c utilities.c -o utilities.o
gcc -I"/usr/local/lib/R/include" -DNDEBUG -D_FILE_OFFSET_BITS=64 -I'/__w/gha-build/gha-build/built/S4Vectors/include' -I'/__w/gha-build/gha-build/built/IRanges/include' -I'/__w/gha-build/gha-build/built/XVector/include' -I'/__w/gha-build/gha-build/built/Biostrings/include' -I'/__w/gha-build/gha-build/built/Rhtslib/include' -I/usr/local/include   -fpic  -g -O2 -fstack-protector-strong -Wformat -Werror=format-security -Wdate-time -D_FORTIFY_SOURCE=2 -g  -c vcffile.c -o vcffile.o
gcc -I"/usr/local/lib/R/include" -DNDEBUG -D_FILE_OFFSET_BITS=64 -I'/__w/gha-build/gha-build/built/S4Vectors/include' -I'/__w/gha-build/gha-build/built/IRanges/include' -I'/__w/gha-build/gha-build/built/XVector/include' -I'/__w/gha-build/gha-build/built/Biostrings/include' -I'/__w/gha-build/gha-build/built/Rhtslib/include' -I/usr/local/include   -fpic  -g -O2 -fstack-protector-strong -Wformat -Werror=format-security -Wdate-time -D_FORTIFY_SOURCE=2 -g  -c vcftype.c -o vcftype.o
gcc -I"/usr/local/lib/R/include" -DNDEBUG -D_FILE_OFFSET_BITS=64 -I'/__w/gha-build/gha-build/built/S4Vectors/include' -I'/__w/gha-build/gha-build/built/IRanges/include' -I'/__w/gha-build/gha-build/built/XVector/include' -I'/__w/gha-build/gha-build/built/Biostrings/include' -I'/__w/gha-build/gha-build/built/Rhtslib/include' -I/usr/local/include   -fpic  -g -O2 -fstack-protector-strong -Wformat -Werror=format-security -Wdate-time -D_FORTIFY_SOURCE=2 -g  -c writevcf.c -o writevcf.o
gcc -shared -L/usr/local/lib/R/lib -L/usr/local/lib -o VariantAnnotation.so Biostrings_stubs.o IRanges_stubs.o R_init_VariantAnnotation.o XVector_stubs.o dna_hash.o rle.o strhash.o utilities.o vcffile.o vcftype.o writevcf.o /__w/gha-build/gha-build/built/Rhtslib/usrlib/libhts.a -lcurl -L/usr/local/lib/R/lib -lR
installing to /__w/gha-build/gha-build/built/00LOCK-VariantAnnotation/00new/VariantAnnotation/libs
** R
** inst
** byte-compile and prepare package for lazy loading
Creating a new generic function for ‘tabulate’ in package ‘VariantAnnotation’
** help
*** installing help indices
** building package indices
** installing vignettes
** testing if installed package can be loaded from temporary location
** checking absolute paths in shared objects and dynamic libraries
** testing if installed package can be loaded from final location
** testing if installed package keeps a record of temporary installation path
* creating tarball
packaged installation of ‘VariantAnnotation’ as ‘VariantAnnotation_1.42.1_R_x86_64-pc-linux-gnu.tar.gz’
* DONE (VariantAnnotation)
