* installing *source* package ‘WGCNA’ ...
** package ‘WGCNA’ successfully unpacked and MD5 sums checked
** using staged installation
** libs
gcc -I"/usr/local/lib/R/include" -DNDEBUG -DWITH_THREADS -I'/__w/gha-build/gha-build/built/Rcpp/include' -I/usr/local/include   -fpic  -g -O2 -fstack-protector-strong -Wformat -Werror=format-security -Wdate-time -D_FORTIFY_SOURCE=2 -g  -c corFunctions-utils.c -o corFunctions-utils.o
gcc -I"/usr/local/lib/R/include" -DNDEBUG -DWITH_THREADS -I'/__w/gha-build/gha-build/built/Rcpp/include' -I/usr/local/include   -fpic  -g -O2 -fstack-protector-strong -Wformat -Werror=format-security -Wdate-time -D_FORTIFY_SOURCE=2 -g  -c corFunctions.c -o corFunctions.o
gcc -I"/usr/local/lib/R/include" -DNDEBUG -DWITH_THREADS -I'/__w/gha-build/gha-build/built/Rcpp/include' -I/usr/local/include   -fpic  -g -O2 -fstack-protector-strong -Wformat -Werror=format-security -Wdate-time -D_FORTIFY_SOURCE=2 -g  -c myMatrixMultiplication.c -o myMatrixMultiplication.o
gcc -I"/usr/local/lib/R/include" -DNDEBUG -DWITH_THREADS -I'/__w/gha-build/gha-build/built/Rcpp/include' -I/usr/local/include   -fpic  -g -O2 -fstack-protector-strong -Wformat -Werror=format-security -Wdate-time -D_FORTIFY_SOURCE=2 -g  -c networkFunctions.c -o networkFunctions.o
g++ -std=gnu++14 -I"/usr/local/lib/R/include" -DNDEBUG -DWITH_THREADS -I'/__w/gha-build/gha-build/built/Rcpp/include' -I/usr/local/include   -fpic  -g -O2 -fstack-protector-strong -Wformat -Werror=format-security -Wdate-time -D_FORTIFY_SOURCE=2 -g  -c parallelQuantile.cc -o parallelQuantile.o
gcc -I"/usr/local/lib/R/include" -DNDEBUG -DWITH_THREADS -I'/__w/gha-build/gha-build/built/Rcpp/include' -I/usr/local/include   -fpic  -g -O2 -fstack-protector-strong -Wformat -Werror=format-security -Wdate-time -D_FORTIFY_SOURCE=2 -g  -c pivot.c -o pivot.o
g++ -std=gnu++14 -shared -L/usr/local/lib/R/lib -L/usr/local/lib -o WGCNA.so corFunctions-utils.o corFunctions.o myMatrixMultiplication.o networkFunctions.o parallelQuantile.o pivot.o -lpthread -L/usr/local/lib/R/lib -lR
installing to /__w/gha-build/gha-build/built/00LOCK-WGCNA/00new/WGCNA/libs
** R
** data
** inst
** byte-compile and prepare package for lazy loading
** help
*** installing help indices
** building package indices
** testing if installed package can be loaded from temporary location
** checking absolute paths in shared objects and dynamic libraries
** testing if installed package can be loaded from final location
** testing if installed package keeps a record of temporary installation path
* creating tarball
packaged installation of ‘WGCNA’ as ‘WGCNA_1.71_R_x86_64-pc-linux-gnu.tar.gz’
* DONE (WGCNA)
